{
  "stats": {
    "suites": 7,
    "tests": 32,
    "passes": 30,
    "pending": 0,
    "failures": 2,
    "start": "2024-01-23T10:43:21.693Z",
    "end": "2024-01-23T10:43:41.417Z",
    "duration": 19724,
    "testsRegistered": 32,
    "passPercent": 93.75,
    "pendingPercent": 0,
    "other": 0,
    "hasOther": false,
    "skipped": 0,
    "hasSkipped": false
  },
  "results": [
    {
      "uuid": "d526c90b-d1dd-43f9-85a9-51401931e874",
      "title": "",
      "fullFile": "cypress/e2e/36-42.recipe_in_progress.cy.js",
      "file": "cypress/e2e/36-42.recipe_in_progress.cy.js",
      "beforeHooks": [],
      "afterHooks": [],
      "tests": [],
      "suites": [
        {
          "uuid": "188e1e89-4a14-4253-af9a-7debcc427789",
          "title": "36 - Desenvolva a tela de modo que contenha uma imagem da receita, o título, a categoria em caso de comidas e se é ou não alcoólico em caso de bebidas, uma lista de ingredientes com suas respectivas quantidades e instruções",
          "fullFile": "",
          "file": "",
          "beforeHooks": [],
          "afterHooks": [],
          "tests": [
            {
              "title": "verifica elementos de uma receita de comida",
              "fullTitle": "36 - Desenvolva a tela de modo que contenha uma imagem da receita, o título, a categoria em caso de comidas e se é ou não alcoólico em caso de bebidas, uma lista de ingredientes com suas respectivas quantidades e instruções verifica elementos de uma receita de comida",
              "timedOut": null,
              "duration": 540,
              "state": "passed",
              "speed": "fast",
              "pass": true,
              "fail": false,
              "pending": false,
              "context": null,
              "code": "cy.visit('http://localhost:3000/meals/52771/in-progress', {\n  onBeforeLoad(win) {\n    win.fetch = fetchMock;\n  }\n});\ncy.get('[data-testid=\"recipe-photo\"]');\ncy.get('[data-testid=\"recipe-title\"]');\ncy.get('[data-testid=\"share-btn\"]');\ncy.get('[data-testid=\"favorite-btn\"]');\ncy.get('[data-testid=\"recipe-category\"]');\ncy.get('[data-testid=\"instructions\"]');\ncy.get('[data-testid=\"finish-recipe-btn\"]');",
              "err": {},
              "uuid": "507cc856-5771-44c3-8f60-0f4c41cced06",
              "parentUUID": "188e1e89-4a14-4253-af9a-7debcc427789",
              "isHook": false,
              "skipped": false
            },
            {
              "title": "verifica elementos de uma receita de bebida",
              "fullTitle": "36 - Desenvolva a tela de modo que contenha uma imagem da receita, o título, a categoria em caso de comidas e se é ou não alcoólico em caso de bebidas, uma lista de ingredientes com suas respectivas quantidades e instruções verifica elementos de uma receita de bebida",
              "timedOut": null,
              "duration": 123,
              "state": "passed",
              "speed": "fast",
              "pass": true,
              "fail": false,
              "pending": false,
              "context": null,
              "code": "cy.visit('http://localhost:3000/drinks/178319/in-progress', {\n  onBeforeLoad(win) {\n    win.fetch = fetchMock;\n  }\n});\ncy.get('[data-testid=\"recipe-photo\"]');\ncy.get('[data-testid=\"recipe-title\"]');\ncy.get('[data-testid=\"share-btn\"]');\ncy.get('[data-testid=\"favorite-btn\"]');\ncy.get('[data-testid=\"recipe-category\"]');\ncy.get('[data-testid=\"instructions\"]');\ncy.get('[data-testid=\"finish-recipe-btn\"]');",
              "err": {},
              "uuid": "c657569f-c058-4743-993b-50c3b535ebd6",
              "parentUUID": "188e1e89-4a14-4253-af9a-7debcc427789",
              "isHook": false,
              "skipped": false
            }
          ],
          "suites": [],
          "passes": [
            "507cc856-5771-44c3-8f60-0f4c41cced06",
            "c657569f-c058-4743-993b-50c3b535ebd6"
          ],
          "failures": [],
          "pending": [],
          "skipped": [],
          "duration": 663,
          "root": false,
          "rootEmpty": false,
          "_timeout": 2000
        },
        {
          "uuid": "00655f5c-a5b2-4f9b-9dce-c237bbadbd62",
          "title": "37 - Desenvolva um checkbox para cada item da lista de ingredientes",
          "fullFile": "",
          "file": "",
          "beforeHooks": [],
          "afterHooks": [],
          "tests": [
            {
              "title": "todos os ingredientes de uma receita de comida possuem um checkbox",
              "fullTitle": "37 - Desenvolva um checkbox para cada item da lista de ingredientes todos os ingredientes de uma receita de comida possuem um checkbox",
              "timedOut": null,
              "duration": 111,
              "state": "passed",
              "speed": "fast",
              "pass": true,
              "fail": false,
              "pending": false,
              "context": null,
              "code": "cy.visit('http://localhost:3000/meals/52771/in-progress', {\n  onBeforeLoad(win) {\n    win.fetch = fetchMock;\n  }\n});\ncy.get('[data-testid*=\"ingredient-step\"]').find('input[type=\"checkbox\"]').should('have.length', 8);",
              "err": {},
              "uuid": "4a7add39-147d-4a61-9179-f426d62701d6",
              "parentUUID": "00655f5c-a5b2-4f9b-9dce-c237bbadbd62",
              "isHook": false,
              "skipped": false
            },
            {
              "title": "todos os ingredientes de uma receita de bebida possuem um checkbox",
              "fullTitle": "37 - Desenvolva um checkbox para cada item da lista de ingredientes todos os ingredientes de uma receita de bebida possuem um checkbox",
              "timedOut": null,
              "duration": 138,
              "state": "passed",
              "speed": "fast",
              "pass": true,
              "fail": false,
              "pending": false,
              "context": null,
              "code": "cy.visit('http://localhost:3000/drinks/178319/in-progress', {\n  onBeforeLoad(win) {\n    win.fetch = fetchMock;\n  }\n});\ncy.get('[data-testid*=\"ingredient-step\"]').find('input[type=\"checkbox\"]').should('have.length', 3);",
              "err": {},
              "uuid": "92e48842-e7f8-4d87-a40e-628d17d5200c",
              "parentUUID": "00655f5c-a5b2-4f9b-9dce-c237bbadbd62",
              "isHook": false,
              "skipped": false
            }
          ],
          "suites": [],
          "passes": [
            "4a7add39-147d-4a61-9179-f426d62701d6",
            "92e48842-e7f8-4d87-a40e-628d17d5200c"
          ],
          "failures": [],
          "pending": [],
          "skipped": [],
          "duration": 249,
          "root": false,
          "rootEmpty": false,
          "_timeout": 2000
        },
        {
          "uuid": "63c23e46-14a8-4f37-a9d3-ec87b70f7196",
          "title": "38 - Implemente uma lógica que ao clicar no checkbox de um ingrediente, o nome dele deve ser \"riscado\" da lista",
          "fullFile": "",
          "file": "",
          "beforeHooks": [],
          "afterHooks": [],
          "tests": [
            {
              "title": "verifica se é possível marcar todos os passos da receita de comida",
              "fullTitle": "38 - Implemente uma lógica que ao clicar no checkbox de um ingrediente, o nome dele deve ser \"riscado\" da lista verifica se é possível marcar todos os passos da receita de comida",
              "timedOut": null,
              "duration": 752,
              "state": "passed",
              "speed": "fast",
              "pass": true,
              "fail": false,
              "pending": false,
              "context": null,
              "code": "cy.visit('http://localhost:3000/meals/52771/in-progress', {\n  onBeforeLoad(win) {\n    win.fetch = fetchMock;\n  }\n});\ngetIngredients().check();\ncy.get('[data-testid*=\"ingredient-step\"]').should('have.css', 'text-decoration', 'line-through solid rgb(0, 0, 0)');",
              "err": {},
              "uuid": "ada0ef49-cdfd-47a5-b389-70593445e530",
              "parentUUID": "63c23e46-14a8-4f37-a9d3-ec87b70f7196",
              "isHook": false,
              "skipped": false
            },
            {
              "title": "verifica se é possível marcar todos os passos da receita de bebida",
              "fullTitle": "38 - Implemente uma lógica que ao clicar no checkbox de um ingrediente, o nome dele deve ser \"riscado\" da lista verifica se é possível marcar todos os passos da receita de bebida",
              "timedOut": null,
              "duration": 338,
              "state": "passed",
              "speed": "fast",
              "pass": true,
              "fail": false,
              "pending": false,
              "context": null,
              "code": "cy.visit('http://localhost:3000/drinks/178319/in-progress', {\n  onBeforeLoad(win) {\n    win.fetch = fetchMock;\n  }\n});\ngetIngredients().check();\ncy.get('[data-testid*=\"ingredient-step\"]').should('have.css', 'text-decoration', 'line-through solid rgb(0, 0, 0)');",
              "err": {},
              "uuid": "cbb72128-6ef6-42c2-9607-e04ca73cd1c2",
              "parentUUID": "63c23e46-14a8-4f37-a9d3-ec87b70f7196",
              "isHook": false,
              "skipped": false
            },
            {
              "title": "Verifica a cobertura de 45% da Tela de Progresso da Receita",
              "fullTitle": "38 - Implemente uma lógica que ao clicar no checkbox de um ingrediente, o nome dele deve ser \"riscado\" da lista Verifica a cobertura de 45% da Tela de Progresso da Receita",
              "timedOut": null,
              "duration": 3099,
              "state": "failed",
              "speed": null,
              "pass": false,
              "fail": true,
              "pending": false,
              "context": null,
              "code": "cy.getCoverage().its('RecipeInProgress.functions.pct', {\n  timeout: 0\n}).should('be.gte', 45.00);\ncy.getCoverage().its('RecipeInProgress.branches.pct', {\n  timeout: 0\n}).should('be.gte', 45.00);",
              "err": {
                "message": "CypressError: `cy.task('getCoverage')` failed with the following error:\n\n> Command failed: npm run cy-coverage ./src\n⎯⎯⎯⎯⎯⎯⎯ Failed Tests 1 ⎯⎯⎯⎯⎯⎯⎯\n\n FAIL  src/tests/App.test.tsx > Farewell, front-end\nTestingLibraryElementError: Unable to find an element with the text: /TRYBE/i. This could be because the text is broken up by multiple elements. In this case, you can provide a function for your text matcher to make your matcher more flexible.\n\nIgnored nodes: comments, script, style\n<body>\n  <div>\n    <div>\n      <form>\n        <label\n          for=\"email-input\"\n        >\n          Email:\n          <input\n            data-testid=\"email-input\"\n            type=\"email\"\n          />\n        </label>\n        <label\n          for=\"password-input\"\n        >\n          Senha:\n          <input\n            data-testid=\"password-input\"\n            type=\"password\"\n          />\n        </label>\n        <button\n          data-testid=\"login-submit-btn\"\n        >\n          Enter\n        </button>\n      </form>\n    </div>\n  </div>\n</body>\n ❯ Object.getElementError node_modules/@testing-library/dom/dist/config.js:37:19\n ❯ node_modules/@testing-library/dom/dist/query-helpers.js:76:38\n ❯ node_modules/@testing-library/dom/dist/query-helpers.js:52:17\n ❯ getByText node_modules/@testing-library/dom/dist/query-helpers.js:95:19\n ❯ src/tests/App.test.tsx:8:30\n      6|   // Este arquivo pode ser modificado ou deletado sem problemas\n      7|   render(<App />);\n      8|   const linkElement = screen.getByText(/TRYBE/i);\n       |                              ^\n      9|   expect(linkElement).toBeInTheDocument();\n     10| });\n\n⎯⎯⎯⎯⎯⎯⎯⎯⎯⎯⎯⎯⎯⎯⎯⎯⎯⎯⎯⎯⎯⎯⎯⎯[1/1]⎯\n\nhttps://on.cypress.io/api/task",
                "estack": "CypressError: `cy.task('getCoverage')` failed with the following error:\n\n> Command failed: npm run cy-coverage ./src\n⎯⎯⎯⎯⎯⎯⎯ Failed Tests 1 ⎯⎯⎯⎯⎯⎯⎯\n\n FAIL  src/tests/App.test.tsx > Farewell, front-end\nTestingLibraryElementError: Unable to find an element with the text: /TRYBE/i. This could be because the text is broken up by multiple elements. In this case, you can provide a function for your text matcher to make your matcher more flexible.\n\nIgnored nodes: comments, script, style\n<body>\n  <div>\n    <div>\n      <form>\n        <label\n          for=\"email-input\"\n        >\n          Email:\n          <input\n            data-testid=\"email-input\"\n            type=\"email\"\n          />\n        </label>\n        <label\n          for=\"password-input\"\n        >\n          Senha:\n          <input\n            data-testid=\"password-input\"\n            type=\"password\"\n          />\n        </label>\n        <button\n          data-testid=\"login-submit-btn\"\n        >\n          Enter\n        </button>\n      </form>\n    </div>\n  </div>\n</body>\n ❯ Object.getElementError node_modules/@testing-library/dom/dist/config.js:37:19\n ❯ node_modules/@testing-library/dom/dist/query-helpers.js:76:38\n ❯ node_modules/@testing-library/dom/dist/query-helpers.js:52:17\n ❯ getByText node_modules/@testing-library/dom/dist/query-helpers.js:95:19\n ❯ src/tests/App.test.tsx:8:30\n      6|   // Este arquivo pode ser modificado ou deletado sem problemas\n      7|   render(<App />);\n      8|   const linkElement = screen.getByText(/TRYBE/i);\n       |                              ^\n      9|   expect(linkElement).toBeInTheDocument();\n     10| });\n\n⎯⎯⎯⎯⎯⎯⎯⎯⎯⎯⎯⎯⎯⎯⎯⎯⎯⎯⎯⎯⎯⎯⎯⎯[1/1]⎯\n\nhttps://on.cypress.io/api/task\n    at <unknown> (http://localhost:3000/__cypress/runner/cypress_runner.js:135281:70)\n    at tryCatcher (http://localhost:3000/__cypress/runner/cypress_runner.js:1807:23)\n    at Promise._settlePromiseFromHandler (http://localhost:3000/__cypress/runner/cypress_runner.js:1519:31)\n    at Promise._settlePromise (http://localhost:3000/__cypress/runner/cypress_runner.js:1576:18)\n    at Promise._settlePromise0 (http://localhost:3000/__cypress/runner/cypress_runner.js:1621:10)\n    at Promise._settlePromises (http://localhost:3000/__cypress/runner/cypress_runner.js:1697:18)\n    at _drainQueueStep (http://localhost:3000/__cypress/runner/cypress_runner.js:2407:12)\n    at _drainQueue (http://localhost:3000/__cypress/runner/cypress_runner.js:2400:9)\n    at Async._drainQueues (http://localhost:3000/__cypress/runner/cypress_runner.js:2416:5)\n    at Async.drainQueues (http://localhost:3000/__cypress/runner/cypress_runner.js:2286:14)\nFrom Your Spec Code:\n    at Context.eval (webpack://recipes-app-test/./cypress/support/commands.js:26:45)\n\nFrom Node.js Internals:\n  Error: Command failed: npm run cy-coverage ./src\n  ⎯⎯⎯⎯⎯⎯⎯ Failed Tests 1 ⎯⎯⎯⎯⎯⎯⎯\n  \n   FAIL  src/tests/App.test.tsx > Farewell, front-end\n  TestingLibraryElementError: Unable to find an element with the text: /TRYBE/i. This could be because the text is broken up by multiple elements. In this case, you can provide a function for your text matcher to make your matcher more flexible.\n  \n  Ignored nodes: comments, script, style\n  <body>\n    <div>\n      <div>\n        <form>\n          <label\n            for=\"email-input\"\n          >\n            Email:\n            <input\n              data-testid=\"email-input\"\n              type=\"email\"\n            />\n          </label>\n          <label\n            for=\"password-input\"\n          >\n            Senha:\n            <input\n              data-testid=\"password-input\"\n              type=\"password\"\n            />\n          </label>\n          <button\n            data-testid=\"login-submit-btn\"\n          >\n            Enter\n          </button>\n        </form>\n      </div>\n    </div>\n  </body>\n   ❯ Object.getElementError node_modules/@testing-library/dom/dist/config.js:37:19\n   ❯ node_modules/@testing-library/dom/dist/query-helpers.js:76:38\n   ❯ node_modules/@testing-library/dom/dist/query-helpers.js:52:17\n   ❯ getByText node_modules/@testing-library/dom/dist/query-helpers.js:95:19\n   ❯ src/tests/App.test.tsx:8:30\n        6|   // Este arquivo pode ser modificado ou deletado sem problemas\n        7|   render(<App />);\n        8|   const linkElement = screen.getByText(/TRYBE/i);\n         |                              ^\n        9|   expect(linkElement).toBeInTheDocument();\n       10| });\n  \n  ⎯⎯⎯⎯⎯⎯⎯⎯⎯⎯⎯⎯⎯⎯⎯⎯⎯⎯⎯⎯⎯⎯⎯⎯[1/1]⎯\n  \n  \n      at ChildProcess.exithandler (node:child_process:419:12)\n      at ChildProcess.emit (node:events:514:28)\n      at ChildProcess.emit (node:domain:489:12)\n      at maybeClose (node:internal/child_process:1091:16)\n      at Process.ChildProcess._handle.onexit (node:internal/child_process:302:5)",
                "diff": null
              },
              "uuid": "7121a0b8-46f7-4f67-9fa7-997e8fd69998",
              "parentUUID": "63c23e46-14a8-4f37-a9d3-ec87b70f7196",
              "isHook": false,
              "skipped": false
            }
          ],
          "suites": [],
          "passes": [
            "ada0ef49-cdfd-47a5-b389-70593445e530",
            "cbb72128-6ef6-42c2-9607-e04ca73cd1c2"
          ],
          "failures": [
            "7121a0b8-46f7-4f67-9fa7-997e8fd69998"
          ],
          "pending": [],
          "skipped": [],
          "duration": 4189,
          "root": false,
          "rootEmpty": false,
          "_timeout": 2000
        },
        {
          "uuid": "a542cd34-23bb-42a0-b07c-9a072b37ecce",
          "title": "39 - Salve o estado do progresso, que deve ser mantido caso a pessoa atualize a página ou volte para a mesma receita",
          "fullFile": "",
          "file": "",
          "beforeHooks": [],
          "afterHooks": [],
          "tests": [
            {
              "title": "salva o progresso de uma receita de comida em andamento",
              "fullTitle": "39 - Salve o estado do progresso, que deve ser mantido caso a pessoa atualize a página ou volte para a mesma receita salva o progresso de uma receita de comida em andamento",
              "timedOut": null,
              "duration": 1004,
              "state": "passed",
              "speed": "fast",
              "pass": true,
              "fail": false,
              "pending": false,
              "context": null,
              "code": "cy.visit('http://localhost:3000/meals/52771/in-progress', {\n  onBeforeLoad(win) {\n    win.fetch = fetchMock;\n  }\n});\ncy.get('[data-testid=\"0-ingredient-step\"]').find('input[type=\"checkbox\"]').check();\ncy.reload();\ncy.get('[data-testid=\"0-ingredient-step\"]').find('input[type=\"checkbox\"]').should('be.checked');\ncy.get('[data-testid=\"1-ingredient-step\"]').find('input[type=\"checkbox\"]').should('not.be.checked');",
              "err": {},
              "uuid": "606a25e6-548e-40bc-b8c8-278ca173cbef",
              "parentUUID": "a542cd34-23bb-42a0-b07c-9a072b37ecce",
              "isHook": false,
              "skipped": false
            },
            {
              "title": "salva o progresso de uma receita de bebida em andamento",
              "fullTitle": "39 - Salve o estado do progresso, que deve ser mantido caso a pessoa atualize a página ou volte para a mesma receita salva o progresso de uma receita de bebida em andamento",
              "timedOut": null,
              "duration": 868,
              "state": "passed",
              "speed": "fast",
              "pass": true,
              "fail": false,
              "pending": false,
              "context": null,
              "code": "cy.visit('http://localhost:3000/drinks/178319/in-progress', {\n  onBeforeLoad(win) {\n    win.fetch = fetchMock;\n  }\n});\ncy.get('[data-testid=\"0-ingredient-step\"]').find('input[type=\"checkbox\"]').check();\ncy.reload();\ncy.get('[data-testid=\"0-ingredient-step\"]').find('input[type=\"checkbox\"]').should('be.checked');\ncy.get('[data-testid=\"1-ingredient-step\"]').find('input[type=\"checkbox\"]').should('not.be.checked');",
              "err": {},
              "uuid": "e16c3d46-6a17-44af-8d1f-918c6d73977a",
              "parentUUID": "a542cd34-23bb-42a0-b07c-9a072b37ecce",
              "isHook": false,
              "skipped": false
            }
          ],
          "suites": [],
          "passes": [
            "606a25e6-548e-40bc-b8c8-278ca173cbef",
            "e16c3d46-6a17-44af-8d1f-918c6d73977a"
          ],
          "failures": [],
          "pending": [],
          "skipped": [],
          "duration": 1872,
          "root": false,
          "rootEmpty": false,
          "_timeout": 2000
        },
        {
          "uuid": "266c6bad-58eb-46c4-b9ca-d0a52413b402",
          "title": "40 - Desenvolva a lógica de favoritar e compartilhar. A lógica da tela de detalhes de uma receita se aplica aqui",
          "fullFile": "",
          "file": "",
          "beforeHooks": [],
          "afterHooks": [],
          "tests": [
            {
              "title": "verifica se os botões estão disponíveis na tela de detalhes de uma comida",
              "fullTitle": "40 - Desenvolva a lógica de favoritar e compartilhar. A lógica da tela de detalhes de uma receita se aplica aqui verifica se os botões estão disponíveis na tela de detalhes de uma comida",
              "timedOut": null,
              "duration": 140,
              "state": "passed",
              "speed": "fast",
              "pass": true,
              "fail": false,
              "pending": false,
              "context": null,
              "code": "cy.visit('http://localhost:3000/meals/52771/in-progress', {\n  onBeforeLoad(win) {\n    win.fetch = fetchMock;\n  }\n});\ncy.get('[data-testid=\"share-btn\"]').should('exist');\ncy.get('[data-testid=\"favorite-btn\"]').should('exist');",
              "err": {},
              "uuid": "5febfb83-8ac1-404f-82ab-1b8da7e1a971",
              "parentUUID": "266c6bad-58eb-46c4-b9ca-d0a52413b402",
              "isHook": false,
              "skipped": false
            },
            {
              "title": "verifica se os botões estão disponíveis na tela de detalhes de uma bebida",
              "fullTitle": "40 - Desenvolva a lógica de favoritar e compartilhar. A lógica da tela de detalhes de uma receita se aplica aqui verifica se os botões estão disponíveis na tela de detalhes de uma bebida",
              "timedOut": null,
              "duration": 106,
              "state": "passed",
              "speed": "fast",
              "pass": true,
              "fail": false,
              "pending": false,
              "context": null,
              "code": "cy.visit('http://localhost:3000/drinks/178319/in-progress', {\n  onBeforeLoad(win) {\n    win.fetch = fetchMock;\n  }\n});\ncy.get('[data-testid=\"share-btn\"]').should('exist');\ncy.get('[data-testid=\"favorite-btn\"]').should('exist');",
              "err": {},
              "uuid": "91a4d6a1-661b-4c79-94b1-b9361223f16f",
              "parentUUID": "266c6bad-58eb-46c4-b9ca-d0a52413b402",
              "isHook": false,
              "skipped": false
            },
            {
              "title": "verifica a mensagem \"Link copied!\" e se o link da receita da comida foi copiado para o clipboard",
              "fullTitle": "40 - Desenvolva a lógica de favoritar e compartilhar. A lógica da tela de detalhes de uma receita se aplica aqui verifica a mensagem \"Link copied!\" e se o link da receita da comida foi copiado para o clipboard",
              "timedOut": null,
              "duration": 187,
              "state": "passed",
              "speed": "fast",
              "pass": true,
              "fail": false,
              "pending": false,
              "context": null,
              "code": "cy.visit('http://localhost:3000/meals/52771/in-progress', {\n  onBeforeLoad(win) {\n    win.fetch = fetchMock;\n    cy.stub(win.navigator.clipboard, 'writeText').resolves('URL').as('clipboard');\n  }\n});\ncy.get('[data-testid=\"share-btn\"]').click();\ncy.contains('Link copied!');\ncy.get('@clipboard').should('be.calledWithExactly', `http://localhost:3000/meals/52771`);",
              "err": {},
              "uuid": "1948e84a-9652-4625-9161-efbd168db340",
              "parentUUID": "266c6bad-58eb-46c4-b9ca-d0a52413b402",
              "isHook": false,
              "skipped": false
            },
            {
              "title": "verifica a mensagem \"Link copied!\" e se o link da receita da bebida foi copiado para o clipboard",
              "fullTitle": "40 - Desenvolva a lógica de favoritar e compartilhar. A lógica da tela de detalhes de uma receita se aplica aqui verifica a mensagem \"Link copied!\" e se o link da receita da bebida foi copiado para o clipboard",
              "timedOut": null,
              "duration": 191,
              "state": "passed",
              "speed": "fast",
              "pass": true,
              "fail": false,
              "pending": false,
              "context": null,
              "code": "cy.visit('http://localhost:3000/drinks/178319/in-progress', {\n  onBeforeLoad(win) {\n    win.fetch = fetchMock;\n    cy.stub(win.navigator.clipboard, 'writeText').resolves('URL').as('clipboard');\n  }\n});\ncy.get('[data-testid=\"share-btn\"]').click();\ncy.contains('Link copied!');\ncy.get('@clipboard').should('be.calledWithExactly', `http://localhost:3000/drinks/178319`);",
              "err": {},
              "uuid": "b0b73291-0238-4540-89ed-caf0efa7cb3c",
              "parentUUID": "266c6bad-58eb-46c4-b9ca-d0a52413b402",
              "isHook": false,
              "skipped": false
            },
            {
              "title": "verifica comida favoritada",
              "fullTitle": "40 - Desenvolva a lógica de favoritar e compartilhar. A lógica da tela de detalhes de uma receita se aplica aqui verifica comida favoritada",
              "timedOut": null,
              "duration": 103,
              "state": "passed",
              "speed": "fast",
              "pass": true,
              "fail": false,
              "pending": false,
              "context": null,
              "code": "cy.visit('http://localhost:3000/meals/52771/in-progress', {\n  onBeforeLoad(win) {\n    const favoriteRecipes = [{\n      \"id\": \"52771\",\n      \"type\": \"meal\",\n      \"nationality\": \"Italian\",\n      \"category\": \"Vegetarian\",\n      \"alcoholicOrNot\": \"\",\n      \"name\": \"Spicy Arrabiata Penne\",\n      \"image\": \"https://www.themealdb.com/images/media/meals/ustsqw1468250014.jpg\"\n    }];\n    localStorage.setItem('favoriteRecipes', JSON.stringify(favoriteRecipes));\n    win.fetch = fetchMock;\n  }\n});\ncy.get('[data-testid=\"favorite-btn\"]').should('have.attr', 'src').should('include', 'blackHeartIcon');",
              "err": {},
              "uuid": "3eea9c3f-59d6-4b93-a5c6-698a14c1bde8",
              "parentUUID": "266c6bad-58eb-46c4-b9ca-d0a52413b402",
              "isHook": false,
              "skipped": false
            },
            {
              "title": "verifica comida não favoritada",
              "fullTitle": "40 - Desenvolva a lógica de favoritar e compartilhar. A lógica da tela de detalhes de uma receita se aplica aqui verifica comida não favoritada",
              "timedOut": null,
              "duration": 104,
              "state": "passed",
              "speed": "fast",
              "pass": true,
              "fail": false,
              "pending": false,
              "context": null,
              "code": "cy.visit('http://localhost:3000/meals/52771/in-progress', {\n  onBeforeLoad(win) {\n    win.fetch = fetchMock;\n  }\n});\ncy.get('[data-testid=\"favorite-btn\"]').should('have.attr', 'src').should('include', 'whiteHeartIcon');",
              "err": {},
              "uuid": "bcec00d3-1179-435b-92fc-c6e61ab87094",
              "parentUUID": "266c6bad-58eb-46c4-b9ca-d0a52413b402",
              "isHook": false,
              "skipped": false
            },
            {
              "title": "verifica bebida favoritada",
              "fullTitle": "40 - Desenvolva a lógica de favoritar e compartilhar. A lógica da tela de detalhes de uma receita se aplica aqui verifica bebida favoritada",
              "timedOut": null,
              "duration": 109,
              "state": "passed",
              "speed": "fast",
              "pass": true,
              "fail": false,
              "pending": false,
              "context": null,
              "code": "cy.visit('http://localhost:3000/drinks/178319/in-progress', {\n  onBeforeLoad(win) {\n    const favoriteRecipes = [{\n      \"id\": \"178319\",\n      \"type\": \"drink\",\n      \"nationality\": \"\",\n      \"category\": \"Cocktail\",\n      \"alcoholicOrNot\": \"Alcoholic\",\n      \"name\": \"Aquamarine\",\n      \"image\": \"https://www.thecocktaildb.com/images/media/drink/zvsre31572902738.jpg\"\n    }];\n    localStorage.setItem('favoriteRecipes', JSON.stringify(favoriteRecipes));\n    win.fetch = fetchMock;\n  }\n});\ncy.get('[data-testid=\"favorite-btn\"]').should('have.attr', 'src').should('include', 'blackHeartIcon');",
              "err": {},
              "uuid": "949e9286-fca3-43d4-8e49-9670e98b7a9d",
              "parentUUID": "266c6bad-58eb-46c4-b9ca-d0a52413b402",
              "isHook": false,
              "skipped": false
            },
            {
              "title": "verifica bebida não favoritada",
              "fullTitle": "40 - Desenvolva a lógica de favoritar e compartilhar. A lógica da tela de detalhes de uma receita se aplica aqui verifica bebida não favoritada",
              "timedOut": null,
              "duration": 132,
              "state": "passed",
              "speed": "fast",
              "pass": true,
              "fail": false,
              "pending": false,
              "context": null,
              "code": "cy.visit('http://localhost:3000/drinks/178319/in-progress', {\n  onBeforeLoad(win) {\n    win.fetch = fetchMock;\n  }\n});\ncy.get('[data-testid=\"favorite-btn\"]').should('have.attr', 'src').should('include', 'whiteHeartIcon');",
              "err": {},
              "uuid": "cb00ffba-d0ed-4c6e-826d-73ea57b2cd78",
              "parentUUID": "266c6bad-58eb-46c4-b9ca-d0a52413b402",
              "isHook": false,
              "skipped": false
            },
            {
              "title": "favorita comida",
              "fullTitle": "40 - Desenvolva a lógica de favoritar e compartilhar. A lógica da tela de detalhes de uma receita se aplica aqui favorita comida",
              "timedOut": null,
              "duration": 238,
              "state": "passed",
              "speed": "fast",
              "pass": true,
              "fail": false,
              "pending": false,
              "context": null,
              "code": "cy.visit('http://localhost:3000/meals/52771/in-progress', {\n  onBeforeLoad(win) {\n    win.fetch = fetchMock;\n  }\n});\ncy.get('[data-testid=\"favorite-btn\"]').should('have.attr', 'src').should('include', 'whiteHeartIcon');\ncy.get('[data-testid=\"favorite-btn\"]').click();\ncy.get('[data-testid=\"favorite-btn\"]').should('have.attr', 'src').should('include', 'blackHeartIcon');\ncy.window().then(win => {\n  const favoriteRecipes = JSON.parse(win.localStorage.getItem('favoriteRecipes'));\n  const expectedFavoriteRecipe = {\n    \"id\": \"52771\",\n    \"type\": \"meal\",\n    \"nationality\": \"Italian\",\n    \"category\": \"Vegetarian\",\n    \"alcoholicOrNot\": \"\",\n    \"name\": \"Spicy Arrabiata Penne\",\n    \"image\": \"https://www.themealdb.com/images/media/meals/ustsqw1468250014.jpg\"\n  };\n  expect(favoriteRecipes[0]).to.deep.equal(expectedFavoriteRecipe);\n});",
              "err": {},
              "uuid": "1b4c1801-936d-43bc-b817-048650379d2a",
              "parentUUID": "266c6bad-58eb-46c4-b9ca-d0a52413b402",
              "isHook": false,
              "skipped": false
            },
            {
              "title": "desfavorita comida",
              "fullTitle": "40 - Desenvolva a lógica de favoritar e compartilhar. A lógica da tela de detalhes de uma receita se aplica aqui desfavorita comida",
              "timedOut": null,
              "duration": 203,
              "state": "passed",
              "speed": "fast",
              "pass": true,
              "fail": false,
              "pending": false,
              "context": null,
              "code": "cy.visit('http://localhost:3000/meals/52771/in-progress', {\n  onBeforeLoad(win) {\n    const favoriteRecipes = [{\n      \"id\": \"52771\",\n      \"type\": \"meal\",\n      \"nationality\": \"Italian\",\n      \"category\": \"Vegetarian\",\n      \"alcoholicOrNot\": \"\",\n      \"name\": \"Spicy Arrabiata Penne\",\n      \"image\": \"https://www.themealdb.com/images/media/meals/ustsqw1468250014.jpg\"\n    }];\n    localStorage.setItem('favoriteRecipes', JSON.stringify(favoriteRecipes));\n    win.fetch = fetchMock;\n  }\n});\ncy.get('[data-testid=\"favorite-btn\"]').should('have.attr', 'src').should('include', 'blackHeartIcon');\ncy.get('[data-testid=\"favorite-btn\"]').click();\ncy.get('[data-testid=\"favorite-btn\"]').should('have.attr', 'src').should('include', 'whiteHeartIcon');",
              "err": {},
              "uuid": "0f9be1a8-e6ac-4290-8a24-07a29e364580",
              "parentUUID": "266c6bad-58eb-46c4-b9ca-d0a52413b402",
              "isHook": false,
              "skipped": false
            },
            {
              "title": "favorita bebida",
              "fullTitle": "40 - Desenvolva a lógica de favoritar e compartilhar. A lógica da tela de detalhes de uma receita se aplica aqui favorita bebida",
              "timedOut": null,
              "duration": 188,
              "state": "passed",
              "speed": "fast",
              "pass": true,
              "fail": false,
              "pending": false,
              "context": null,
              "code": "cy.visit('http://localhost:3000/drinks/178319/in-progress', {\n  onBeforeLoad(win) {\n    win.fetch = fetchMock;\n  }\n});\ncy.get('[data-testid=\"favorite-btn\"]').should('have.attr', 'src').should('include', 'whiteHeartIcon');\ncy.get('[data-testid=\"favorite-btn\"]').click();\ncy.get('[data-testid=\"favorite-btn\"]').should('have.attr', 'src').should('include', 'blackHeartIcon');\ncy.window().then(win => {\n  const favoriteRecipes = JSON.parse(win.localStorage.getItem('favoriteRecipes'));\n  const expectedFavoriteRecipe = {\n    \"id\": \"178319\",\n    \"type\": \"drink\",\n    \"nationality\": \"\",\n    \"category\": \"Cocktail\",\n    \"alcoholicOrNot\": \"Alcoholic\",\n    \"name\": \"Aquamarine\",\n    \"image\": \"https://www.thecocktaildb.com/images/media/drink/zvsre31572902738.jpg\"\n  };\n  expect(favoriteRecipes[0]).to.deep.equal(expectedFavoriteRecipe);\n});",
              "err": {},
              "uuid": "ebd411c9-94a7-46d6-ae2e-fa307ffce518",
              "parentUUID": "266c6bad-58eb-46c4-b9ca-d0a52413b402",
              "isHook": false,
              "skipped": false
            },
            {
              "title": "desfavorita bebida",
              "fullTitle": "40 - Desenvolva a lógica de favoritar e compartilhar. A lógica da tela de detalhes de uma receita se aplica aqui desfavorita bebida",
              "timedOut": null,
              "duration": 212,
              "state": "passed",
              "speed": "fast",
              "pass": true,
              "fail": false,
              "pending": false,
              "context": null,
              "code": "cy.visit('http://localhost:3000/drinks/178319/in-progress', {\n  onBeforeLoad(win) {\n    const favoriteRecipes = [{\n      \"id\": \"178319\",\n      \"type\": \"drink\",\n      \"nationality\": \"\",\n      \"category\": \"Cocktail\",\n      \"alcoholicOrNot\": \"Alcoholic\",\n      \"name\": \"Aquamarine\",\n      \"image\": \"https://www.thecocktaildb.com/images/media/drink/zvsre31572902738.jpg\"\n    }];\n    localStorage.setItem('favoriteRecipes', JSON.stringify(favoriteRecipes));\n    win.fetch = fetchMock;\n  }\n});\ncy.get('[data-testid=\"favorite-btn\"]').should('have.attr', 'src').should('include', 'blackHeartIcon');\ncy.get('[data-testid=\"favorite-btn\"]').click();\ncy.get('[data-testid=\"favorite-btn\"]').should('have.attr', 'src').should('include', 'whiteHeartIcon');",
              "err": {},
              "uuid": "858fa414-aacb-43b1-a3bc-5daa3b408c7b",
              "parentUUID": "266c6bad-58eb-46c4-b9ca-d0a52413b402",
              "isHook": false,
              "skipped": false
            },
            {
              "title": "favorita receita de uma comida",
              "fullTitle": "40 - Desenvolva a lógica de favoritar e compartilhar. A lógica da tela de detalhes de uma receita se aplica aqui favorita receita de uma comida",
              "timedOut": null,
              "duration": 177,
              "state": "passed",
              "speed": "fast",
              "pass": true,
              "fail": false,
              "pending": false,
              "context": null,
              "code": "cy.visit('http://localhost:3000/meals/52771/in-progress', {\n  onBeforeLoad(win) {\n    win.fetch = fetchMock;\n  }\n});\ncy.get('[data-testid=\"favorite-btn\"]').click().then(() => {\n  const favoriteRecipes = JSON.parse(localStorage.getItem('favoriteRecipes'));\n  const expectedFavoriteRecipes = [{\n    id: '52771',\n    type: 'meal',\n    nationality: 'Italian',\n    category: 'Vegetarian',\n    alcoholicOrNot: '',\n    name: 'Spicy Arrabiata Penne',\n    image: 'https://www.themealdb.com/images/media/meals/ustsqw1468250014.jpg'\n  }];\n  expect(favoriteRecipes).to.deep.eq(expectedFavoriteRecipes);\n  localStorage.clear();\n});",
              "err": {},
              "uuid": "cf7f9c12-b28f-43b4-9987-beb9e56fc338",
              "parentUUID": "266c6bad-58eb-46c4-b9ca-d0a52413b402",
              "isHook": false,
              "skipped": false
            },
            {
              "title": "favorita receita de uma bebida",
              "fullTitle": "40 - Desenvolva a lógica de favoritar e compartilhar. A lógica da tela de detalhes de uma receita se aplica aqui favorita receita de uma bebida",
              "timedOut": null,
              "duration": 171,
              "state": "passed",
              "speed": "fast",
              "pass": true,
              "fail": false,
              "pending": false,
              "context": null,
              "code": "cy.visit('http://localhost:3000/drinks/178319/in-progress', {\n  onBeforeLoad(win) {\n    win.fetch = fetchMock;\n  }\n});\ncy.get('[data-testid=\"favorite-btn\"]').click().then(() => {\n  const favoriteRecipes = JSON.parse(localStorage.getItem('favoriteRecipes'));\n  const expectedFavoriteRecipes = [{\n    id: '178319',\n    type: 'drink',\n    nationality: '',\n    category: 'Cocktail',\n    alcoholicOrNot: 'Alcoholic',\n    name: 'Aquamarine',\n    image: 'https://www.thecocktaildb.com/images/media/drink/zvsre31572902738.jpg'\n  }];\n  expect(favoriteRecipes).to.deep.eq(expectedFavoriteRecipes);\n  localStorage.clear();\n});",
              "err": {},
              "uuid": "7d475156-acf5-4ff1-aaf7-4f78e6eff2f2",
              "parentUUID": "266c6bad-58eb-46c4-b9ca-d0a52413b402",
              "isHook": false,
              "skipped": false
            }
          ],
          "suites": [],
          "passes": [
            "5febfb83-8ac1-404f-82ab-1b8da7e1a971",
            "91a4d6a1-661b-4c79-94b1-b9361223f16f",
            "1948e84a-9652-4625-9161-efbd168db340",
            "b0b73291-0238-4540-89ed-caf0efa7cb3c",
            "3eea9c3f-59d6-4b93-a5c6-698a14c1bde8",
            "bcec00d3-1179-435b-92fc-c6e61ab87094",
            "949e9286-fca3-43d4-8e49-9670e98b7a9d",
            "cb00ffba-d0ed-4c6e-826d-73ea57b2cd78",
            "1b4c1801-936d-43bc-b817-048650379d2a",
            "0f9be1a8-e6ac-4290-8a24-07a29e364580",
            "ebd411c9-94a7-46d6-ae2e-fa307ffce518",
            "858fa414-aacb-43b1-a3bc-5daa3b408c7b",
            "cf7f9c12-b28f-43b4-9987-beb9e56fc338",
            "7d475156-acf5-4ff1-aaf7-4f78e6eff2f2"
          ],
          "failures": [],
          "pending": [],
          "skipped": [],
          "duration": 2261,
          "root": false,
          "rootEmpty": false,
          "_timeout": 2000
        },
        {
          "uuid": "57870378-cc1b-4314-9344-03f3d4246147",
          "title": "41 - Implemente a solução de modo que o botão de finalizar receita (\"Finish Recipe\") só pode estar habilitado quando todos os ingredientes estiverem _\"checkados\"_ (marcados)",
          "fullFile": "",
          "file": "",
          "beforeHooks": [],
          "afterHooks": [],
          "tests": [
            {
              "title": "verifica se botão para finalizar está desabilitado em receitas de comidas",
              "fullTitle": "41 - Implemente a solução de modo que o botão de finalizar receita (\"Finish Recipe\") só pode estar habilitado quando todos os ingredientes estiverem _\"checkados\"_ (marcados) verifica se botão para finalizar está desabilitado em receitas de comidas",
              "timedOut": null,
              "duration": 247,
              "state": "passed",
              "speed": "fast",
              "pass": true,
              "fail": false,
              "pending": false,
              "context": null,
              "code": "cy.visit('http://localhost:3000/meals/52771/in-progress', {\n  onBeforeLoad(win) {\n    win.fetch = fetchMock;\n  }\n});\ncy.get('[data-testid*=\"ingredient-step\"]').find('input[type=\"checkbox\"]').first().check();\ncy.get('[data-testid=\"finish-recipe-btn\"]').should('be.disabled');",
              "err": {},
              "uuid": "51f508c7-bdb2-4711-befc-f6b017151322",
              "parentUUID": "57870378-cc1b-4314-9344-03f3d4246147",
              "isHook": false,
              "skipped": false
            },
            {
              "title": "verifica se botão para finalizar está desabilitado em receitas de bebidas",
              "fullTitle": "41 - Implemente a solução de modo que o botão de finalizar receita (\"Finish Recipe\") só pode estar habilitado quando todos os ingredientes estiverem _\"checkados\"_ (marcados) verifica se botão para finalizar está desabilitado em receitas de bebidas",
              "timedOut": null,
              "duration": 216,
              "state": "passed",
              "speed": "fast",
              "pass": true,
              "fail": false,
              "pending": false,
              "context": null,
              "code": "cy.visit('http://localhost:3000/drinks/178319/in-progress', {\n  onBeforeLoad(win) {\n    win.fetch = fetchMock;\n  }\n});\ncy.get('[data-testid*=\"ingredient-step\"]').find('input[type=\"checkbox\"]').first().check();\ncy.get('[data-testid=\"finish-recipe-btn\"]').should('be.disabled');",
              "err": {},
              "uuid": "f919f882-cb93-4bae-baa2-f4e95e1d51db",
              "parentUUID": "57870378-cc1b-4314-9344-03f3d4246147",
              "isHook": false,
              "skipped": false
            },
            {
              "title": "verifica se botão para finalizar está habilitado em receitas de comidas",
              "fullTitle": "41 - Implemente a solução de modo que o botão de finalizar receita (\"Finish Recipe\") só pode estar habilitado quando todos os ingredientes estiverem _\"checkados\"_ (marcados) verifica se botão para finalizar está habilitado em receitas de comidas",
              "timedOut": null,
              "duration": 730,
              "state": "passed",
              "speed": "fast",
              "pass": true,
              "fail": false,
              "pending": false,
              "context": null,
              "code": "cy.visit('http://localhost:3000/meals/52771/in-progress', {\n  onBeforeLoad(win) {\n    win.fetch = fetchMock;\n  }\n});\ncy.get('[data-testid*=\"ingredient-step\"]').find('input[type=\"checkbox\"]').check();\ncy.get('[data-testid=\"finish-recipe-btn\"]').should('be.enabled');",
              "err": {},
              "uuid": "0b21dd65-3b73-4432-bf12-a55cd6821c34",
              "parentUUID": "57870378-cc1b-4314-9344-03f3d4246147",
              "isHook": false,
              "skipped": false
            },
            {
              "title": "verifica se botão para finalizar está habilitado em receitas de bebidas",
              "fullTitle": "41 - Implemente a solução de modo que o botão de finalizar receita (\"Finish Recipe\") só pode estar habilitado quando todos os ingredientes estiverem _\"checkados\"_ (marcados) verifica se botão para finalizar está habilitado em receitas de bebidas",
              "timedOut": null,
              "duration": 350,
              "state": "passed",
              "speed": "fast",
              "pass": true,
              "fail": false,
              "pending": false,
              "context": null,
              "code": "cy.visit('http://localhost:3000/drinks/178319/in-progress', {\n  onBeforeLoad(win) {\n    win.fetch = fetchMock;\n  }\n});\ncy.get('[data-testid*=\"ingredient-step\"]').find('input[type=\"checkbox\"]').check();\ncy.get('[data-testid=\"finish-recipe-btn\"]').should('be.enabled');",
              "err": {},
              "uuid": "e1531132-3397-4404-b156-b7def68d8e48",
              "parentUUID": "57870378-cc1b-4314-9344-03f3d4246147",
              "isHook": false,
              "skipped": false
            }
          ],
          "suites": [],
          "passes": [
            "51f508c7-bdb2-4711-befc-f6b017151322",
            "f919f882-cb93-4bae-baa2-f4e95e1d51db",
            "0b21dd65-3b73-4432-bf12-a55cd6821c34",
            "e1531132-3397-4404-b156-b7def68d8e48"
          ],
          "failures": [],
          "pending": [],
          "skipped": [],
          "duration": 1543,
          "root": false,
          "rootEmpty": false,
          "_timeout": 2000
        },
        {
          "uuid": "038f0099-9202-496f-8ff8-2481d14bbe69",
          "title": "42 - Redirecione a pessoa usuária após clicar no botão de finalizar receita (\"Finish Recipe\"), para a página de receitas feitas, cuja rota deve ser `/done-recipes`",
          "fullFile": "",
          "file": "",
          "beforeHooks": [],
          "afterHooks": [],
          "tests": [
            {
              "title": "adiciona a comida feita no localStorage",
              "fullTitle": "42 - Redirecione a pessoa usuária após clicar no botão de finalizar receita (\"Finish Recipe\"), para a página de receitas feitas, cuja rota deve ser `/done-recipes` adiciona a comida feita no localStorage",
              "timedOut": null,
              "duration": 851,
              "state": "passed",
              "speed": "fast",
              "pass": true,
              "fail": false,
              "pending": false,
              "context": null,
              "code": "cy.visit('http://localhost:3000/meals/52771/in-progress', {\n  onBeforeLoad(win) {\n    win.fetch = fetchMock;\n  }\n});\nconst dateNow = new Date();\ncy.clock(dateNow);\ncy.get('[data-testid*=\"ingredient-step\"]').find('input[type=\"checkbox\"]').check();\ncy.get('[data-testid=\"finish-recipe-btn\"]').click();\ncy.window().then(win => {\n  const doneRecipes = JSON.parse(win.localStorage.getItem('doneRecipes'));\n  const expectedDoneRecipes = {\n    \"id\": \"52771\",\n    \"nationality\": \"Italian\",\n    \"name\": \"Spicy Arrabiata Penne\",\n    \"category\": \"Vegetarian\",\n    \"image\": \"https://www.themealdb.com/images/media/meals/ustsqw1468250014.jpg\",\n    \"tags\": [\"Pasta\", \"Curry\"],\n    \"alcoholicOrNot\": \"\",\n    \"type\": \"meal\",\n    \"doneDate\": dateNow.toISOString()\n  };\n  expect(doneRecipes[0]).to.deep.eq(expectedDoneRecipes);\n});",
              "err": {},
              "uuid": "d02a83f0-03dc-40ab-8991-a53822521dc9",
              "parentUUID": "038f0099-9202-496f-8ff8-2481d14bbe69",
              "isHook": false,
              "skipped": false
            },
            {
              "title": "adiciona a bebida feita no localStorage",
              "fullTitle": "42 - Redirecione a pessoa usuária após clicar no botão de finalizar receita (\"Finish Recipe\"), para a página de receitas feitas, cuja rota deve ser `/done-recipes` adiciona a bebida feita no localStorage",
              "timedOut": null,
              "duration": 420,
              "state": "passed",
              "speed": "fast",
              "pass": true,
              "fail": false,
              "pending": false,
              "context": null,
              "code": "cy.visit('http://localhost:3000/drinks/178319/in-progress', {\n  onBeforeLoad(win) {\n    win.fetch = fetchMock;\n  }\n});\nconst dateNow = new Date();\ncy.clock(dateNow);\ncy.get('[data-testid*=\"ingredient-step\"]').find('input[type=\"checkbox\"]').check();\ncy.get('[data-testid=\"finish-recipe-btn\"]').click();\ncy.window().then(win => {\n  const doneRecipes = JSON.parse(win.localStorage.getItem('doneRecipes'));\n  const expectedDoneRecipes = {\n    \"id\": \"178319\",\n    \"nationality\": \"\",\n    \"name\": \"Aquamarine\",\n    \"category\": \"Cocktail\",\n    \"image\": \"https://www.thecocktaildb.com/images/media/drink/zvsre31572902738.jpg\",\n    \"tags\": [],\n    \"alcoholicOrNot\": \"Alcoholic\",\n    \"type\": \"drink\",\n    \"doneDate\": dateNow.toISOString()\n  };\n  expect(doneRecipes[0]).to.deep.eq(expectedDoneRecipes);\n});",
              "err": {},
              "uuid": "bd35edf0-294a-4483-8e8d-f5723d74038c",
              "parentUUID": "038f0099-9202-496f-8ff8-2481d14bbe69",
              "isHook": false,
              "skipped": false
            },
            {
              "title": "redireciona após concluir uma receita de comida",
              "fullTitle": "42 - Redirecione a pessoa usuária após clicar no botão de finalizar receita (\"Finish Recipe\"), para a página de receitas feitas, cuja rota deve ser `/done-recipes` redireciona após concluir uma receita de comida",
              "timedOut": null,
              "duration": 843,
              "state": "passed",
              "speed": "fast",
              "pass": true,
              "fail": false,
              "pending": false,
              "context": null,
              "code": "cy.visit('http://localhost:3000/meals/52771/in-progress', {\n  onBeforeLoad(win) {\n    win.fetch = fetchMock;\n  }\n});\ncy.get('[data-testid*=\"ingredient-step\"]').find('input[type=\"checkbox\"]').check();\ncy.get('[data-testid=\"finish-recipe-btn\"]').click();\ncy.location().should(loc => expect(loc.pathname).to.eq('/done-recipes'));",
              "err": {},
              "uuid": "c223a0f1-ce91-4252-88d0-5bbaacc463b6",
              "parentUUID": "038f0099-9202-496f-8ff8-2481d14bbe69",
              "isHook": false,
              "skipped": false
            },
            {
              "title": "redireciona após concluir uma receita de bebida",
              "fullTitle": "42 - Redirecione a pessoa usuária após clicar no botão de finalizar receita (\"Finish Recipe\"), para a página de receitas feitas, cuja rota deve ser `/done-recipes` redireciona após concluir uma receita de bebida",
              "timedOut": null,
              "duration": 395,
              "state": "passed",
              "speed": "fast",
              "pass": true,
              "fail": false,
              "pending": false,
              "context": null,
              "code": "cy.visit('http://localhost:3000/drinks/178319/in-progress', {\n  onBeforeLoad(win) {\n    win.fetch = fetchMock;\n  }\n});\nconst dateNow = new Date();\ncy.clock(dateNow);\ncy.get('[data-testid*=\"ingredient-step\"]').find('input[type=\"checkbox\"]').check();\ncy.get('[data-testid=\"finish-recipe-btn\"]').click();\ncy.location().should(loc => expect(loc.pathname).to.eq('/done-recipes'));",
              "err": {},
              "uuid": "968b8971-9114-49c1-a32d-f2e73fb1b9da",
              "parentUUID": "038f0099-9202-496f-8ff8-2481d14bbe69",
              "isHook": false,
              "skipped": false
            },
            {
              "title": "Verifica a cobertura de 90% da Tela de Progresso da Receita",
              "fullTitle": "42 - Redirecione a pessoa usuária após clicar no botão de finalizar receita (\"Finish Recipe\"), para a página de receitas feitas, cuja rota deve ser `/done-recipes` Verifica a cobertura de 90% da Tela de Progresso da Receita",
              "timedOut": null,
              "duration": 3152,
              "state": "failed",
              "speed": null,
              "pass": false,
              "fail": true,
              "pending": false,
              "context": null,
              "code": "cy.getCoverage().its('RecipeInProgress.functions.pct', {\n  timeout: 0\n}).should('be.gte', 90.00);\ncy.getCoverage().its('RecipeInProgress.branches.pct', {\n  timeout: 0\n}).should('be.gte', 90.00);",
              "err": {
                "message": "CypressError: `cy.task('getCoverage')` failed with the following error:\n\n> Command failed: npm run cy-coverage ./src\n⎯⎯⎯⎯⎯⎯⎯ Failed Tests 1 ⎯⎯⎯⎯⎯⎯⎯\n\n FAIL  src/tests/App.test.tsx > Farewell, front-end\nTestingLibraryElementError: Unable to find an element with the text: /TRYBE/i. This could be because the text is broken up by multiple elements. In this case, you can provide a function for your text matcher to make your matcher more flexible.\n\nIgnored nodes: comments, script, style\n<body>\n  <div>\n    <div>\n      <form>\n        <label\n          for=\"email-input\"\n        >\n          Email:\n          <input\n            data-testid=\"email-input\"\n            type=\"email\"\n          />\n        </label>\n        <label\n          for=\"password-input\"\n        >\n          Senha:\n          <input\n            data-testid=\"password-input\"\n            type=\"password\"\n          />\n        </label>\n        <button\n          data-testid=\"login-submit-btn\"\n        >\n          Enter\n        </button>\n      </form>\n    </div>\n  </div>\n</body>\n ❯ Object.getElementError node_modules/@testing-library/dom/dist/config.js:37:19\n ❯ node_modules/@testing-library/dom/dist/query-helpers.js:76:38\n ❯ node_modules/@testing-library/dom/dist/query-helpers.js:52:17\n ❯ getByText node_modules/@testing-library/dom/dist/query-helpers.js:95:19\n ❯ src/tests/App.test.tsx:8:30\n      6|   // Este arquivo pode ser modificado ou deletado sem problemas\n      7|   render(<App />);\n      8|   const linkElement = screen.getByText(/TRYBE/i);\n       |                              ^\n      9|   expect(linkElement).toBeInTheDocument();\n     10| });\n\n⎯⎯⎯⎯⎯⎯⎯⎯⎯⎯⎯⎯⎯⎯⎯⎯⎯⎯⎯⎯⎯⎯⎯⎯[1/1]⎯\n\nhttps://on.cypress.io/api/task",
                "estack": "CypressError: `cy.task('getCoverage')` failed with the following error:\n\n> Command failed: npm run cy-coverage ./src\n⎯⎯⎯⎯⎯⎯⎯ Failed Tests 1 ⎯⎯⎯⎯⎯⎯⎯\n\n FAIL  src/tests/App.test.tsx > Farewell, front-end\nTestingLibraryElementError: Unable to find an element with the text: /TRYBE/i. This could be because the text is broken up by multiple elements. In this case, you can provide a function for your text matcher to make your matcher more flexible.\n\nIgnored nodes: comments, script, style\n<body>\n  <div>\n    <div>\n      <form>\n        <label\n          for=\"email-input\"\n        >\n          Email:\n          <input\n            data-testid=\"email-input\"\n            type=\"email\"\n          />\n        </label>\n        <label\n          for=\"password-input\"\n        >\n          Senha:\n          <input\n            data-testid=\"password-input\"\n            type=\"password\"\n          />\n        </label>\n        <button\n          data-testid=\"login-submit-btn\"\n        >\n          Enter\n        </button>\n      </form>\n    </div>\n  </div>\n</body>\n ❯ Object.getElementError node_modules/@testing-library/dom/dist/config.js:37:19\n ❯ node_modules/@testing-library/dom/dist/query-helpers.js:76:38\n ❯ node_modules/@testing-library/dom/dist/query-helpers.js:52:17\n ❯ getByText node_modules/@testing-library/dom/dist/query-helpers.js:95:19\n ❯ src/tests/App.test.tsx:8:30\n      6|   // Este arquivo pode ser modificado ou deletado sem problemas\n      7|   render(<App />);\n      8|   const linkElement = screen.getByText(/TRYBE/i);\n       |                              ^\n      9|   expect(linkElement).toBeInTheDocument();\n     10| });\n\n⎯⎯⎯⎯⎯⎯⎯⎯⎯⎯⎯⎯⎯⎯⎯⎯⎯⎯⎯⎯⎯⎯⎯⎯[1/1]⎯\n\nhttps://on.cypress.io/api/task\n    at <unknown> (http://localhost:3000/__cypress/runner/cypress_runner.js:135281:70)\n    at tryCatcher (http://localhost:3000/__cypress/runner/cypress_runner.js:1807:23)\n    at Promise._settlePromiseFromHandler (http://localhost:3000/__cypress/runner/cypress_runner.js:1519:31)\n    at Promise._settlePromise (http://localhost:3000/__cypress/runner/cypress_runner.js:1576:18)\n    at Promise._settlePromise0 (http://localhost:3000/__cypress/runner/cypress_runner.js:1621:10)\n    at Promise._settlePromises (http://localhost:3000/__cypress/runner/cypress_runner.js:1697:18)\n    at _drainQueueStep (http://localhost:3000/__cypress/runner/cypress_runner.js:2407:12)\n    at _drainQueue (http://localhost:3000/__cypress/runner/cypress_runner.js:2400:9)\n    at Async._drainQueues (http://localhost:3000/__cypress/runner/cypress_runner.js:2416:5)\n    at Async.drainQueues (http://localhost:3000/__cypress/runner/cypress_runner.js:2286:14)\nFrom Your Spec Code:\n    at Context.eval (webpack://recipes-app-test/./cypress/support/commands.js:26:45)\n\nFrom Node.js Internals:\n  Error: Command failed: npm run cy-coverage ./src\n  ⎯⎯⎯⎯⎯⎯⎯ Failed Tests 1 ⎯⎯⎯⎯⎯⎯⎯\n  \n   FAIL  src/tests/App.test.tsx > Farewell, front-end\n  TestingLibraryElementError: Unable to find an element with the text: /TRYBE/i. This could be because the text is broken up by multiple elements. In this case, you can provide a function for your text matcher to make your matcher more flexible.\n  \n  Ignored nodes: comments, script, style\n  <body>\n    <div>\n      <div>\n        <form>\n          <label\n            for=\"email-input\"\n          >\n            Email:\n            <input\n              data-testid=\"email-input\"\n              type=\"email\"\n            />\n          </label>\n          <label\n            for=\"password-input\"\n          >\n            Senha:\n            <input\n              data-testid=\"password-input\"\n              type=\"password\"\n            />\n          </label>\n          <button\n            data-testid=\"login-submit-btn\"\n          >\n            Enter\n          </button>\n        </form>\n      </div>\n    </div>\n  </body>\n   ❯ Object.getElementError node_modules/@testing-library/dom/dist/config.js:37:19\n   ❯ node_modules/@testing-library/dom/dist/query-helpers.js:76:38\n   ❯ node_modules/@testing-library/dom/dist/query-helpers.js:52:17\n   ❯ getByText node_modules/@testing-library/dom/dist/query-helpers.js:95:19\n   ❯ src/tests/App.test.tsx:8:30\n        6|   // Este arquivo pode ser modificado ou deletado sem problemas\n        7|   render(<App />);\n        8|   const linkElement = screen.getByText(/TRYBE/i);\n         |                              ^\n        9|   expect(linkElement).toBeInTheDocument();\n       10| });\n  \n  ⎯⎯⎯⎯⎯⎯⎯⎯⎯⎯⎯⎯⎯⎯⎯⎯⎯⎯⎯⎯⎯⎯⎯⎯[1/1]⎯\n  \n  \n      at ChildProcess.exithandler (node:child_process:419:12)\n      at ChildProcess.emit (node:events:514:28)\n      at ChildProcess.emit (node:domain:489:12)\n      at maybeClose (node:internal/child_process:1091:16)\n      at Process.ChildProcess._handle.onexit (node:internal/child_process:302:5)",
                "diff": null
              },
              "uuid": "da31124d-a8d9-4cb0-9ab8-36028ef18c5a",
              "parentUUID": "038f0099-9202-496f-8ff8-2481d14bbe69",
              "isHook": false,
              "skipped": false
            }
          ],
          "suites": [],
          "passes": [
            "d02a83f0-03dc-40ab-8991-a53822521dc9",
            "bd35edf0-294a-4483-8e8d-f5723d74038c",
            "c223a0f1-ce91-4252-88d0-5bbaacc463b6",
            "968b8971-9114-49c1-a32d-f2e73fb1b9da"
          ],
          "failures": [
            "da31124d-a8d9-4cb0-9ab8-36028ef18c5a"
          ],
          "pending": [],
          "skipped": [],
          "duration": 5661,
          "root": false,
          "rootEmpty": false,
          "_timeout": 2000
        }
      ],
      "passes": [],
      "failures": [],
      "pending": [],
      "skipped": [],
      "duration": 0,
      "root": true,
      "rootEmpty": true,
      "_timeout": 2000
    }
  ],
  "meta": {
    "mocha": {
      "version": "7.0.1"
    },
    "mochawesome": {
      "options": {
        "quiet": false,
        "reportFilename": "mochawesome",
        "saveHtml": false,
        "saveJson": true,
        "consoleReporter": "spec",
        "useInlineDiffs": false,
        "code": true
      },
      "version": "7.1.3"
    },
    "marge": {
      "options": {
        "id": "default",
        "reportDir": "cypress/reports",
        "overwrite": false,
        "html": false,
        "json": true
      },
      "version": "6.2.0"
    }
  }
}