{
  "stats": {
    "suites": 1,
    "tests": 1,
    "passes": 1,
    "pending": 0,
    "failures": 0,
    "start": "2024-01-26T22:54:43.653Z",
    "end": "2024-01-26T22:54:47.439Z",
    "duration": 3786,
    "testsRegistered": 1,
    "passPercent": 100,
    "pendingPercent": 0,
    "other": 0,
    "hasOther": false,
    "skipped": 0,
    "hasSkipped": false
  },
  "results": [
    {
      "uuid": "dd7f30d4-9292-4fd3-9a7a-3a17bb94dc00",
      "title": "",
      "fullFile": "cypress/e2e/01.coverage.cy.js",
      "file": "cypress/e2e/01.coverage.cy.js",
      "beforeHooks": [],
      "afterHooks": [],
      "tests": [],
      "suites": [
        {
          "uuid": "762b2bdc-1810-4e3e-a844-cb9e5981417a",
          "title": "1 - Desenvolva os testes unitários de maneira que a cobertura seja de, no mínimo, 90%",
          "fullFile": "",
          "file": "",
          "beforeHooks": [],
          "afterHooks": [],
          "tests": [
            {
              "title": "Verifica a cobertura de 90% da aplicação total",
              "fullTitle": "1 - Desenvolva os testes unitários de maneira que a cobertura seja de, no mínimo, 90% Verifica a cobertura de 90% da aplicação total",
              "timedOut": null,
              "duration": 3739,
              "state": "passed",
              "speed": "fast",
              "pass": true,
              "fail": false,
              "pending": false,
              "context": null,
              "code": "cy.getCoverage().its('total.branches.pct', {\n  timeout: 0\n}).should('be.gte', 90.00);",
              "err": {},
              "uuid": "efc50537-7361-4dbb-ae2f-47bde1b13a1d",
              "parentUUID": "762b2bdc-1810-4e3e-a844-cb9e5981417a",
              "isHook": false,
              "skipped": false
            }
          ],
          "suites": [],
          "passes": [
            "efc50537-7361-4dbb-ae2f-47bde1b13a1d"
          ],
          "failures": [],
          "pending": [],
          "skipped": [],
          "duration": 3739,
          "root": false,
          "rootEmpty": false,
          "_timeout": 2000
        }
      ],
      "passes": [],
      "failures": [],
      "pending": [],
      "skipped": [],
      "duration": 0,
      "root": true,
      "rootEmpty": true,
      "_timeout": 2000
    }
  ],
  "meta": {
    "mocha": {
      "version": "7.0.1"
    },
    "mochawesome": {
      "options": {
        "quiet": false,
        "reportFilename": "mochawesome",
        "saveHtml": false,
        "saveJson": true,
        "consoleReporter": "spec",
        "useInlineDiffs": false,
        "code": true
      },
      "version": "7.1.3"
    },
    "marge": {
      "options": {
        "id": "default",
        "reportDir": "cypress/reports",
        "overwrite": false,
        "html": false,
        "json": true
      },
      "version": "6.2.0"
    }
  }
}