{
  "stats": {
    "suites": 1,
    "tests": 1,
    "passes": 0,
    "pending": 0,
    "failures": 1,
    "start": "2024-01-23T10:41:15.196Z",
    "end": "2024-01-23T10:41:18.518Z",
    "duration": 3322,
    "testsRegistered": 1,
    "passPercent": 0,
    "pendingPercent": 0,
    "other": 0,
    "hasOther": false,
    "skipped": 0,
    "hasSkipped": false
  },
  "results": [
    {
      "uuid": "90d18e57-7fb1-4120-906f-d28fb14abf63",
      "title": "",
      "fullFile": "cypress/e2e/01.coverage.cy.js",
      "file": "cypress/e2e/01.coverage.cy.js",
      "beforeHooks": [],
      "afterHooks": [],
      "tests": [],
      "suites": [
        {
          "uuid": "30fc994f-3ae6-4787-8cbc-4b6704823644",
          "title": "1 - Desenvolva os testes unitários de maneira que a cobertura seja de, no mínimo, 90%",
          "fullFile": "",
          "file": "",
          "beforeHooks": [],
          "afterHooks": [],
          "tests": [
            {
              "title": "Verifica a cobertura de 90% da aplicação total",
              "fullTitle": "1 - Desenvolva os testes unitários de maneira que a cobertura seja de, no mínimo, 90% Verifica a cobertura de 90% da aplicação total",
              "timedOut": null,
              "duration": 3168,
              "state": "failed",
              "speed": null,
              "pass": false,
              "fail": true,
              "pending": false,
              "context": null,
              "code": "cy.getCoverage().its('total.branches.pct', {\n  timeout: 0\n}).should('be.gte', 90.00);",
              "err": {
                "message": "CypressError: `cy.task('getCoverage')` failed with the following error:\n\n> Command failed: npm run cy-coverage ./src\n⎯⎯⎯⎯⎯⎯⎯ Failed Tests 1 ⎯⎯⎯⎯⎯⎯⎯\n\n FAIL  src/tests/App.test.tsx > Farewell, front-end\nTestingLibraryElementError: Unable to find an element with the text: /TRYBE/i. This could be because the text is broken up by multiple elements. In this case, you can provide a function for your text matcher to make your matcher more flexible.\n\nIgnored nodes: comments, script, style\n<body>\n  <div>\n    <div>\n      <form>\n        <label\n          for=\"email-input\"\n        >\n          Email:\n          <input\n            data-testid=\"email-input\"\n            type=\"email\"\n          />\n        </label>\n        <label\n          for=\"password-input\"\n        >\n          Senha:\n          <input\n            data-testid=\"password-input\"\n            type=\"password\"\n          />\n        </label>\n        <button\n          data-testid=\"login-submit-btn\"\n        >\n          Enter\n        </button>\n      </form>\n    </div>\n  </div>\n</body>\n ❯ Object.getElementError node_modules/@testing-library/dom/dist/config.js:37:19\n ❯ node_modules/@testing-library/dom/dist/query-helpers.js:76:38\n ❯ node_modules/@testing-library/dom/dist/query-helpers.js:52:17\n ❯ getByText node_modules/@testing-library/dom/dist/query-helpers.js:95:19\n ❯ src/tests/App.test.tsx:8:30\n      6|   // Este arquivo pode ser modificado ou deletado sem problemas\n      7|   render(<App />);\n      8|   const linkElement = screen.getByText(/TRYBE/i);\n       |                              ^\n      9|   expect(linkElement).toBeInTheDocument();\n     10| });\n\n⎯⎯⎯⎯⎯⎯⎯⎯⎯⎯⎯⎯⎯⎯⎯⎯⎯⎯⎯⎯⎯⎯⎯⎯[1/1]⎯\n\nhttps://on.cypress.io/api/task",
                "estack": "CypressError: `cy.task('getCoverage')` failed with the following error:\n\n> Command failed: npm run cy-coverage ./src\n⎯⎯⎯⎯⎯⎯⎯ Failed Tests 1 ⎯⎯⎯⎯⎯⎯⎯\n\n FAIL  src/tests/App.test.tsx > Farewell, front-end\nTestingLibraryElementError: Unable to find an element with the text: /TRYBE/i. This could be because the text is broken up by multiple elements. In this case, you can provide a function for your text matcher to make your matcher more flexible.\n\nIgnored nodes: comments, script, style\n<body>\n  <div>\n    <div>\n      <form>\n        <label\n          for=\"email-input\"\n        >\n          Email:\n          <input\n            data-testid=\"email-input\"\n            type=\"email\"\n          />\n        </label>\n        <label\n          for=\"password-input\"\n        >\n          Senha:\n          <input\n            data-testid=\"password-input\"\n            type=\"password\"\n          />\n        </label>\n        <button\n          data-testid=\"login-submit-btn\"\n        >\n          Enter\n        </button>\n      </form>\n    </div>\n  </div>\n</body>\n ❯ Object.getElementError node_modules/@testing-library/dom/dist/config.js:37:19\n ❯ node_modules/@testing-library/dom/dist/query-helpers.js:76:38\n ❯ node_modules/@testing-library/dom/dist/query-helpers.js:52:17\n ❯ getByText node_modules/@testing-library/dom/dist/query-helpers.js:95:19\n ❯ src/tests/App.test.tsx:8:30\n      6|   // Este arquivo pode ser modificado ou deletado sem problemas\n      7|   render(<App />);\n      8|   const linkElement = screen.getByText(/TRYBE/i);\n       |                              ^\n      9|   expect(linkElement).toBeInTheDocument();\n     10| });\n\n⎯⎯⎯⎯⎯⎯⎯⎯⎯⎯⎯⎯⎯⎯⎯⎯⎯⎯⎯⎯⎯⎯⎯⎯[1/1]⎯\n\nhttps://on.cypress.io/api/task\n    at <unknown> (http://localhost:34245/__cypress/runner/cypress_runner.js:135281:70)\n    at tryCatcher (http://localhost:34245/__cypress/runner/cypress_runner.js:1807:23)\n    at Promise._settlePromiseFromHandler (http://localhost:34245/__cypress/runner/cypress_runner.js:1519:31)\n    at Promise._settlePromise (http://localhost:34245/__cypress/runner/cypress_runner.js:1576:18)\n    at Promise._settlePromise0 (http://localhost:34245/__cypress/runner/cypress_runner.js:1621:10)\n    at Promise._settlePromises (http://localhost:34245/__cypress/runner/cypress_runner.js:1697:18)\n    at _drainQueueStep (http://localhost:34245/__cypress/runner/cypress_runner.js:2407:12)\n    at _drainQueue (http://localhost:34245/__cypress/runner/cypress_runner.js:2400:9)\n    at Async._drainQueues (http://localhost:34245/__cypress/runner/cypress_runner.js:2416:5)\n    at Async.drainQueues (http://localhost:34245/__cypress/runner/cypress_runner.js:2286:14)\nFrom Your Spec Code:\n    at Context.eval (webpack://recipes-app-test/./cypress/support/commands.js:26:45)\n\nFrom Node.js Internals:\n  Error: Command failed: npm run cy-coverage ./src\n  ⎯⎯⎯⎯⎯⎯⎯ Failed Tests 1 ⎯⎯⎯⎯⎯⎯⎯\n  \n   FAIL  src/tests/App.test.tsx > Farewell, front-end\n  TestingLibraryElementError: Unable to find an element with the text: /TRYBE/i. This could be because the text is broken up by multiple elements. In this case, you can provide a function for your text matcher to make your matcher more flexible.\n  \n  Ignored nodes: comments, script, style\n  <body>\n    <div>\n      <div>\n        <form>\n          <label\n            for=\"email-input\"\n          >\n            Email:\n            <input\n              data-testid=\"email-input\"\n              type=\"email\"\n            />\n          </label>\n          <label\n            for=\"password-input\"\n          >\n            Senha:\n            <input\n              data-testid=\"password-input\"\n              type=\"password\"\n            />\n          </label>\n          <button\n            data-testid=\"login-submit-btn\"\n          >\n            Enter\n          </button>\n        </form>\n      </div>\n    </div>\n  </body>\n   ❯ Object.getElementError node_modules/@testing-library/dom/dist/config.js:37:19\n   ❯ node_modules/@testing-library/dom/dist/query-helpers.js:76:38\n   ❯ node_modules/@testing-library/dom/dist/query-helpers.js:52:17\n   ❯ getByText node_modules/@testing-library/dom/dist/query-helpers.js:95:19\n   ❯ src/tests/App.test.tsx:8:30\n        6|   // Este arquivo pode ser modificado ou deletado sem problemas\n        7|   render(<App />);\n        8|   const linkElement = screen.getByText(/TRYBE/i);\n         |                              ^\n        9|   expect(linkElement).toBeInTheDocument();\n       10| });\n  \n  ⎯⎯⎯⎯⎯⎯⎯⎯⎯⎯⎯⎯⎯⎯⎯⎯⎯⎯⎯⎯⎯⎯⎯⎯[1/1]⎯\n  \n  \n      at ChildProcess.exithandler (node:child_process:419:12)\n      at ChildProcess.emit (node:events:514:28)\n      at ChildProcess.emit (node:domain:489:12)\n      at maybeClose (node:internal/child_process:1091:16)\n      at Process.ChildProcess._handle.onexit (node:internal/child_process:302:5)",
                "diff": null
              },
              "uuid": "4a2c3cbd-8f2d-4538-ba5d-b78820241e3d",
              "parentUUID": "30fc994f-3ae6-4787-8cbc-4b6704823644",
              "isHook": false,
              "skipped": false
            }
          ],
          "suites": [],
          "passes": [],
          "failures": [
            "4a2c3cbd-8f2d-4538-ba5d-b78820241e3d"
          ],
          "pending": [],
          "skipped": [],
          "duration": 3168,
          "root": false,
          "rootEmpty": false,
          "_timeout": 2000
        }
      ],
      "passes": [],
      "failures": [],
      "pending": [],
      "skipped": [],
      "duration": 0,
      "root": true,
      "rootEmpty": true,
      "_timeout": 2000
    }
  ],
  "meta": {
    "mocha": {
      "version": "7.0.1"
    },
    "mochawesome": {
      "options": {
        "quiet": false,
        "reportFilename": "mochawesome",
        "saveHtml": false,
        "saveJson": true,
        "consoleReporter": "spec",
        "useInlineDiffs": false,
        "code": true
      },
      "version": "7.1.3"
    },
    "marge": {
      "options": {
        "id": "default",
        "reportDir": "cypress/reports",
        "overwrite": false,
        "html": false,
        "json": true
      },
      "version": "6.2.0"
    }
  }
}