{
  "stats": {
    "suites": 5,
    "tests": 9,
    "passes": 7,
    "pending": 0,
    "failures": 2,
    "start": "2024-01-23T10:41:20.280Z",
    "end": "2024-01-23T10:41:33.527Z",
    "duration": 13247,
    "testsRegistered": 9,
    "passPercent": 77.77777777777779,
    "pendingPercent": 0,
    "other": 0,
    "hasOther": false,
    "skipped": 0,
    "hasSkipped": false
  },
  "results": [
    {
      "uuid": "eca7e35c-03e9-4a29-ad09-62e30ea1e25e",
      "title": "",
      "fullFile": "cypress/e2e/02-06.login.cy.js",
      "file": "cypress/e2e/02-06.login.cy.js",
      "beforeHooks": [],
      "afterHooks": [],
      "tests": [],
      "suites": [
        {
          "uuid": "a958382e-4d60-4b10-bbcd-fd228022527c",
          "title": "2 - Crie todos os elementos que devem respeitar os atributos descritos no protótipo para a tela de login",
          "fullFile": "",
          "file": "",
          "beforeHooks": [],
          "afterHooks": [],
          "tests": [
            {
              "title": "Tem os data-testids email-input, password-input e login-submit-btn",
              "fullTitle": "2 - Crie todos os elementos que devem respeitar os atributos descritos no protótipo para a tela de login Tem os data-testids email-input, password-input e login-submit-btn",
              "timedOut": null,
              "duration": 539,
              "state": "passed",
              "speed": "fast",
              "pass": true,
              "fail": false,
              "pending": false,
              "context": null,
              "code": "cy.visit('http://localhost:3000/');\ncy.get('[data-testid=\"email-input\"]');\ncy.get('[data-testid=\"password-input\"]');\ncy.get('[data-testid=\"login-submit-btn\"]');",
              "err": {},
              "uuid": "feaa61c5-1861-4316-9c19-fecd2d024c1e",
              "parentUUID": "a958382e-4d60-4b10-bbcd-fd228022527c",
              "isHook": false,
              "skipped": false
            }
          ],
          "suites": [],
          "passes": [
            "feaa61c5-1861-4316-9c19-fecd2d024c1e"
          ],
          "failures": [],
          "pending": [],
          "skipped": [],
          "duration": 539,
          "root": false,
          "rootEmpty": false,
          "_timeout": 2000
        },
        {
          "uuid": "75d9d422-bb16-41d7-aa68-c33f31ab64a8",
          "title": "3 - Desenvolva a tela de maneira que a pessoa consiga escrever seu email no input de email e sua senha no input de senha",
          "fullFile": "",
          "file": "",
          "beforeHooks": [],
          "afterHooks": [],
          "tests": [
            {
              "title": "É possível escrever o email e a senha",
              "fullTitle": "3 - Desenvolva a tela de maneira que a pessoa consiga escrever seu email no input de email e sua senha no input de senha É possível escrever o email e a senha",
              "timedOut": null,
              "duration": 826,
              "state": "passed",
              "speed": "fast",
              "pass": true,
              "fail": false,
              "pending": false,
              "context": null,
              "code": "cy.visit('http://localhost:3000/');\ncy.get('[data-testid=\"email-input\"]').type('email@mail.com');\ncy.get('[data-testid=\"email-input\"]').should('have.value', 'email@mail.com');\ncy.get('[data-testid=\"password-input\"]').type('1234567');\ncy.get('[data-testid=\"password-input\"]').should('have.value', '1234567');",
              "err": {},
              "uuid": "d06d0cfb-facf-42dc-9fbf-199713a21ca9",
              "parentUUID": "75d9d422-bb16-41d7-aa68-c33f31ab64a8",
              "isHook": false,
              "skipped": false
            }
          ],
          "suites": [],
          "passes": [
            "d06d0cfb-facf-42dc-9fbf-199713a21ca9"
          ],
          "failures": [],
          "pending": [],
          "skipped": [],
          "duration": 826,
          "root": false,
          "rootEmpty": false,
          "_timeout": 2000
        },
        {
          "uuid": "aebf6026-320a-4a34-bb96-6c701020f2f0",
          "title": "4 - Desenvolva a tela de maneira que o formulário só seja válido após um email válido e uma senha de mais de 6 caracteres serem preenchidos",
          "fullFile": "",
          "file": "",
          "beforeHooks": [],
          "afterHooks": [],
          "tests": [
            {
              "title": "O botão deve estar desativado se o email for inválido",
              "fullTitle": "4 - Desenvolva a tela de maneira que o formulário só seja válido após um email válido e uma senha de mais de 6 caracteres serem preenchidos O botão deve estar desativado se o email for inválido",
              "timedOut": null,
              "duration": 928,
              "state": "passed",
              "speed": "fast",
              "pass": true,
              "fail": false,
              "pending": false,
              "context": null,
              "code": "cy.visit('http://localhost:3000/');\ncy.get('[data-testid=\"login-submit-btn\"]').should('be.disabled');\ncy.get('[data-testid=\"email-input\"]').type('email@mail');\ncy.get('[data-testid=\"password-input\"]').type('1234567');\ncy.get('[data-testid=\"login-submit-btn\"]').should('be.disabled');\ncy.get('[data-testid=\"email-input\"]').clear().type('email.com');\ncy.get('[data-testid=\"login-submit-btn\"]').should('be.disabled');",
              "err": {},
              "uuid": "0ca88f5f-02c7-4eff-82db-a80fbe9326f0",
              "parentUUID": "aebf6026-320a-4a34-bb96-6c701020f2f0",
              "isHook": false,
              "skipped": false
            },
            {
              "title": "O botão deve estar desativado se a senha deve tiver 6 caracteres ou menos",
              "fullTitle": "4 - Desenvolva a tela de maneira que o formulário só seja válido após um email válido e uma senha de mais de 6 caracteres serem preenchidos O botão deve estar desativado se a senha deve tiver 6 caracteres ou menos",
              "timedOut": null,
              "duration": 614,
              "state": "passed",
              "speed": "fast",
              "pass": true,
              "fail": false,
              "pending": false,
              "context": null,
              "code": "cy.visit('http://localhost:3000/');\ncy.get('[data-testid=\"login-submit-btn\"]').should('be.disabled');\ncy.get('[data-testid=\"email-input\"]').type('email@mail.com');\ncy.get('[data-testid=\"password-input\"]').type('123456');\ncy.get('[data-testid=\"login-submit-btn\"]').should('be.disabled');",
              "err": {},
              "uuid": "c3589792-6ef9-4642-81c4-e2b78a83205a",
              "parentUUID": "aebf6026-320a-4a34-bb96-6c701020f2f0",
              "isHook": false,
              "skipped": false
            },
            {
              "title": "O botão deve estar ativado se o email e a senha forem válidos",
              "fullTitle": "4 - Desenvolva a tela de maneira que o formulário só seja válido após um email válido e uma senha de mais de 6 caracteres serem preenchidos O botão deve estar ativado se o email e a senha forem válidos",
              "timedOut": null,
              "duration": 625,
              "state": "passed",
              "speed": "fast",
              "pass": true,
              "fail": false,
              "pending": false,
              "context": null,
              "code": "cy.visit('http://localhost:3000/');\ncy.get('[data-testid=\"login-submit-btn\"]').should('be.disabled');\ncy.get('[data-testid=\"email-input\"]').type('email@mail.com');\ncy.get('[data-testid=\"password-input\"]').type('1234567');\ncy.get('[data-testid=\"login-submit-btn\"]').should('not.be.disabled');",
              "err": {},
              "uuid": "7fbb42a7-34fe-4d58-af0d-5fc7389d5e58",
              "parentUUID": "aebf6026-320a-4a34-bb96-6c701020f2f0",
              "isHook": false,
              "skipped": false
            },
            {
              "title": "Verifica a cobertura de 45% da tela de Login",
              "fullTitle": "4 - Desenvolva a tela de maneira que o formulário só seja válido após um email válido e uma senha de mais de 6 caracteres serem preenchidos Verifica a cobertura de 45% da tela de Login",
              "timedOut": null,
              "duration": 3048,
              "state": "failed",
              "speed": null,
              "pass": false,
              "fail": true,
              "pending": false,
              "context": null,
              "code": "cy.getCoverage().its('Login.functions.pct', {\n  timeout: 0\n}).should('be.gte', 45.00);\ncy.getCoverage().its('Login.branches.pct', {\n  timeout: 0\n}).should('be.gte', 45.00);",
              "err": {
                "message": "CypressError: `cy.task('getCoverage')` failed with the following error:\n\n> Command failed: npm run cy-coverage ./src\n⎯⎯⎯⎯⎯⎯⎯ Failed Tests 1 ⎯⎯⎯⎯⎯⎯⎯\n\n FAIL  src/tests/App.test.tsx > Farewell, front-end\nTestingLibraryElementError: Unable to find an element with the text: /TRYBE/i. This could be because the text is broken up by multiple elements. In this case, you can provide a function for your text matcher to make your matcher more flexible.\n\nIgnored nodes: comments, script, style\n<body>\n  <div>\n    <div>\n      <form>\n        <label\n          for=\"email-input\"\n        >\n          Email:\n          <input\n            data-testid=\"email-input\"\n            type=\"email\"\n          />\n        </label>\n        <label\n          for=\"password-input\"\n        >\n          Senha:\n          <input\n            data-testid=\"password-input\"\n            type=\"password\"\n          />\n        </label>\n        <button\n          data-testid=\"login-submit-btn\"\n        >\n          Enter\n        </button>\n      </form>\n    </div>\n  </div>\n</body>\n ❯ Object.getElementError node_modules/@testing-library/dom/dist/config.js:37:19\n ❯ node_modules/@testing-library/dom/dist/query-helpers.js:76:38\n ❯ node_modules/@testing-library/dom/dist/query-helpers.js:52:17\n ❯ getByText node_modules/@testing-library/dom/dist/query-helpers.js:95:19\n ❯ src/tests/App.test.tsx:8:30\n      6|   // Este arquivo pode ser modificado ou deletado sem problemas\n      7|   render(<App />);\n      8|   const linkElement = screen.getByText(/TRYBE/i);\n       |                              ^\n      9|   expect(linkElement).toBeInTheDocument();\n     10| });\n\n⎯⎯⎯⎯⎯⎯⎯⎯⎯⎯⎯⎯⎯⎯⎯⎯⎯⎯⎯⎯⎯⎯⎯⎯[1/1]⎯\n\nhttps://on.cypress.io/api/task",
                "estack": "CypressError: `cy.task('getCoverage')` failed with the following error:\n\n> Command failed: npm run cy-coverage ./src\n⎯⎯⎯⎯⎯⎯⎯ Failed Tests 1 ⎯⎯⎯⎯⎯⎯⎯\n\n FAIL  src/tests/App.test.tsx > Farewell, front-end\nTestingLibraryElementError: Unable to find an element with the text: /TRYBE/i. This could be because the text is broken up by multiple elements. In this case, you can provide a function for your text matcher to make your matcher more flexible.\n\nIgnored nodes: comments, script, style\n<body>\n  <div>\n    <div>\n      <form>\n        <label\n          for=\"email-input\"\n        >\n          Email:\n          <input\n            data-testid=\"email-input\"\n            type=\"email\"\n          />\n        </label>\n        <label\n          for=\"password-input\"\n        >\n          Senha:\n          <input\n            data-testid=\"password-input\"\n            type=\"password\"\n          />\n        </label>\n        <button\n          data-testid=\"login-submit-btn\"\n        >\n          Enter\n        </button>\n      </form>\n    </div>\n  </div>\n</body>\n ❯ Object.getElementError node_modules/@testing-library/dom/dist/config.js:37:19\n ❯ node_modules/@testing-library/dom/dist/query-helpers.js:76:38\n ❯ node_modules/@testing-library/dom/dist/query-helpers.js:52:17\n ❯ getByText node_modules/@testing-library/dom/dist/query-helpers.js:95:19\n ❯ src/tests/App.test.tsx:8:30\n      6|   // Este arquivo pode ser modificado ou deletado sem problemas\n      7|   render(<App />);\n      8|   const linkElement = screen.getByText(/TRYBE/i);\n       |                              ^\n      9|   expect(linkElement).toBeInTheDocument();\n     10| });\n\n⎯⎯⎯⎯⎯⎯⎯⎯⎯⎯⎯⎯⎯⎯⎯⎯⎯⎯⎯⎯⎯⎯⎯⎯[1/1]⎯\n\nhttps://on.cypress.io/api/task\n    at <unknown> (http://localhost:3000/__cypress/runner/cypress_runner.js:135281:70)\n    at tryCatcher (http://localhost:3000/__cypress/runner/cypress_runner.js:1807:23)\n    at Promise._settlePromiseFromHandler (http://localhost:3000/__cypress/runner/cypress_runner.js:1519:31)\n    at Promise._settlePromise (http://localhost:3000/__cypress/runner/cypress_runner.js:1576:18)\n    at Promise._settlePromise0 (http://localhost:3000/__cypress/runner/cypress_runner.js:1621:10)\n    at Promise._settlePromises (http://localhost:3000/__cypress/runner/cypress_runner.js:1697:18)\n    at _drainQueueStep (http://localhost:3000/__cypress/runner/cypress_runner.js:2407:12)\n    at _drainQueue (http://localhost:3000/__cypress/runner/cypress_runner.js:2400:9)\n    at Async._drainQueues (http://localhost:3000/__cypress/runner/cypress_runner.js:2416:5)\n    at Async.drainQueues (http://localhost:3000/__cypress/runner/cypress_runner.js:2286:14)\nFrom Your Spec Code:\n    at Context.eval (webpack://recipes-app-test/./cypress/support/commands.js:26:45)\n\nFrom Node.js Internals:\n  Error: Command failed: npm run cy-coverage ./src\n  ⎯⎯⎯⎯⎯⎯⎯ Failed Tests 1 ⎯⎯⎯⎯⎯⎯⎯\n  \n   FAIL  src/tests/App.test.tsx > Farewell, front-end\n  TestingLibraryElementError: Unable to find an element with the text: /TRYBE/i. This could be because the text is broken up by multiple elements. In this case, you can provide a function for your text matcher to make your matcher more flexible.\n  \n  Ignored nodes: comments, script, style\n  <body>\n    <div>\n      <div>\n        <form>\n          <label\n            for=\"email-input\"\n          >\n            Email:\n            <input\n              data-testid=\"email-input\"\n              type=\"email\"\n            />\n          </label>\n          <label\n            for=\"password-input\"\n          >\n            Senha:\n            <input\n              data-testid=\"password-input\"\n              type=\"password\"\n            />\n          </label>\n          <button\n            data-testid=\"login-submit-btn\"\n          >\n            Enter\n          </button>\n        </form>\n      </div>\n    </div>\n  </body>\n   ❯ Object.getElementError node_modules/@testing-library/dom/dist/config.js:37:19\n   ❯ node_modules/@testing-library/dom/dist/query-helpers.js:76:38\n   ❯ node_modules/@testing-library/dom/dist/query-helpers.js:52:17\n   ❯ getByText node_modules/@testing-library/dom/dist/query-helpers.js:95:19\n   ❯ src/tests/App.test.tsx:8:30\n        6|   // Este arquivo pode ser modificado ou deletado sem problemas\n        7|   render(<App />);\n        8|   const linkElement = screen.getByText(/TRYBE/i);\n         |                              ^\n        9|   expect(linkElement).toBeInTheDocument();\n       10| });\n  \n  ⎯⎯⎯⎯⎯⎯⎯⎯⎯⎯⎯⎯⎯⎯⎯⎯⎯⎯⎯⎯⎯⎯⎯⎯[1/1]⎯\n  \n  \n      at ChildProcess.exithandler (node:child_process:419:12)\n      at ChildProcess.emit (node:events:514:28)\n      at ChildProcess.emit (node:domain:489:12)\n      at maybeClose (node:internal/child_process:1091:16)\n      at Process.ChildProcess._handle.onexit (node:internal/child_process:302:5)",
                "diff": null
              },
              "uuid": "a21c4a39-3179-4019-9bd2-802586c65bdd",
              "parentUUID": "aebf6026-320a-4a34-bb96-6c701020f2f0",
              "isHook": false,
              "skipped": false
            }
          ],
          "suites": [],
          "passes": [
            "0ca88f5f-02c7-4eff-82db-a80fbe9326f0",
            "c3589792-6ef9-4642-81c4-e2b78a83205a",
            "7fbb42a7-34fe-4d58-af0d-5fc7389d5e58"
          ],
          "failures": [
            "a21c4a39-3179-4019-9bd2-802586c65bdd"
          ],
          "pending": [],
          "skipped": [],
          "duration": 5215,
          "root": false,
          "rootEmpty": false,
          "_timeout": 2000
        },
        {
          "uuid": "c0a04a7f-9e34-4b20-8b6a-1c118f9ef258",
          "title": "5 - Após a submissão do formulário, salve no localStorage o e-mail da pessoa usuária na chave `user`",
          "fullFile": "",
          "file": "",
          "beforeHooks": [],
          "afterHooks": [],
          "tests": [
            {
              "title": "Após o login, os dados devem estar salvos no localStorage",
              "fullTitle": "5 - Após a submissão do formulário, salve no localStorage o e-mail da pessoa usuária na chave `user` Após o login, os dados devem estar salvos no localStorage",
              "timedOut": null,
              "duration": 744,
              "state": "passed",
              "speed": "fast",
              "pass": true,
              "fail": false,
              "pending": false,
              "context": null,
              "code": "cy.visit('http://localhost:3000/', {\n  onBeforeLoad(win) {\n    win.localStorage.clear();\n  }\n});\ncy.get('[data-testid=\"login-submit-btn\"]').should('be.disabled');\ncy.get('[data-testid=\"email-input\"]').type('email@mail.com');\ncy.get('[data-testid=\"password-input\"]').type('1234567');\ncy.get('[data-testid=\"login-submit-btn\"]').click();\ncy.window().then(win => {\n  expect(JSON.parse(win.localStorage.getItem('user'))).to.deep.eq({\n    email: 'email@mail.com'\n  });\n  win.localStorage.clear();\n});",
              "err": {},
              "uuid": "bcadfba9-ba09-4059-a0e8-e428bf811c45",
              "parentUUID": "c0a04a7f-9e34-4b20-8b6a-1c118f9ef258",
              "isHook": false,
              "skipped": false
            }
          ],
          "suites": [],
          "passes": [
            "bcadfba9-ba09-4059-a0e8-e428bf811c45"
          ],
          "failures": [],
          "pending": [],
          "skipped": [],
          "duration": 744,
          "root": false,
          "rootEmpty": false,
          "_timeout": 2000
        },
        {
          "uuid": "2d12b8a5-344d-41e6-81ae-c5a52d699f74",
          "title": "6 - Redirecione a pessoa usuária para a tela principal de receitas de comidas após a submissão e validação com sucesso do login",
          "fullFile": "",
          "file": "",
          "beforeHooks": [],
          "afterHooks": [],
          "tests": [
            {
              "title": "A rota muda para a tela principal de receitas de comidas",
              "fullTitle": "6 - Redirecione a pessoa usuária para a tela principal de receitas de comidas após a submissão e validação com sucesso do login A rota muda para a tela principal de receitas de comidas",
              "timedOut": null,
              "duration": 780,
              "state": "passed",
              "speed": "fast",
              "pass": true,
              "fail": false,
              "pending": false,
              "context": null,
              "code": "cy.visit('http://localhost:3000/', {\n  onBeforeLoad(win) {\n    win.localStorage.clear();\n  }\n});\ncy.get('[data-testid=\"login-submit-btn\"]').should('be.disabled');\ncy.window().then(win => {\n  expect(win.localStorage.getItem('user')).to.be.null;\n});\ncy.get('[data-testid=\"email-input\"]').type('email@mail.com');\ncy.get('[data-testid=\"password-input\"]').type('1234567');\ncy.get('[data-testid=\"login-submit-btn\"]').click();\ncy.location().should(loc => expect(loc.pathname).to.eq('/meals'));\ncy.window().then(win => {\n  win.localStorage.clear();\n});",
              "err": {},
              "uuid": "069f98ce-51a4-45a8-a477-b480cd65c039",
              "parentUUID": "2d12b8a5-344d-41e6-81ae-c5a52d699f74",
              "isHook": false,
              "skipped": false
            },
            {
              "title": "Verifica a cobertura de 90% da tela de Login",
              "fullTitle": "6 - Redirecione a pessoa usuária para a tela principal de receitas de comidas após a submissão e validação com sucesso do login Verifica a cobertura de 90% da tela de Login",
              "timedOut": null,
              "duration": 3138,
              "state": "failed",
              "speed": null,
              "pass": false,
              "fail": true,
              "pending": false,
              "context": null,
              "code": "cy.getCoverage().its('Login.functions.pct', {\n  timeout: 0\n}).should('be.gte', 90.00);\ncy.getCoverage().its('Login.branches.pct', {\n  timeout: 0\n}).should('be.gte', 90.00);",
              "err": {
                "message": "CypressError: `cy.task('getCoverage')` failed with the following error:\n\n> Command failed: npm run cy-coverage ./src\n⎯⎯⎯⎯⎯⎯⎯ Failed Tests 1 ⎯⎯⎯⎯⎯⎯⎯\n\n FAIL  src/tests/App.test.tsx > Farewell, front-end\nTestingLibraryElementError: Unable to find an element with the text: /TRYBE/i. This could be because the text is broken up by multiple elements. In this case, you can provide a function for your text matcher to make your matcher more flexible.\n\nIgnored nodes: comments, script, style\n<body>\n  <div>\n    <div>\n      <form>\n        <label\n          for=\"email-input\"\n        >\n          Email:\n          <input\n            data-testid=\"email-input\"\n            type=\"email\"\n          />\n        </label>\n        <label\n          for=\"password-input\"\n        >\n          Senha:\n          <input\n            data-testid=\"password-input\"\n            type=\"password\"\n          />\n        </label>\n        <button\n          data-testid=\"login-submit-btn\"\n        >\n          Enter\n        </button>\n      </form>\n    </div>\n  </div>\n</body>\n ❯ Object.getElementError node_modules/@testing-library/dom/dist/config.js:37:19\n ❯ node_modules/@testing-library/dom/dist/query-helpers.js:76:38\n ❯ node_modules/@testing-library/dom/dist/query-helpers.js:52:17\n ❯ getByText node_modules/@testing-library/dom/dist/query-helpers.js:95:19\n ❯ src/tests/App.test.tsx:8:30\n      6|   // Este arquivo pode ser modificado ou deletado sem problemas\n      7|   render(<App />);\n      8|   const linkElement = screen.getByText(/TRYBE/i);\n       |                              ^\n      9|   expect(linkElement).toBeInTheDocument();\n     10| });\n\n⎯⎯⎯⎯⎯⎯⎯⎯⎯⎯⎯⎯⎯⎯⎯⎯⎯⎯⎯⎯⎯⎯⎯⎯[1/1]⎯\n\nhttps://on.cypress.io/api/task",
                "estack": "CypressError: `cy.task('getCoverage')` failed with the following error:\n\n> Command failed: npm run cy-coverage ./src\n⎯⎯⎯⎯⎯⎯⎯ Failed Tests 1 ⎯⎯⎯⎯⎯⎯⎯\n\n FAIL  src/tests/App.test.tsx > Farewell, front-end\nTestingLibraryElementError: Unable to find an element with the text: /TRYBE/i. This could be because the text is broken up by multiple elements. In this case, you can provide a function for your text matcher to make your matcher more flexible.\n\nIgnored nodes: comments, script, style\n<body>\n  <div>\n    <div>\n      <form>\n        <label\n          for=\"email-input\"\n        >\n          Email:\n          <input\n            data-testid=\"email-input\"\n            type=\"email\"\n          />\n        </label>\n        <label\n          for=\"password-input\"\n        >\n          Senha:\n          <input\n            data-testid=\"password-input\"\n            type=\"password\"\n          />\n        </label>\n        <button\n          data-testid=\"login-submit-btn\"\n        >\n          Enter\n        </button>\n      </form>\n    </div>\n  </div>\n</body>\n ❯ Object.getElementError node_modules/@testing-library/dom/dist/config.js:37:19\n ❯ node_modules/@testing-library/dom/dist/query-helpers.js:76:38\n ❯ node_modules/@testing-library/dom/dist/query-helpers.js:52:17\n ❯ getByText node_modules/@testing-library/dom/dist/query-helpers.js:95:19\n ❯ src/tests/App.test.tsx:8:30\n      6|   // Este arquivo pode ser modificado ou deletado sem problemas\n      7|   render(<App />);\n      8|   const linkElement = screen.getByText(/TRYBE/i);\n       |                              ^\n      9|   expect(linkElement).toBeInTheDocument();\n     10| });\n\n⎯⎯⎯⎯⎯⎯⎯⎯⎯⎯⎯⎯⎯⎯⎯⎯⎯⎯⎯⎯⎯⎯⎯⎯[1/1]⎯\n\nhttps://on.cypress.io/api/task\n    at <unknown> (http://localhost:3000/__cypress/runner/cypress_runner.js:135281:70)\n    at tryCatcher (http://localhost:3000/__cypress/runner/cypress_runner.js:1807:23)\n    at Promise._settlePromiseFromHandler (http://localhost:3000/__cypress/runner/cypress_runner.js:1519:31)\n    at Promise._settlePromise (http://localhost:3000/__cypress/runner/cypress_runner.js:1576:18)\n    at Promise._settlePromise0 (http://localhost:3000/__cypress/runner/cypress_runner.js:1621:10)\n    at Promise._settlePromises (http://localhost:3000/__cypress/runner/cypress_runner.js:1697:18)\n    at _drainQueueStep (http://localhost:3000/__cypress/runner/cypress_runner.js:2407:12)\n    at _drainQueue (http://localhost:3000/__cypress/runner/cypress_runner.js:2400:9)\n    at Async._drainQueues (http://localhost:3000/__cypress/runner/cypress_runner.js:2416:5)\n    at Async.drainQueues (http://localhost:3000/__cypress/runner/cypress_runner.js:2286:14)\nFrom Your Spec Code:\n    at Context.eval (webpack://recipes-app-test/./cypress/support/commands.js:26:45)\n\nFrom Node.js Internals:\n  Error: Command failed: npm run cy-coverage ./src\n  ⎯⎯⎯⎯⎯⎯⎯ Failed Tests 1 ⎯⎯⎯⎯⎯⎯⎯\n  \n   FAIL  src/tests/App.test.tsx > Farewell, front-end\n  TestingLibraryElementError: Unable to find an element with the text: /TRYBE/i. This could be because the text is broken up by multiple elements. In this case, you can provide a function for your text matcher to make your matcher more flexible.\n  \n  Ignored nodes: comments, script, style\n  <body>\n    <div>\n      <div>\n        <form>\n          <label\n            for=\"email-input\"\n          >\n            Email:\n            <input\n              data-testid=\"email-input\"\n              type=\"email\"\n            />\n          </label>\n          <label\n            for=\"password-input\"\n          >\n            Senha:\n            <input\n              data-testid=\"password-input\"\n              type=\"password\"\n            />\n          </label>\n          <button\n            data-testid=\"login-submit-btn\"\n          >\n            Enter\n          </button>\n        </form>\n      </div>\n    </div>\n  </body>\n   ❯ Object.getElementError node_modules/@testing-library/dom/dist/config.js:37:19\n   ❯ node_modules/@testing-library/dom/dist/query-helpers.js:76:38\n   ❯ node_modules/@testing-library/dom/dist/query-helpers.js:52:17\n   ❯ getByText node_modules/@testing-library/dom/dist/query-helpers.js:95:19\n   ❯ src/tests/App.test.tsx:8:30\n        6|   // Este arquivo pode ser modificado ou deletado sem problemas\n        7|   render(<App />);\n        8|   const linkElement = screen.getByText(/TRYBE/i);\n         |                              ^\n        9|   expect(linkElement).toBeInTheDocument();\n       10| });\n  \n  ⎯⎯⎯⎯⎯⎯⎯⎯⎯⎯⎯⎯⎯⎯⎯⎯⎯⎯⎯⎯⎯⎯⎯⎯[1/1]⎯\n  \n  \n      at ChildProcess.exithandler (node:child_process:419:12)\n      at ChildProcess.emit (node:events:514:28)\n      at ChildProcess.emit (node:domain:489:12)\n      at maybeClose (node:internal/child_process:1091:16)\n      at Process.ChildProcess._handle.onexit (node:internal/child_process:302:5)",
                "diff": null
              },
              "uuid": "99582d15-641e-4098-9abf-1374b736361e",
              "parentUUID": "2d12b8a5-344d-41e6-81ae-c5a52d699f74",
              "isHook": false,
              "skipped": false
            }
          ],
          "suites": [],
          "passes": [
            "069f98ce-51a4-45a8-a477-b480cd65c039"
          ],
          "failures": [
            "99582d15-641e-4098-9abf-1374b736361e"
          ],
          "pending": [],
          "skipped": [],
          "duration": 3918,
          "root": false,
          "rootEmpty": false,
          "_timeout": 2000
        }
      ],
      "passes": [],
      "failures": [],
      "pending": [],
      "skipped": [],
      "duration": 0,
      "root": true,
      "rootEmpty": true,
      "_timeout": 2000
    }
  ],
  "meta": {
    "mocha": {
      "version": "7.0.1"
    },
    "mochawesome": {
      "options": {
        "quiet": false,
        "reportFilename": "mochawesome",
        "saveHtml": false,
        "saveJson": true,
        "consoleReporter": "spec",
        "useInlineDiffs": false,
        "code": true
      },
      "version": "7.1.3"
    },
    "marge": {
      "options": {
        "id": "default",
        "reportDir": "cypress/reports",
        "overwrite": false,
        "html": false,
        "json": true
      },
      "version": "6.2.0"
    }
  }
}