{
  "stats": {
    "suites": 3,
    "tests": 15,
    "passes": 14,
    "pending": 0,
    "failures": 1,
    "start": "2024-01-24T20:47:34.005Z",
    "end": "2024-01-24T20:47:40.757Z",
    "duration": 6752,
    "testsRegistered": 15,
    "passPercent": 93.33333333333333,
    "pendingPercent": 0,
    "other": 0,
    "hasOther": false,
    "skipped": 0,
    "hasSkipped": false
  },
  "results": [
    {
      "uuid": "f9c8accd-c399-401c-a081-02248f8a0814",
      "title": "",
      "fullFile": "cypress/e2e/07-09.header.cy.js",
      "file": "cypress/e2e/07-09.header.cy.js",
      "beforeHooks": [],
      "afterHooks": [],
      "tests": [],
      "suites": [
        {
          "uuid": "3683162f-cbc6-4ae8-811c-1f9e2fd624a2",
          "title": "7 - Implemente o header de acordo com a necessidade de cada tela",
          "fullFile": "",
          "file": "",
          "beforeHooks": [],
          "afterHooks": [],
          "tests": [
            {
              "title": "Rota \"/\": não possui header",
              "fullTitle": "7 - Implemente o header de acordo com a necessidade de cada tela Rota \"/\": não possui header",
              "timedOut": null,
              "duration": 414,
              "state": "passed",
              "speed": "fast",
              "pass": true,
              "fail": false,
              "pending": false,
              "context": null,
              "code": "cy.visit('http://localhost:3000/');\nhasNoHeader();",
              "err": {},
              "uuid": "085144d5-39ac-4c4d-bd73-f64f513dec28",
              "parentUUID": "3683162f-cbc6-4ae8-811c-1f9e2fd624a2",
              "isHook": false,
              "skipped": false
            },
            {
              "title": "Rota \"/meals\": possui o header com o título \"Meals\" e os ícones de perfil e pesquisa",
              "fullTitle": "7 - Implemente o header de acordo com a necessidade de cada tela Rota \"/meals\": possui o header com o título \"Meals\" e os ícones de perfil e pesquisa",
              "timedOut": null,
              "duration": 302,
              "state": "passed",
              "speed": "fast",
              "pass": true,
              "fail": false,
              "pending": false,
              "context": null,
              "code": "cy.visit('http://localhost:3000/meals');\nhasHeader('Meals');",
              "err": {},
              "uuid": "00864a5f-8277-4388-b9aa-73c284cee74e",
              "parentUUID": "3683162f-cbc6-4ae8-811c-1f9e2fd624a2",
              "isHook": false,
              "skipped": false
            },
            {
              "title": "Rota \"/drinks\": possui o header com o título \"Drinks\" e os ícones de perfil e pesquisa",
              "fullTitle": "7 - Implemente o header de acordo com a necessidade de cada tela Rota \"/drinks\": possui o header com o título \"Drinks\" e os ícones de perfil e pesquisa",
              "timedOut": null,
              "duration": 264,
              "state": "passed",
              "speed": "fast",
              "pass": true,
              "fail": false,
              "pending": false,
              "context": null,
              "code": "cy.visit('http://localhost:3000/drinks');\nhasHeader('Drinks');",
              "err": {},
              "uuid": "34943bd3-1dbd-4f36-88e3-e784d590f49f",
              "parentUUID": "3683162f-cbc6-4ae8-811c-1f9e2fd624a2",
              "isHook": false,
              "skipped": false
            },
            {
              "title": "Rota \"/meals/{id}\": não possui header",
              "fullTitle": "7 - Implemente o header de acordo com a necessidade de cada tela Rota \"/meals/{id}\": não possui header",
              "timedOut": null,
              "duration": 209,
              "state": "passed",
              "speed": "fast",
              "pass": true,
              "fail": false,
              "pending": false,
              "context": null,
              "code": "cy.visit('http://localhost:3000/meals/52771');\nhasNoHeader();",
              "err": {},
              "uuid": "0840ae24-51c3-4c72-aca1-b73e021ca41e",
              "parentUUID": "3683162f-cbc6-4ae8-811c-1f9e2fd624a2",
              "isHook": false,
              "skipped": false
            },
            {
              "title": "Rota \"drinks/{id}\": não possui header",
              "fullTitle": "7 - Implemente o header de acordo com a necessidade de cada tela Rota \"drinks/{id}\": não possui header",
              "timedOut": null,
              "duration": 239,
              "state": "passed",
              "speed": "fast",
              "pass": true,
              "fail": false,
              "pending": false,
              "context": null,
              "code": "cy.visit('http://localhost:3000/drinks/178319');\nhasNoHeader();",
              "err": {},
              "uuid": "28bcd45b-ba33-465b-9671-00992ac9a63c",
              "parentUUID": "3683162f-cbc6-4ae8-811c-1f9e2fd624a2",
              "isHook": false,
              "skipped": false
            },
            {
              "title": "Rota \"/meals/{id}/in-progress\": não possui header",
              "fullTitle": "7 - Implemente o header de acordo com a necessidade de cada tela Rota \"/meals/{id}/in-progress\": não possui header",
              "timedOut": null,
              "duration": 203,
              "state": "passed",
              "speed": "fast",
              "pass": true,
              "fail": false,
              "pending": false,
              "context": null,
              "code": "cy.visit('http://localhost:3000/meals/52771/in-progress');\nhasNoHeader();",
              "err": {},
              "uuid": "1aac2c56-9dd2-404d-b58b-b288f7ca48aa",
              "parentUUID": "3683162f-cbc6-4ae8-811c-1f9e2fd624a2",
              "isHook": false,
              "skipped": false
            },
            {
              "title": "Rota \"/drinks/{id}/in-progress\": não possui header",
              "fullTitle": "7 - Implemente o header de acordo com a necessidade de cada tela Rota \"/drinks/{id}/in-progress\": não possui header",
              "timedOut": null,
              "duration": 202,
              "state": "passed",
              "speed": "fast",
              "pass": true,
              "fail": false,
              "pending": false,
              "context": null,
              "code": "cy.visit('http://localhost:3000/drinks/178319/in-progress');\nhasNoHeader();",
              "err": {},
              "uuid": "36f6936e-b1bc-4adf-94bf-01981f894674",
              "parentUUID": "3683162f-cbc6-4ae8-811c-1f9e2fd624a2",
              "isHook": false,
              "skipped": false
            },
            {
              "title": "Rota \"/profile\": possui o header com o título \"Profile\" e o ícone de perfil, mas sem o ícone de pesquisa",
              "fullTitle": "7 - Implemente o header de acordo com a necessidade de cada tela Rota \"/profile\": possui o header com o título \"Profile\" e o ícone de perfil, mas sem o ícone de pesquisa",
              "timedOut": null,
              "duration": 233,
              "state": "passed",
              "speed": "fast",
              "pass": true,
              "fail": false,
              "pending": false,
              "context": null,
              "code": "cy.visit('http://localhost:3000/profile');\nhasHeader('Profile', false);",
              "err": {},
              "uuid": "83871fc8-867e-4647-a842-1b1de8ffa10b",
              "parentUUID": "3683162f-cbc6-4ae8-811c-1f9e2fd624a2",
              "isHook": false,
              "skipped": false
            },
            {
              "title": "Rota \"/done-recipes\": possui o header com o título \"Done Recipes\" e o ícone de perfil, mas sem o ícone de pesquisa",
              "fullTitle": "7 - Implemente o header de acordo com a necessidade de cada tela Rota \"/done-recipes\": possui o header com o título \"Done Recipes\" e o ícone de perfil, mas sem o ícone de pesquisa",
              "timedOut": null,
              "duration": 246,
              "state": "passed",
              "speed": "fast",
              "pass": true,
              "fail": false,
              "pending": false,
              "context": null,
              "code": "cy.visit('http://localhost:3000/done-recipes');\nhasHeader('Done Recipes', false);",
              "err": {},
              "uuid": "df8b8a4f-9fdf-4310-96b0-20eb9c4a4caa",
              "parentUUID": "3683162f-cbc6-4ae8-811c-1f9e2fd624a2",
              "isHook": false,
              "skipped": false
            },
            {
              "title": "Rota \"/favorite-recipes\": possui o header com o título \"Favorite Recipes\" e o ícone de perfil, mas sem o ícone de pesquisa",
              "fullTitle": "7 - Implemente o header de acordo com a necessidade de cada tela Rota \"/favorite-recipes\": possui o header com o título \"Favorite Recipes\" e o ícone de perfil, mas sem o ícone de pesquisa",
              "timedOut": null,
              "duration": 238,
              "state": "passed",
              "speed": "fast",
              "pass": true,
              "fail": false,
              "pending": false,
              "context": null,
              "code": "cy.visit('http://localhost:3000/favorite-recipes');\nhasHeader('Favorite Recipes', false);",
              "err": {},
              "uuid": "72cbfc04-fe0e-491a-8613-51ee8da3cf65",
              "parentUUID": "3683162f-cbc6-4ae8-811c-1f9e2fd624a2",
              "isHook": false,
              "skipped": false
            }
          ],
          "suites": [],
          "passes": [
            "085144d5-39ac-4c4d-bd73-f64f513dec28",
            "00864a5f-8277-4388-b9aa-73c284cee74e",
            "34943bd3-1dbd-4f36-88e3-e784d590f49f",
            "0840ae24-51c3-4c72-aca1-b73e021ca41e",
            "28bcd45b-ba33-465b-9671-00992ac9a63c",
            "1aac2c56-9dd2-404d-b58b-b288f7ca48aa",
            "36f6936e-b1bc-4adf-94bf-01981f894674",
            "83871fc8-867e-4647-a842-1b1de8ffa10b",
            "df8b8a4f-9fdf-4310-96b0-20eb9c4a4caa",
            "72cbfc04-fe0e-491a-8613-51ee8da3cf65"
          ],
          "failures": [],
          "pending": [],
          "skipped": [],
          "duration": 2550,
          "root": false,
          "rootEmpty": false,
          "_timeout": 2000
        },
        {
          "uuid": "6e50ecc0-0b0d-47b5-92f0-46f7640d5d0f",
          "title": "8 - Redirecione a pessoa usuária para a tela de perfil ao clicar no botão de perfil",
          "fullFile": "",
          "file": "",
          "beforeHooks": [],
          "afterHooks": [],
          "tests": [
            {
              "title": "A mudança de tela ocorre corretamente",
              "fullTitle": "8 - Redirecione a pessoa usuária para a tela de perfil ao clicar no botão de perfil A mudança de tela ocorre corretamente",
              "timedOut": null,
              "duration": 523,
              "state": "passed",
              "speed": "fast",
              "pass": true,
              "fail": false,
              "pending": false,
              "context": null,
              "code": "cy.visit('http://localhost:3000/meals');\ncy.get('[data-testid=\"page-title\"]').contains('Meals');\ncy.get('[data-testid=\"profile-top-btn\"]').click();\ncy.get('[data-testid=\"page-title\"]').contains('Profile');\ncy.location().should(loc => expect(loc.pathname).to.eq('/profile'));",
              "err": {},
              "uuid": "71806f60-9644-4e68-8636-f3465c7654c3",
              "parentUUID": "6e50ecc0-0b0d-47b5-92f0-46f7640d5d0f",
              "isHook": false,
              "skipped": false
            },
            {
              "title": "Verifica a cobertura de 45% do Componente Header",
              "fullTitle": "8 - Redirecione a pessoa usuária para a tela de perfil ao clicar no botão de perfil Verifica a cobertura de 45% do Componente Header",
              "timedOut": null,
              "duration": 45,
              "state": "passed",
              "speed": "fast",
              "pass": true,
              "fail": false,
              "pending": false,
              "context": null,
              "code": "cy.getCoverage().its('Header.functions.pct', {\n  timeout: 0\n}).should('be.gte', 45.00);\ncy.getCoverage().its('Header.branches.pct', {\n  timeout: 0\n}).should('be.gte', 45.00);",
              "err": {},
              "uuid": "ed99bea8-5add-4b8e-94c5-42514e481ccc",
              "parentUUID": "6e50ecc0-0b0d-47b5-92f0-46f7640d5d0f",
              "isHook": false,
              "skipped": false
            }
          ],
          "suites": [],
          "passes": [
            "71806f60-9644-4e68-8636-f3465c7654c3",
            "ed99bea8-5add-4b8e-94c5-42514e481ccc"
          ],
          "failures": [],
          "pending": [],
          "skipped": [],
          "duration": 568,
          "root": false,
          "rootEmpty": false,
          "_timeout": 2000
        },
        {
          "uuid": "482ec2b5-60d6-412a-871b-ce8deb48d174",
          "title": "9 - Desenvolva o botão de busca que, ao ser clicado, a barra de busca deve aparecer. O mesmo serve para escondê-la",
          "fullFile": "",
          "file": "",
          "beforeHooks": [],
          "afterHooks": [],
          "tests": [
            {
              "title": "Ao clicar no botão de busca pela primeira vez a barra de busca aparece",
              "fullTitle": "9 - Desenvolva o botão de busca que, ao ser clicado, a barra de busca deve aparecer. O mesmo serve para escondê-la Ao clicar no botão de busca pela primeira vez a barra de busca aparece",
              "timedOut": null,
              "duration": 355,
              "state": "passed",
              "speed": "fast",
              "pass": true,
              "fail": false,
              "pending": false,
              "context": null,
              "code": "cy.visit('http://localhost:3000/meals');\ncy.get('[data-testid=\"search-input\"]').should('not.exist');\ncy.get('[data-testid=\"search-top-btn\"]').click();\ncy.get('[data-testid=\"search-input\"]');",
              "err": {},
              "uuid": "1fc65505-2e3f-4c81-9cfe-14379ab59441",
              "parentUUID": "482ec2b5-60d6-412a-871b-ce8deb48d174",
              "isHook": false,
              "skipped": false
            },
            {
              "title": "Ao clicar no botão de busca pela segunda vez a barra de busca desaparece",
              "fullTitle": "9 - Desenvolva o botão de busca que, ao ser clicado, a barra de busca deve aparecer. O mesmo serve para escondê-la Ao clicar no botão de busca pela segunda vez a barra de busca desaparece",
              "timedOut": null,
              "duration": 507,
              "state": "passed",
              "speed": "fast",
              "pass": true,
              "fail": false,
              "pending": false,
              "context": null,
              "code": "cy.visit('http://localhost:3000/meals');\ncy.get('[data-testid=\"search-top-btn\"]').click();\ncy.get('[data-testid=\"search-input\"]');\ncy.get('[data-testid=\"search-top-btn\"]').click();\ncy.get('[data-testid=\"search-input\"]').should('not.exist');",
              "err": {},
              "uuid": "214cd4ad-9ade-4113-b73d-82c76ec760ec",
              "parentUUID": "482ec2b5-60d6-412a-871b-ce8deb48d174",
              "isHook": false,
              "skipped": false
            },
            {
              "title": "Verifica a cobertura de 90% do Componente Header",
              "fullTitle": "9 - Desenvolva o botão de busca que, ao ser clicado, a barra de busca deve aparecer. O mesmo serve para escondê-la Verifica a cobertura de 90% do Componente Header",
              "timedOut": null,
              "duration": 43,
              "state": "failed",
              "speed": null,
              "pass": false,
              "fail": true,
              "pending": false,
              "context": null,
              "code": "cy.getCoverage().its('Header.functions.pct', {\n  timeout: 0\n}).should('be.gte', 90.00);\ncy.getCoverage().its('Header.branches.pct', {\n  timeout: 0\n}).should('be.gte', 90.00);",
              "err": {
                "message": "AssertionError: Timed out retrying after 0ms: expected 66.67 to be at least 90",
                "estack": "AssertionError: Timed out retrying after 0ms: expected 66.67 to be at least 90\n    at Context.eval (webpack://recipes-app-test/./cypress/e2e/07-09.header.cy.js:132:65)",
                "diff": "- 66.67\n+ 90\n"
              },
              "uuid": "bed4abb4-9828-4a01-b891-0919dc9f587f",
              "parentUUID": "482ec2b5-60d6-412a-871b-ce8deb48d174",
              "isHook": false,
              "skipped": false
            }
          ],
          "suites": [],
          "passes": [
            "1fc65505-2e3f-4c81-9cfe-14379ab59441",
            "214cd4ad-9ade-4113-b73d-82c76ec760ec"
          ],
          "failures": [
            "bed4abb4-9828-4a01-b891-0919dc9f587f"
          ],
          "pending": [],
          "skipped": [],
          "duration": 905,
          "root": false,
          "rootEmpty": false,
          "_timeout": 2000
        }
      ],
      "passes": [],
      "failures": [],
      "pending": [],
      "skipped": [],
      "duration": 0,
      "root": true,
      "rootEmpty": true,
      "_timeout": 2000
    }
  ],
  "meta": {
    "mocha": {
      "version": "7.0.1"
    },
    "mochawesome": {
      "options": {
        "quiet": false,
        "reportFilename": "mochawesome",
        "saveHtml": false,
        "saveJson": true,
        "consoleReporter": "spec",
        "useInlineDiffs": false,
        "code": true
      },
      "version": "7.1.3"
    },
    "marge": {
      "options": {
        "id": "default",
        "reportDir": "cypress/reports",
        "overwrite": false,
        "html": false,
        "json": true
      },
      "version": "6.2.0"
    }
  }
}