{
  "stats": {
    "suites": 1,
    "tests": 1,
    "passes": 0,
    "pending": 0,
    "failures": 1,
    "start": "2024-01-24T14:31:03.309Z",
    "end": "2024-01-24T14:31:07.698Z",
    "duration": 4389,
    "testsRegistered": 1,
    "passPercent": 0,
    "pendingPercent": 0,
    "other": 0,
    "hasOther": false,
    "skipped": 0,
    "hasSkipped": false
  },
  "results": [
    {
      "uuid": "7d7d60bf-6411-40f9-83f5-06a3e967d144",
      "title": "",
      "fullFile": "cypress/e2e/01.coverage.cy.js",
      "file": "cypress/e2e/01.coverage.cy.js",
      "beforeHooks": [],
      "afterHooks": [],
      "tests": [],
      "suites": [
        {
          "uuid": "387d08c7-7054-44fc-b5fc-1bf57870d945",
          "title": "1 - Desenvolva os testes unitários de maneira que a cobertura seja de, no mínimo, 90%",
          "fullFile": "",
          "file": "",
          "beforeHooks": [],
          "afterHooks": [],
          "tests": [
            {
              "title": "Verifica a cobertura de 90% da aplicação total",
              "fullTitle": "1 - Desenvolva os testes unitários de maneira que a cobertura seja de, no mínimo, 90% Verifica a cobertura de 90% da aplicação total",
              "timedOut": null,
              "duration": 4047,
              "state": "failed",
              "speed": null,
              "pass": false,
              "fail": true,
              "pending": false,
              "context": null,
              "code": "cy.getCoverage().its('total.branches.pct', {\n  timeout: 0\n}).should('be.gte', 90.00);",
              "err": {
                "message": "CypressError: `cy.task('getCoverage')` failed with the following error:\n\n> Command failed: npm run cy-coverage ./src\nstderr | src/tests/Header.test.tsx > Teste renderização do Header > Renderiza Botão de busca\nError: Uncaught [TypeError: setSearchInput is not a function]\n    at reportException (/home/estherfreixo/sd-036-project-recipes-app-ts/node_modules/jsdom/lib/jsdom/living/helpers/runtime-script-errors.js:66:24)\n    at innerInvokeEventListeners (/home/estherfreixo/sd-036-project-recipes-app-ts/node_modules/jsdom/lib/jsdom/living/events/EventTarget-impl.js:353:9)\n    at invokeEventListeners (/home/estherfreixo/sd-036-project-recipes-app-ts/node_modules/jsdom/lib/jsdom/living/events/EventTarget-impl.js:286:3)\n    at HTMLUnknownElementImpl._dispatch (/home/estherfreixo/sd-036-project-recipes-app-ts/node_modules/jsdom/lib/jsdom/living/events/EventTarget-impl.js:233:9)\n    at HTMLUnknownElementImpl.dispatchEvent (/home/estherfreixo/sd-036-project-recipes-app-ts/node_modules/jsdom/lib/jsdom/living/events/EventTarget-impl.js:104:17)\n    at HTMLUnknownElement.dispatchEvent (/home/estherfreixo/sd-036-project-recipes-app-ts/node_modules/jsdom/lib/jsdom/living/generated/EventTarget.js:241:34)\n    at Object.invokeGuardedCallbackDev (/home/estherfreixo/sd-036-project-recipes-app-ts/node_modules/react-dom/cjs/react-dom.development.js:4213:16)\n    at invokeGuardedCallback (/home/estherfreixo/sd-036-project-recipes-app-ts/node_modules/react-dom/cjs/react-dom.development.js:4277:31)\n    at invokeGuardedCallbackAndCatchFirstError (/home/estherfreixo/sd-036-project-recipes-app-ts/node_modules/react-dom/cjs/react-dom.development.js:4291:25)\n    at executeDispatch (/home/estherfreixo/sd-036-project-recipes-app-ts/node_modules/react-dom/cjs/react-dom.development.js:9041:3) TypeError: setSearchInput is not a function\n    at handleChange (/home/estherfreixo/sd-036-project-recipes-app-ts/src/components/Header/index.tsx:22:5)\n    at HTMLUnknownElement.callCallback (/home/estherfreixo/sd-036-project-recipes-app-ts/node_modules/react-dom/cjs/react-dom.development.js:4164:14)\n    at HTMLUnknownElement.callTheUserObjectsOperation (/home/estherfreixo/sd-036-project-recipes-app-ts/node_modules/jsdom/lib/jsdom/living/generated/EventListener.js:26:30)\n    at innerInvokeEventListeners (/home/estherfreixo/sd-036-project-recipes-app-ts/node_modules/jsdom/lib/jsdom/living/events/EventTarget-impl.js:350:25)\n    at invokeEventListeners (/home/estherfreixo/sd-036-project-recipes-app-ts/node_modules/jsdom/lib/jsdom/living/events/EventTarget-impl.js:286:3)\n    at HTMLUnknownElementImpl._dispatch (/home/estherfreixo/sd-036-project-recipes-app-ts/node_modules/jsdom/lib/jsdom/living/events/EventTarget-impl.js:233:9)\n    at HTMLUnknownElementImpl.dispatchEvent (/home/estherfreixo/sd-036-project-recipes-app-ts/node_modules/jsdom/lib/jsdom/living/events/EventTarget-impl.js:104:17)\n    at HTMLUnknownElement.dispatchEvent (/home/estherfreixo/sd-036-project-recipes-app-ts/node_modules/jsdom/lib/jsdom/living/generated/EventTarget.js:241:34)\n    at Object.invokeGuardedCallbackDev (/home/estherfreixo/sd-036-project-recipes-app-ts/node_modules/react-dom/cjs/react-dom.development.js:4213:16)\n    at invokeGuardedCallback (/home/estherfreixo/sd-036-project-recipes-app-ts/node_modules/react-dom/cjs/react-dom.development.js:4277:31)\nError: Uncaught [TypeError: setSearchInput is not a function]\n    at reportException (/home/estherfreixo/sd-036-project-recipes-app-ts/node_modules/jsdom/lib/jsdom/living/helpers/runtime-script-errors.js:66:24)\n    at innerInvokeEventListeners (/home/estherfreixo/sd-036-project-recipes-app-ts/node_modules/jsdom/lib/jsdom/living/events/EventTarget-impl.js:353:9)\n    at invokeEventListeners (/home/estherfreixo/sd-036-project-recipes-app-ts/node_modules/jsdom/lib/jsdom/living/events/EventTarget-impl.js:286:3)\n    at HTMLInputElementImpl._dispatch (/home/estherfreixo/sd-036-project-recipes-app-ts/node_modules/jsdom/lib/jsdom/living/events/EventTarget-impl.js:233:9)\n    at HTMLInputElementImpl.dispatchEvent (/home/estherfreixo/sd-036-project-recipes-app-ts/node_modules/jsdom/lib/jsdom/living/events/EventTarget-impl.js:104:17)\n    at HTMLInputElement.dispatchEvent (/home/estherfreixo/sd-036-project-recipes-app-ts/node_modules/jsdom/lib/jsdom/living/generated/EventTarget.js:241:34)\n    at file:///home/estherfreixo/sd-036-project-recipes-app-ts/node_modules/@testing-library/user-event/dist/esm/event/dispatchEvent.js:43:33\n    at /home/estherfreixo/sd-036-project-recipes-app-ts/node_modules/@testing-library/react/dist/pure.js:79:16\n    at /home/estherfreixo/sd-036-project-recipes-app-ts/node_modules/@testing-library/react/dist/act-compat.js:64:24\n    at act (/home/estherfreixo/sd-036-project-recipes-app-ts/node_modules/react/cjs/react.development.js:2512:16) TypeError: setSearchInput is not a function\n    at handleChange (/home/estherfreixo/sd-036-project-recipes-app-ts/src/components/Header/index.tsx:22:5)\n    at HTMLUnknownElement.callCallback (/home/estherfreixo/sd-036-project-recipes-app-ts/node_modules/react-dom/cjs/react-dom.development.js:4164:14)\n    at HTMLUnknownElement.callTheUserObjectsOperation (/home/estherfreixo/sd-036-project-recipes-app-ts/node_modules/jsdom/lib/jsdom/living/generated/EventListener.js:26:30)\n    at innerInvokeEventListeners (/home/estherfreixo/sd-036-project-recipes-app-ts/node_modules/jsdom/lib/jsdom/living/events/EventTarget-impl.js:350:25)\n    at invokeEventListeners (/home/estherfreixo/sd-036-project-recipes-app-ts/node_modules/jsdom/lib/jsdom/living/events/EventTarget-impl.js:286:3)\n    at HTMLUnknownElementImpl._dispatch (/home/estherfreixo/sd-036-project-recipes-app-ts/node_modules/jsdom/lib/jsdom/living/events/EventTarget-impl.js:233:9)\n    at HTMLUnknownElementImpl.dispatchEvent (/home/estherfreixo/sd-036-project-recipes-app-ts/node_modules/jsdom/lib/jsdom/living/events/EventTarget-impl.js:104:17)\n    at HTMLUnknownElement.dispatchEvent (/home/estherfreixo/sd-036-project-recipes-app-ts/node_modules/jsdom/lib/jsdom/living/generated/EventTarget.js:241:34)\n    at Object.invokeGuardedCallbackDev (/home/estherfreixo/sd-036-project-recipes-app-ts/node_modules/react-dom/cjs/react-dom.development.js:4213:16)\n    at invokeGuardedCallback (/home/estherfreixo/sd-036-project-recipes-app-ts/node_modules/react-dom/cjs/react-dom.development.js:4277:31) {\n  stackStr: 'TypeError: setSearchInput is not a function\\n' +\n    '    at handleChange (/home/estherfreixo/sd-036-project-recipes-app-ts/src/components/Header/index.tsx:22:5)\\n' +\n    '    at HTMLUnknownElement.callCallback (/home/estherfreixo/sd-036-project-recipes-app-ts/node_modules/react-dom/cjs/react-dom.development.js:4164:14)\\n' +\n    '    at HTMLUnknownElement.callTheUserObjectsOperation (/home/estherfreixo/sd-036-project-recipes-app-ts/node_modules/jsdom/lib/jsdom/living/generated/EventListener.js:26:30)\\n' +\n    '    at innerInvokeEventListeners (/home/estherfreixo/sd-036-project-recipes-app-ts/node_modules/jsdom/lib/jsdom/living/events/EventTarget-impl.js:350:25)\\n' +\n    '    at invokeEventListeners (/home/estherfreixo/sd-036-project-recipes-app-ts/node_modules/jsdom/lib/jsdom/living/events/EventTarget-impl.js:286:3)\\n' +\n    '    at HTMLUnknownElementImpl._dispatch (/home/estherfreixo/sd-036-project-recipes-app-ts/node_modules/jsdom/lib/jsdom/living/events/EventTarget-impl.js:233:9)\\n' +\n    '    at HTMLUnknownElementImpl.dispatchEvent (/home/estherfreixo/sd-036-project-recipes-app-ts/node_modules/jsdom/lib/jsdom/living/events/EventTarget-impl.js:104:17)\\n' +\n    '    at HTMLUnknownElement.dispatchEvent (/home/estherfreixo/sd-036-project-recipes-app-ts/node_modules/jsdom/lib/jsdom/living/generated/EventTarget.js:241:34)\\n' +\n    '    at Object.invokeGuardedCallbackDev (/home/estherfreixo/sd-036-project-recipes-app-ts/node_modules/react-dom/cjs/react-dom.development.js:4213:16)\\n' +\n    '    at invokeGuardedCallback (/home/estherfreixo/sd-036-project-recipes-app-ts/node_modules/react-dom/cjs/react-dom.development.js:4277:31)',\n  nameStr: 'TypeError',\n  expected: 'undefined',\n  actual: 'undefined'\n}\n\nstderr | src/tests/Header.test.tsx > Teste renderização do Header > Renderiza Botão de busca\nError: Uncaught [TypeError: setSearchInput is not a function]\n    at reportException (/home/estherfreixo/sd-036-project-recipes-app-ts/node_modules/jsdom/lib/jsdom/living/helpers/runtime-script-errors.js:66:24)\n    at innerInvokeEventListeners (/home/estherfreixo/sd-036-project-recipes-app-ts/node_modules/jsdom/lib/jsdom/living/events/EventTarget-impl.js:353:9)\n    at invokeEventListeners (/home/estherfreixo/sd-036-project-recipes-app-ts/node_modules/jsdom/lib/jsdom/living/events/EventTarget-impl.js:286:3)\n    at HTMLUnknownElementImpl._dispatch (/home/estherfreixo/sd-036-project-recipes-app-ts/node_modules/jsdom/lib/jsdom/living/events/EventTarget-impl.js:233:9)\n    at HTMLUnknownElementImpl.dispatchEvent (/home/estherfreixo/sd-036-project-recipes-app-ts/node_modules/jsdom/lib/jsdom/living/events/EventTarget-impl.js:104:17)\n    at HTMLUnknownElement.dispatchEvent (/home/estherfreixo/sd-036-project-recipes-app-ts/node_modules/jsdom/lib/jsdom/living/generated/EventTarget.js:241:34)\n    at Object.invokeGuardedCallbackDev (/home/estherfreixo/sd-036-project-recipes-app-ts/node_modules/react-dom/cjs/react-dom.development.js:4213:16)\n    at invokeGuardedCallback (/home/estherfreixo/sd-036-project-recipes-app-ts/node_modules/react-dom/cjs/react-dom.development.js:4277:31)\n    at invokeGuardedCallbackAndCatchFirstError (/home/estherfreixo/sd-036-project-recipes-app-ts/node_modules/react-dom/cjs/react-dom.development.js:4291:25)\n    at executeDispatch (/home/estherfreixo/sd-036-project-recipes-app-ts/node_modules/react-dom/cjs/react-dom.development.js:9041:3) TypeError: setSearchInput is not a function\n    at handleChange (/home/estherfreixo/sd-036-project-recipes-app-ts/src/components/Header/index.tsx:22:5)\n    at HTMLUnknownElement.callCallback (/home/estherfreixo/sd-036-project-recipes-app-ts/node_modules/react-dom/cjs/react-dom.development.js:4164:14)\n    at HTMLUnknownElement.callTheUserObjectsOperation (/home/estherfreixo/sd-036-project-recipes-app-ts/node_modules/jsdom/lib/jsdom/living/generated/EventListener.js:26:30)\n    at innerInvokeEventListeners (/home/estherfreixo/sd-036-project-recipes-app-ts/node_modules/jsdom/lib/jsdom/living/events/EventTarget-impl.js:350:25)\n    at invokeEventListeners (/home/estherfreixo/sd-036-project-recipes-app-ts/node_modules/jsdom/lib/jsdom/living/events/EventTarget-impl.js:286:3)\n    at HTMLUnknownElementImpl._dispatch (/home/estherfreixo/sd-036-project-recipes-app-ts/node_modules/jsdom/lib/jsdom/living/events/EventTarget-impl.js:233:9)\n    at HTMLUnknownElementImpl.dispatchEvent (/home/estherfreixo/sd-036-project-recipes-app-ts/node_modules/jsdom/lib/jsdom/living/events/EventTarget-impl.js:104:17)\n    at HTMLUnknownElement.dispatchEvent (/home/estherfreixo/sd-036-project-recipes-app-ts/node_modules/jsdom/lib/jsdom/living/generated/EventTarget.js:241:34)\n    at Object.invokeGuardedCallbackDev (/home/estherfreixo/sd-036-project-recipes-app-ts/node_modules/react-dom/cjs/react-dom.development.js:4213:16)\n    at invokeGuardedCallback (/home/estherfreixo/sd-036-project-recipes-app-ts/node_modules/react-dom/cjs/react-dom.development.js:4277:31)\nError: Uncaught [TypeError: setSearchInput is not a function]\n    at reportException (/home/estherfreixo/sd-036-project-recipes-app-ts/node_modules/jsdom/lib/jsdom/living/helpers/runtime-script-errors.js:66:24)\n    at innerInvokeEventListeners (/home/estherfreixo/sd-036-project-recipes-app-ts/node_modules/jsdom/lib/jsdom/living/events/EventTarget-impl.js:353:9)\n    at invokeEventListeners (/home/estherfreixo/sd-036-project-recipes-app-ts/node_modules/jsdom/lib/jsdom/living/events/EventTarget-impl.js:286:3)\n    at HTMLInputElementImpl._dispatch (/home/estherfreixo/sd-036-project-recipes-app-ts/node_modules/jsdom/lib/jsdom/living/events/EventTarget-impl.js:233:9)\n    at HTMLInputElementImpl.dispatchEvent (/home/estherfreixo/sd-036-project-recipes-app-ts/node_modules/jsdom/lib/jsdom/living/events/EventTarget-impl.js:104:17)\n    at HTMLInputElement.dispatchEvent (/home/estherfreixo/sd-036-project-recipes-app-ts/node_modules/jsdom/lib/jsdom/living/generated/EventTarget.js:241:34)\n    at file:///home/estherfreixo/sd-036-project-recipes-app-ts/node_modules/@testing-library/user-event/dist/esm/event/dispatchEvent.js:43:33\n    at /home/estherfreixo/sd-036-project-recipes-app-ts/node_modules/@testing-library/react/dist/pure.js:79:16\n    at /home/estherfreixo/sd-036-project-recipes-app-ts/node_modules/@testing-library/react/dist/act-compat.js:64:24\n    at act (/home/estherfreixo/sd-036-project-recipes-app-ts/node_modules/react/cjs/react.development.js:2512:16) TypeError: setSearchInput is not a function\n    at handleChange (/home/estherfreixo/sd-036-project-recipes-app-ts/src/components/Header/index.tsx:22:5)\n    at HTMLUnknownElement.callCallback (/home/estherfreixo/sd-036-project-recipes-app-ts/node_modules/react-dom/cjs/react-dom.development.js:4164:14)\n    at HTMLUnknownElement.callTheUserObjectsOperation (/home/estherfreixo/sd-036-project-recipes-app-ts/node_modules/jsdom/lib/jsdom/living/generated/EventListener.js:26:30)\n    at innerInvokeEventListeners (/home/estherfreixo/sd-036-project-recipes-app-ts/node_modules/jsdom/lib/jsdom/living/events/EventTarget-impl.js:350:25)\n    at invokeEventListeners (/home/estherfreixo/sd-036-project-recipes-app-ts/node_modules/jsdom/lib/jsdom/living/events/EventTarget-impl.js:286:3)\n    at HTMLUnknownElementImpl._dispatch (/home/estherfreixo/sd-036-project-recipes-app-ts/node_modules/jsdom/lib/jsdom/living/events/EventTarget-impl.js:233:9)\n    at HTMLUnknownElementImpl.dispatchEvent (/home/estherfreixo/sd-036-project-recipes-app-ts/node_modules/jsdom/lib/jsdom/living/events/EventTarget-impl.js:104:17)\n    at HTMLUnknownElement.dispatchEvent (/home/estherfreixo/sd-036-project-recipes-app-ts/node_modules/jsdom/lib/jsdom/living/generated/EventTarget.js:241:34)\n    at Object.invokeGuardedCallbackDev (/home/estherfreixo/sd-036-project-recipes-app-ts/node_modules/react-dom/cjs/react-dom.development.js:4213:16)\n    at invokeGuardedCallback (/home/estherfreixo/sd-036-project-recipes-app-ts/node_modules/react-dom/cjs/react-dom.development.js:4277:31) {\n  stackStr: 'TypeError: setSearchInput is not a function\\n' +\n    '    at handleChange (/home/estherfreixo/sd-036-project-recipes-app-ts/src/components/Header/index.tsx:22:5)\\n' +\n    '    at HTMLUnknownElement.callCallback (/home/estherfreixo/sd-036-project-recipes-app-ts/node_modules/react-dom/cjs/react-dom.development.js:4164:14)\\n' +\n    '    at HTMLUnknownElement.callTheUserObjectsOperation (/home/estherfreixo/sd-036-project-recipes-app-ts/node_modules/jsdom/lib/jsdom/living/generated/EventListener.js:26:30)\\n' +\n    '    at innerInvokeEventListeners (/home/estherfreixo/sd-036-project-recipes-app-ts/node_modules/jsdom/lib/jsdom/living/events/EventTarget-impl.js:350:25)\\n' +\n    '    at invokeEventListeners (/home/estherfreixo/sd-036-project-recipes-app-ts/node_modules/jsdom/lib/jsdom/living/events/EventTarget-impl.js:286:3)\\n' +\n    '    at HTMLUnknownElementImpl._dispatch (/home/estherfreixo/sd-036-project-recipes-app-ts/node_modules/jsdom/lib/jsdom/living/events/EventTarget-impl.js:233:9)\\n' +\n    '    at HTMLUnknownElementImpl.dispatchEvent (/home/estherfreixo/sd-036-project-recipes-app-ts/node_modules/jsdom/lib/jsdom/living/events/EventTarget-impl.js:104:17)\\n' +\n    '    at HTMLUnknownElement.dispatchEvent (/home/estherfreixo/sd-036-project-recipes-app-ts/node_modules/jsdom/lib/jsdom/living/generated/EventTarget.js:241:34)\\n' +\n    '    at Object.invokeGuardedCallbackDev (/home/estherfreixo/sd-036-project-recipes-app-ts/node_modules/react-dom/cjs/react-dom.development.js:4213:16)\\n' +\n    '    at invokeGuardedCallback (/home/estherfreixo/sd-036-project-recipes-app-ts/node_modules/react-dom/cjs/react-dom.development.js:4277:31)',\n  nameStr: 'TypeError',\n  expected: 'undefined',\n  actual: 'undefined'\n}\n\nstderr | src/tests/Header.test.tsx > Teste renderização do Header > Renderiza Botão de busca\nError: Uncaught [TypeError: setSearchInput is not a function]\n    at reportException (/home/estherfreixo/sd-036-project-recipes-app-ts/node_modules/jsdom/lib/jsdom/living/helpers/runtime-script-errors.js:66:24)\n    at innerInvokeEventListeners (/home/estherfreixo/sd-036-project-recipes-app-ts/node_modules/jsdom/lib/jsdom/living/events/EventTarget-impl.js:353:9)\n    at invokeEventListeners (/home/estherfreixo/sd-036-project-recipes-app-ts/node_modules/jsdom/lib/jsdom/living/events/EventTarget-impl.js:286:3)\n    at HTMLUnknownElementImpl._dispatch (/home/estherfreixo/sd-036-project-recipes-app-ts/node_modules/jsdom/lib/jsdom/living/events/EventTarget-impl.js:233:9)\n    at HTMLUnknownElementImpl.dispatchEvent (/home/estherfreixo/sd-036-project-recipes-app-ts/node_modules/jsdom/lib/jsdom/living/events/EventTarget-impl.js:104:17)\n    at HTMLUnknownElement.dispatchEvent (/home/estherfreixo/sd-036-project-recipes-app-ts/node_modules/jsdom/lib/jsdom/living/generated/EventTarget.js:241:34)\n    at Object.invokeGuardedCallbackDev (/home/estherfreixo/sd-036-project-recipes-app-ts/node_modules/react-dom/cjs/react-dom.development.js:4213:16)\n    at invokeGuardedCallback (/home/estherfreixo/sd-036-project-recipes-app-ts/node_modules/react-dom/cjs/react-dom.development.js:4277:31)\n    at invokeGuardedCallbackAndCatchFirstError (/home/estherfreixo/sd-036-project-recipes-app-ts/node_modules/react-dom/cjs/react-dom.development.js:4291:25)\n    at executeDispatch (/home/estherfreixo/sd-036-project-recipes-app-ts/node_modules/react-dom/cjs/react-dom.development.js:9041:3) TypeError: setSearchInput is not a function\n    at handleChange (/home/estherfreixo/sd-036-project-recipes-app-ts/src/components/Header/index.tsx:22:5)\n    at HTMLUnknownElement.callCallback (/home/estherfreixo/sd-036-project-recipes-app-ts/node_modules/react-dom/cjs/react-dom.development.js:4164:14)\n    at HTMLUnknownElement.callTheUserObjectsOperation (/home/estherfreixo/sd-036-project-recipes-app-ts/node_modules/jsdom/lib/jsdom/living/generated/EventListener.js:26:30)\n    at innerInvokeEventListeners (/home/estherfreixo/sd-036-project-recipes-app-ts/node_modules/jsdom/lib/jsdom/living/events/EventTarget-impl.js:350:25)\n    at invokeEventListeners (/home/estherfreixo/sd-036-project-recipes-app-ts/node_modules/jsdom/lib/jsdom/living/events/EventTarget-impl.js:286:3)\n    at HTMLUnknownElementImpl._dispatch (/home/estherfreixo/sd-036-project-recipes-app-ts/node_modules/jsdom/lib/jsdom/living/events/EventTarget-impl.js:233:9)\n    at HTMLUnknownElementImpl.dispatchEvent (/home/estherfreixo/sd-036-project-recipes-app-ts/node_modules/jsdom/lib/jsdom/living/events/EventTarget-impl.js:104:17)\n    at HTMLUnknownElement.dispatchEvent (/home/estherfreixo/sd-036-project-recipes-app-ts/node_modules/jsdom/lib/jsdom/living/generated/EventTarget.js:241:34)\n    at Object.invokeGuardedCallbackDev (/home/estherfreixo/sd-036-project-recipes-app-ts/node_modules/react-dom/cjs/react-dom.development.js:4213:16)\n    at invokeGuardedCallback (/home/estherfreixo/sd-036-project-recipes-app-ts/node_modules/react-dom/cjs/react-dom.development.js:4277:31)\nError: Uncaught [TypeError: setSearchInput is not a function]\n    at reportException (/home/estherfreixo/sd-036-project-recipes-app-ts/node_modules/jsdom/lib/jsdom/living/helpers/runtime-script-errors.js:66:24)\n    at innerInvokeEventListeners (/home/estherfreixo/sd-036-project-recipes-app-ts/node_modules/jsdom/lib/jsdom/living/events/EventTarget-impl.js:353:9)\n    at invokeEventListeners (/home/estherfreixo/sd-036-project-recipes-app-ts/node_modules/jsdom/lib/jsdom/living/events/EventTarget-impl.js:286:3)\n    at HTMLInputElementImpl._dispatch (/home/estherfreixo/sd-036-project-recipes-app-ts/node_modules/jsdom/lib/jsdom/living/events/EventTarget-impl.js:233:9)\n    at HTMLInputElementImpl.dispatchEvent (/home/estherfreixo/sd-036-project-recipes-app-ts/node_modules/jsdom/lib/jsdom/living/events/EventTarget-impl.js:104:17)\n    at HTMLInputElement.dispatchEvent (/home/estherfreixo/sd-036-project-recipes-app-ts/node_modules/jsdom/lib/jsdom/living/generated/EventTarget.js:241:34)\n    at file:///home/estherfreixo/sd-036-project-recipes-app-ts/node_modules/@testing-library/user-event/dist/esm/event/dispatchEvent.js:43:33\n    at /home/estherfreixo/sd-036-project-recipes-app-ts/node_modules/@testing-library/react/dist/pure.js:79:16\n    at /home/estherfreixo/sd-036-project-recipes-app-ts/node_modules/@testing-library/react/dist/act-compat.js:64:24\n    at act (/home/estherfreixo/sd-036-project-recipes-app-ts/node_modules/react/cjs/react.development.js:2512:16) TypeError: setSearchInput is not a function\n    at handleChange (/home/estherfreixo/sd-036-project-recipes-app-ts/src/components/Header/index.tsx:22:5)\n    at HTMLUnknownElement.callCallback (/home/estherfreixo/sd-036-project-recipes-app-ts/node_modules/react-dom/cjs/react-dom.development.js:4164:14)\n    at HTMLUnknownElement.callTheUserObjectsOperation (/home/estherfreixo/sd-036-project-recipes-app-ts/node_modules/jsdom/lib/jsdom/living/generated/EventListener.js:26:30)\n    at innerInvokeEventListeners (/home/estherfreixo/sd-036-project-recipes-app-ts/node_modules/jsdom/lib/jsdom/living/events/EventTarget-impl.js:350:25)\n    at invokeEventListeners (/home/estherfreixo/sd-036-project-recipes-app-ts/node_modules/jsdom/lib/jsdom/living/events/EventTarget-impl.js:286:3)\n    at HTMLUnknownElementImpl._dispatch (/home/estherfreixo/sd-036-project-recipes-app-ts/node_modules/jsdom/lib/jsdom/living/events/EventTarget-impl.js:233:9)\n    at HTMLUnknownElementImpl.dispatchEvent (/home/estherfreixo/sd-036-project-recipes-app-ts/node_modules/jsdom/lib/jsdom/living/events/EventTarget-impl.js:104:17)\n    at HTMLUnknownElement.dispatchEvent (/home/estherfreixo/sd-036-project-recipes-app-ts/node_modules/jsdom/lib/jsdom/living/generated/EventTarget.js:241:34)\n    at Object.invokeGuardedCallbackDev (/home/estherfreixo/sd-036-project-recipes-app-ts/node_modules/react-dom/cjs/react-dom.development.js:4213:16)\n    at invokeGuardedCallback (/home/estherfreixo/sd-036-project-recipes-app-ts/node_modules/react-dom/cjs/react-dom.development.js:4277:31) {\n  stackStr: 'TypeError: setSearchInput is not a function\\n' +\n    '    at handleChange (/home/estherfreixo/sd-036-project-recipes-app-ts/src/components/Header/index.tsx:22:5)\\n' +\n    '    at HTMLUnknownElement.callCallback (/home/estherfreixo/sd-036-project-recipes-app-ts/node_modules/react-dom/cjs/react-dom.development.js:4164:14)\\n' +\n    '    at HTMLUnknownElement.callTheUserObjectsOperation (/home/estherfreixo/sd-036-project-recipes-app-ts/node_modules/jsdom/lib/jsdom/living/generated/EventListener.js:26:30)\\n' +\n    '    at innerInvokeEventListeners (/home/estherfreixo/sd-036-project-recipes-app-ts/node_modules/jsdom/lib/jsdom/living/events/EventTarget-impl.js:350:25)\\n' +\n    '    at invokeEventListeners (/home/estherfreixo/sd-036-project-recipes-app-ts/node_modules/jsdom/lib/jsdom/living/events/EventTarget-impl.js:286:3)\\n' +\n    '    at HTMLUnknownElementImpl._dispatch (/home/estherfreixo/sd-036-project-recipes-app-ts/node_modules/jsdom/lib/jsdom/living/events/EventTarget-impl.js:233:9)\\n' +\n    '    at HTMLUnknownElementImpl.dispatchEvent (/home/estherfreixo/sd-036-project-recipes-app-ts/node_modules/jsdom/lib/jsdom/living/events/EventTarget-impl.js:104:17)\\n' +\n    '    at HTMLUnknownElement.dispatchEvent (/home/estherfreixo/sd-036-project-recipes-app-ts/node_modules/jsdom/lib/jsdom/living/generated/EventTarget.js:241:34)\\n' +\n    '    at Object.invokeGuardedCallbackDev (/home/estherfreixo/sd-036-project-recipes-app-ts/node_modules/react-dom/cjs/react-dom.development.js:4213:16)\\n' +\n    '    at invokeGuardedCallback (/home/estherfreixo/sd-036-project-recipes-app-ts/node_modules/react-dom/cjs/react-dom.development.js:4277:31)',\n  nameStr: 'TypeError',\n  expected: 'undefined',\n  actual: 'undefined'\n}\n\nstderr | src/tests/Header.test.tsx > Teste renderização do Header > Renderiza Botão de busca\nError: Uncaught [TypeError: setSearchInput is not a function]\n    at reportException (/home/estherfreixo/sd-036-project-recipes-app-ts/node_modules/jsdom/lib/jsdom/living/helpers/runtime-script-errors.js:66:24)\n    at innerInvokeEventListeners (/home/estherfreixo/sd-036-project-recipes-app-ts/node_modules/jsdom/lib/jsdom/living/events/EventTarget-impl.js:353:9)\n    at invokeEventListeners (/home/estherfreixo/sd-036-project-recipes-app-ts/node_modules/jsdom/lib/jsdom/living/events/EventTarget-impl.js:286:3)\n    at HTMLUnknownElementImpl._dispatch (/home/estherfreixo/sd-036-project-recipes-app-ts/node_modules/jsdom/lib/jsdom/living/events/EventTarget-impl.js:233:9)\n    at HTMLUnknownElementImpl.dispatchEvent (/home/estherfreixo/sd-036-project-recipes-app-ts/node_modules/jsdom/lib/jsdom/living/events/EventTarget-impl.js:104:17)\n    at HTMLUnknownElement.dispatchEvent (/home/estherfreixo/sd-036-project-recipes-app-ts/node_modules/jsdom/lib/jsdom/living/generated/EventTarget.js:241:34)\n    at Object.invokeGuardedCallbackDev (/home/estherfreixo/sd-036-project-recipes-app-ts/node_modules/react-dom/cjs/react-dom.development.js:4213:16)\n    at invokeGuardedCallback (/home/estherfreixo/sd-036-project-recipes-app-ts/node_modules/react-dom/cjs/react-dom.development.js:4277:31)\n    at invokeGuardedCallbackAndCatchFirstError (/home/estherfreixo/sd-036-project-recipes-app-ts/node_modules/react-dom/cjs/react-dom.development.js:4291:25)\n    at executeDispatch (/home/estherfreixo/sd-036-project-recipes-app-ts/node_modules/react-dom/cjs/react-dom.development.js:9041:3) TypeError: setSearchInput is not a function\n    at handleChange (/home/estherfreixo/sd-036-project-recipes-app-ts/src/components/Header/index.tsx:22:5)\n    at HTMLUnknownElement.callCallback (/home/estherfreixo/sd-036-project-recipes-app-ts/node_modules/react-dom/cjs/react-dom.development.js:4164:14)\n    at HTMLUnknownElement.callTheUserObjectsOperation (/home/estherfreixo/sd-036-project-recipes-app-ts/node_modules/jsdom/lib/jsdom/living/generated/EventListener.js:26:30)\n    at innerInvokeEventListeners (/home/estherfreixo/sd-036-project-recipes-app-ts/node_modules/jsdom/lib/jsdom/living/events/EventTarget-impl.js:350:25)\n    at invokeEventListeners (/home/estherfreixo/sd-036-project-recipes-app-ts/node_modules/jsdom/lib/jsdom/living/events/EventTarget-impl.js:286:3)\n    at HTMLUnknownElementImpl._dispatch (/home/estherfreixo/sd-036-project-recipes-app-ts/node_modules/jsdom/lib/jsdom/living/events/EventTarget-impl.js:233:9)\n    at HTMLUnknownElementImpl.dispatchEvent (/home/estherfreixo/sd-036-project-recipes-app-ts/node_modules/jsdom/lib/jsdom/living/events/EventTarget-impl.js:104:17)\n    at HTMLUnknownElement.dispatchEvent (/home/estherfreixo/sd-036-project-recipes-app-ts/node_modules/jsdom/lib/jsdom/living/generated/EventTarget.js:241:34)\n    at Object.invokeGuardedCallbackDev (/home/estherfreixo/sd-036-project-recipes-app-ts/node_modules/react-dom/cjs/react-dom.development.js:4213:16)\n    at invokeGuardedCallback (/home/estherfreixo/sd-036-project-recipes-app-ts/node_modules/react-dom/cjs/react-dom.development.js:4277:31)\nError: Uncaught [TypeError: setSearchInput is not a function]\n    at reportException (/home/estherfreixo/sd-036-project-recipes-app-ts/node_modules/jsdom/lib/jsdom/living/helpers/runtime-script-errors.js:66:24)\n    at innerInvokeEventListeners (/home/estherfreixo/sd-036-project-recipes-app-ts/node_modules/jsdom/lib/jsdom/living/events/EventTarget-impl.js:353:9)\n    at invokeEventListeners (/home/estherfreixo/sd-036-project-recipes-app-ts/node_modules/jsdom/lib/jsdom/living/events/EventTarget-impl.js:286:3)\n    at HTMLInputElementImpl._dispatch (/home/estherfreixo/sd-036-project-recipes-app-ts/node_modules/jsdom/lib/jsdom/living/events/EventTarget-impl.js:233:9)\n    at HTMLInputElementImpl.dispatchEvent (/home/estherfreixo/sd-036-project-recipes-app-ts/node_modules/jsdom/lib/jsdom/living/events/EventTarget-impl.js:104:17)\n    at HTMLInputElement.dispatchEvent (/home/estherfreixo/sd-036-project-recipes-app-ts/node_modules/jsdom/lib/jsdom/living/generated/EventTarget.js:241:34)\n    at file:///home/estherfreixo/sd-036-project-recipes-app-ts/node_modules/@testing-library/user-event/dist/esm/event/dispatchEvent.js:43:33\n    at /home/estherfreixo/sd-036-project-recipes-app-ts/node_modules/@testing-library/react/dist/pure.js:79:16\n    at /home/estherfreixo/sd-036-project-recipes-app-ts/node_modules/@testing-library/react/dist/act-compat.js:64:24\n    at act (/home/estherfreixo/sd-036-project-recipes-app-ts/node_modules/react/cjs/react.development.js:2512:16) TypeError: setSearchInput is not a function\n    at handleChange (/home/estherfreixo/sd-036-project-recipes-app-ts/src/components/Header/index.tsx:22:5)\n    at HTMLUnknownElement.callCallback (/home/estherfreixo/sd-036-project-recipes-app-ts/node_modules/react-dom/cjs/react-dom.development.js:4164:14)\n    at HTMLUnknownElement.callTheUserObjectsOperation (/home/estherfreixo/sd-036-project-recipes-app-ts/node_modules/jsdom/lib/jsdom/living/generated/EventListener.js:26:30)\n    at innerInvokeEventListeners (/home/estherfreixo/sd-036-project-recipes-app-ts/node_modules/jsdom/lib/jsdom/living/events/EventTarget-impl.js:350:25)\n    at invokeEventListeners (/home/estherfreixo/sd-036-project-recipes-app-ts/node_modules/jsdom/lib/jsdom/living/events/EventTarget-impl.js:286:3)\n    at HTMLUnknownElementImpl._dispatch (/home/estherfreixo/sd-036-project-recipes-app-ts/node_modules/jsdom/lib/jsdom/living/events/EventTarget-impl.js:233:9)\n    at HTMLUnknownElementImpl.dispatchEvent (/home/estherfreixo/sd-036-project-recipes-app-ts/node_modules/jsdom/lib/jsdom/living/events/EventTarget-impl.js:104:17)\n    at HTMLUnknownElement.dispatchEvent (/home/estherfreixo/sd-036-project-recipes-app-ts/node_modules/jsdom/lib/jsdom/living/generated/EventTarget.js:241:34)\n    at Object.invokeGuardedCallbackDev (/home/estherfreixo/sd-036-project-recipes-app-ts/node_modules/react-dom/cjs/react-dom.development.js:4213:16)\n    at invokeGuardedCallback (/home/estherfreixo/sd-036-project-recipes-app-ts/node_modules/react-dom/cjs/react-dom.development.js:4277:31) {\n  stackStr: 'TypeError: setSearchInput is not a function\\n' +\n    '    at handleChange (/home/estherfreixo/sd-036-project-recipes-app-ts/src/components/Header/index.tsx:22:5)\\n' +\n    '    at HTMLUnknownElement.callCallback (/home/estherfreixo/sd-036-project-recipes-app-ts/node_modules/react-dom/cjs/react-dom.development.js:4164:14)\\n' +\n    '    at HTMLUnknownElement.callTheUserObjectsOperation (/home/estherfreixo/sd-036-project-recipes-app-ts/node_modules/jsdom/lib/jsdom/living/generated/EventListener.js:26:30)\\n' +\n    '    at innerInvokeEventListeners (/home/estherfreixo/sd-036-project-recipes-app-ts/node_modules/jsdom/lib/jsdom/living/events/EventTarget-impl.js:350:25)\\n' +\n    '    at invokeEventListeners (/home/estherfreixo/sd-036-project-recipes-app-ts/node_modules/jsdom/lib/jsdom/living/events/EventTarget-impl.js:286:3)\\n' +\n    '    at HTMLUnknownElementImpl._dispatch (/home/estherfreixo/sd-036-project-recipes-app-ts/node_modules/jsdom/lib/jsdom/living/events/EventTarget-impl.js:233:9)\\n' +\n    '    at HTMLUnknownElementImpl.dispatchEvent (/home/estherfreixo/sd-036-project-recipes-app-ts/node_modules/jsdom/lib/jsdom/living/events/EventTarget-impl.js:104:17)\\n' +\n    '    at HTMLUnknownElement.dispatchEvent (/home/estherfreixo/sd-036-project-recipes-app-ts/node_modules/jsdom/lib/jsdom/living/generated/EventTarget.js:241:34)\\n' +\n    '    at Object.invokeGuardedCallbackDev (/home/estherfreixo/sd-036-project-recipes-app-ts/node_modules/react-dom/cjs/react-dom.development.js:4213:16)\\n' +\n    '    at invokeGuardedCallback (/home/estherfreixo/sd-036-project-recipes-app-ts/node_modules/react-dom/cjs/react-dom.development.js:4277:31)',\n  nameStr: 'TypeError',\n  expected: 'undefined',\n  actual: 'undefined'\n}\n\nstderr | src/tests/Header.test.tsx > Teste renderização do Header > Renderiza Botão de busca\nError: Uncaught [TypeError: setSearchInput is not a function]\n    at reportException (/home/estherfreixo/sd-036-project-recipes-app-ts/node_modules/jsdom/lib/jsdom/living/helpers/runtime-script-errors.js:66:24)\n    at innerInvokeEventListeners (/home/estherfreixo/sd-036-project-recipes-app-ts/node_modules/jsdom/lib/jsdom/living/events/EventTarget-impl.js:353:9)\n    at invokeEventListeners (/home/estherfreixo/sd-036-project-recipes-app-ts/node_modules/jsdom/lib/jsdom/living/events/EventTarget-impl.js:286:3)\n    at HTMLUnknownElementImpl._dispatch (/home/estherfreixo/sd-036-project-recipes-app-ts/node_modules/jsdom/lib/jsdom/living/events/EventTarget-impl.js:233:9)\n    at HTMLUnknownElementImpl.dispatchEvent (/home/estherfreixo/sd-036-project-recipes-app-ts/node_modules/jsdom/lib/jsdom/living/events/EventTarget-impl.js:104:17)\n    at HTMLUnknownElement.dispatchEvent (/home/estherfreixo/sd-036-project-recipes-app-ts/node_modules/jsdom/lib/jsdom/living/generated/EventTarget.js:241:34)\n    at Object.invokeGuardedCallbackDev (/home/estherfreixo/sd-036-project-recipes-app-ts/node_modules/react-dom/cjs/react-dom.development.js:4213:16)\n    at invokeGuardedCallback (/home/estherfreixo/sd-036-project-recipes-app-ts/node_modules/react-dom/cjs/react-dom.development.js:4277:31)\n    at invokeGuardedCallbackAndCatchFirstError (/home/estherfreixo/sd-036-project-recipes-app-ts/node_modules/react-dom/cjs/react-dom.development.js:4291:25)\n    at executeDispatch (/home/estherfreixo/sd-036-project-recipes-app-ts/node_modules/react-dom/cjs/react-dom.development.js:9041:3) TypeError: setSearchInput is not a function\n    at handleChange (/home/estherfreixo/sd-036-project-recipes-app-ts/src/components/Header/index.tsx:22:5)\n    at HTMLUnknownElement.callCallback (/home/estherfreixo/sd-036-project-recipes-app-ts/node_modules/react-dom/cjs/react-dom.development.js:4164:14)\n    at HTMLUnknownElement.callTheUserObjectsOperation (/home/estherfreixo/sd-036-project-recipes-app-ts/node_modules/jsdom/lib/jsdom/living/generated/EventListener.js:26:30)\n    at innerInvokeEventListeners (/home/estherfreixo/sd-036-project-recipes-app-ts/node_modules/jsdom/lib/jsdom/living/events/EventTarget-impl.js:350:25)\n    at invokeEventListeners (/home/estherfreixo/sd-036-project-recipes-app-ts/node_modules/jsdom/lib/jsdom/living/events/EventTarget-impl.js:286:3)\n    at HTMLUnknownElementImpl._dispatch (/home/estherfreixo/sd-036-project-recipes-app-ts/node_modules/jsdom/lib/jsdom/living/events/EventTarget-impl.js:233:9)\n    at HTMLUnknownElementImpl.dispatchEvent (/home/estherfreixo/sd-036-project-recipes-app-ts/node_modules/jsdom/lib/jsdom/living/events/EventTarget-impl.js:104:17)\n    at HTMLUnknownElement.dispatchEvent (/home/estherfreixo/sd-036-project-recipes-app-ts/node_modules/jsdom/lib/jsdom/living/generated/EventTarget.js:241:34)\n    at Object.invokeGuardedCallbackDev (/home/estherfreixo/sd-036-project-recipes-app-ts/node_modules/react-dom/cjs/react-dom.development.js:4213:16)\n    at invokeGuardedCallback (/home/estherfreixo/sd-036-project-recipes-app-ts/node_modules/react-dom/cjs/react-dom.development.js:4277:31)\nError: Uncaught [TypeError: setSearchInput is not a function]\n    at reportException (/home/estherfreixo/sd-036-project-recipes-app-ts/node_modules/jsdom/lib/jsdom/living/helpers/runtime-script-errors.js:66:24)\n    at innerInvokeEventListeners (/home/estherfreixo/sd-036-project-recipes-app-ts/node_modules/jsdom/lib/jsdom/living/events/EventTarget-impl.js:353:9)\n    at invokeEventListeners (/home/estherfreixo/sd-036-project-recipes-app-ts/node_modules/jsdom/lib/jsdom/living/events/EventTarget-impl.js:286:3)\n    at HTMLInputElementImpl._dispatch (/home/estherfreixo/sd-036-project-recipes-app-ts/node_modules/jsdom/lib/jsdom/living/events/EventTarget-impl.js:233:9)\n    at HTMLInputElementImpl.dispatchEvent (/home/estherfreixo/sd-036-project-recipes-app-ts/node_modules/jsdom/lib/jsdom/living/events/EventTarget-impl.js:104:17)\n    at HTMLInputElement.dispatchEvent (/home/estherfreixo/sd-036-project-recipes-app-ts/node_modules/jsdom/lib/jsdom/living/generated/EventTarget.js:241:34)\n    at file:///home/estherfreixo/sd-036-project-recipes-app-ts/node_modules/@testing-library/user-event/dist/esm/event/dispatchEvent.js:43:33\n    at /home/estherfreixo/sd-036-project-recipes-app-ts/node_modules/@testing-library/react/dist/pure.js:79:16\n    at /home/estherfreixo/sd-036-project-recipes-app-ts/node_modules/@testing-library/react/dist/act-compat.js:64:24\n    at act (/home/estherfreixo/sd-036-project-recipes-app-ts/node_modules/react/cjs/react.development.js:2512:16) TypeError: setSearchInput is not a function\n    at handleChange (/home/estherfreixo/sd-036-project-recipes-app-ts/src/components/Header/index.tsx:22:5)\n    at HTMLUnknownElement.callCallback (/home/estherfreixo/sd-036-project-recipes-app-ts/node_modules/react-dom/cjs/react-dom.development.js:4164:14)\n    at HTMLUnknownElement.callTheUserObjectsOperation (/home/estherfreixo/sd-036-project-recipes-app-ts/node_modules/jsdom/lib/jsdom/living/generated/EventListener.js:26:30)\n    at innerInvokeEventListeners (/home/estherfreixo/sd-036-project-recipes-app-ts/node_modules/jsdom/lib/jsdom/living/events/EventTarget-impl.js:350:25)\n    at invokeEventListeners (/home/estherfreixo/sd-036-project-recipes-app-ts/node_modules/jsdom/lib/jsdom/living/events/EventTarget-impl.js:286:3)\n    at HTMLUnknownElementImpl._dispatch (/home/estherfreixo/sd-036-project-recipes-app-ts/node_modules/jsdom/lib/jsdom/living/events/EventTarget-impl.js:233:9)\n    at HTMLUnknownElementImpl.dispatchEvent (/home/estherfreixo/sd-036-project-recipes-app-ts/node_modules/jsdom/lib/jsdom/living/events/EventTarget-impl.js:104:17)\n    at HTMLUnknownElement.dispatchEvent (/home/estherfreixo/sd-036-project-recipes-app-ts/node_modules/jsdom/lib/jsdom/living/generated/EventTarget.js:241:34)\n    at Object.invokeGuardedCallbackDev (/home/estherfreixo/sd-036-project-recipes-app-ts/node_modules/react-dom/cjs/react-dom.development.js:4213:16)\n    at invokeGuardedCallback (/home/estherfreixo/sd-036-project-recipes-app-ts/node_modules/react-dom/cjs/react-dom.development.js:4277:31) {\n  stackStr: 'TypeError: setSearchInput is not a function\\n' +\n    '    at handleChange (/home/estherfreixo/sd-036-project-recipes-app-ts/src/components/Header/index.tsx:22:5)\\n' +\n    '    at HTMLUnknownElement.callCallback (/home/estherfreixo/sd-036-project-recipes-app-ts/node_modules/react-dom/cjs/react-dom.development.js:4164:14)\\n' +\n    '    at HTMLUnknownElement.callTheUserObjectsOperation (/home/estherfreixo/sd-036-project-recipes-app-ts/node_modules/jsdom/lib/jsdom/living/generated/EventListener.js:26:30)\\n' +\n    '    at innerInvokeEventListeners (/home/estherfreixo/sd-036-project-recipes-app-ts/node_modules/jsdom/lib/jsdom/living/events/EventTarget-impl.js:350:25)\\n' +\n    '    at invokeEventListeners (/home/estherfreixo/sd-036-project-recipes-app-ts/node_modules/jsdom/lib/jsdom/living/events/EventTarget-impl.js:286:3)\\n' +\n    '    at HTMLUnknownElementImpl._dispatch (/home/estherfreixo/sd-036-project-recipes-app-ts/node_modules/jsdom/lib/jsdom/living/events/EventTarget-impl.js:233:9)\\n' +\n    '    at HTMLUnknownElementImpl.dispatchEvent (/home/estherfreixo/sd-036-project-recipes-app-ts/node_modules/jsdom/lib/jsdom/living/events/EventTarget-impl.js:104:17)\\n' +\n    '    at HTMLUnknownElement.dispatchEvent (/home/estherfreixo/sd-036-project-recipes-app-ts/node_modules/jsdom/lib/jsdom/living/generated/EventTarget.js:241:34)\\n' +\n    '    at Object.invokeGuardedCallbackDev (/home/estherfreixo/sd-036-project-recipes-app-ts/node_modules/react-dom/cjs/react-dom.development.js:4213:16)\\n' +\n    '    at invokeGuardedCallback (/home/estherfreixo/sd-036-project-recipes-app-ts/node_modules/react-dom/cjs/react-dom.development.js:4277:31)',\n  nameStr: 'TypeError',\n  expected: 'undefined',\n  actual: 'undefined'\n}\n\n⎯⎯⎯⎯⎯ Uncaught Exception ⎯⎯⎯⎯⎯\nTypeError: setSearchInput is not a function\n ❯ handleChange src/components/Header/index.tsx:22:5\n     20|   // Captura o input digitado e atualiza no estado global SearchProvid…\n     21|   const handleChange = (e:any) => {\n     22|     setSearchInput(e.target.value);\n       |     ^\n     23|   };\n     24| \n ❯ HTMLUnknownElement.callCallback node_modules/react-dom/cjs/react-dom.development.js:4164:14\n ❯ HTMLUnknownElement.callTheUserObjectsOperation node_modules/jsdom/lib/jsdom/living/generated/EventListener.js:26:30\n ❯ innerInvokeEventListeners node_modules/jsdom/lib/jsdom/living/events/EventTarget-impl.js:350:25\n ❯ invokeEventListeners node_modules/jsdom/lib/jsdom/living/events/EventTarget-impl.js:286:3\n ❯ HTMLUnknownElementImpl._dispatch node_modules/jsdom/lib/jsdom/living/events/EventTarget-impl.js:233:9\n ❯ HTMLUnknownElementImpl.dispatchEvent node_modules/jsdom/lib/jsdom/living/events/EventTarget-impl.js:104:17\n ❯ HTMLUnknownElement.dispatchEvent node_modules/jsdom/lib/jsdom/living/generated/EventTarget.js:241:34\n ❯ Object.invokeGuardedCallbackDev node_modules/react-dom/cjs/react-dom.development.js:4213:16\n ❯ invokeGuardedCallback node_modules/react-dom/cjs/react-dom.development.js:4277:31\n\nThis error originated in \"src/tests/Header.test.tsx\" test file. It doesn't mean the error was thrown inside the file itself, but while it was running.\nThe latest test that might've caused the error is \"Renderiza Botão de busca\". It might mean one of the following:\n- The error was thrown, while Vitest was running this test.\n- This was the last recorded test before the error was thrown, if error originated after test finished its execution.\n\n⎯⎯⎯⎯⎯ Uncaught Exception ⎯⎯⎯⎯⎯\nTypeError: setSearchInput is not a function\n ❯ handleChange src/components/Header/index.tsx:22:5\n     20|   // Captura o input digitado e atualiza no estado global SearchProvid…\n     21|   const handleChange = (e:any) => {\n     22|     setSearchInput(e.target.value);\n       |     ^\n     23|   };\n     24| \n ❯ HTMLUnknownElement.callCallback node_modules/react-dom/cjs/react-dom.development.js:4164:14\n ❯ HTMLUnknownElement.callTheUserObjectsOperation node_modules/jsdom/lib/jsdom/living/generated/EventListener.js:26:30\n ❯ innerInvokeEventListeners node_modules/jsdom/lib/jsdom/living/events/EventTarget-impl.js:350:25\n ❯ invokeEventListeners node_modules/jsdom/lib/jsdom/living/events/EventTarget-impl.js:286:3\n ❯ HTMLUnknownElementImpl._dispatch node_modules/jsdom/lib/jsdom/living/events/EventTarget-impl.js:233:9\n ❯ HTMLUnknownElementImpl.dispatchEvent node_modules/jsdom/lib/jsdom/living/events/EventTarget-impl.js:104:17\n ❯ HTMLUnknownElement.dispatchEvent node_modules/jsdom/lib/jsdom/living/generated/EventTarget.js:241:34\n ❯ Object.invokeGuardedCallbackDev node_modules/react-dom/cjs/react-dom.development.js:4213:16\n ❯ invokeGuardedCallback node_modules/react-dom/cjs/react-dom.development.js:4277:31\n\nThis error originated in \"src/tests/Header.test.tsx\" test file. It doesn't mean the error was thrown inside the file itself, but while it was running.\nThe latest test that might've caused the error is \"Renderiza Botão de busca\". It might mean one of the following:\n- The error was thrown, while Vitest was running this test.\n- This was the last recorded test before the error was thrown, if error originated after test finished its execution.\n\n⎯⎯⎯⎯⎯ Uncaught Exception ⎯⎯⎯⎯⎯\nTypeError: setSearchInput is not a function\n ❯ handleChange src/components/Header/index.tsx:22:5\n     20|   // Captura o input digitado e atualiza no estado global SearchProvid…\n     21|   const handleChange = (e:any) => {\n     22|     setSearchInput(e.target.value);\n       |     ^\n     23|   };\n     24| \n ❯ HTMLUnknownElement.callCallback node_modules/react-dom/cjs/react-dom.development.js:4164:14\n ❯ HTMLUnknownElement.callTheUserObjectsOperation node_modules/jsdom/lib/jsdom/living/generated/EventListener.js:26:30\n ❯ innerInvokeEventListeners node_modules/jsdom/lib/jsdom/living/events/EventTarget-impl.js:350:25\n ❯ invokeEventListeners node_modules/jsdom/lib/jsdom/living/events/EventTarget-impl.js:286:3\n ❯ HTMLUnknownElementImpl._dispatch node_modules/jsdom/lib/jsdom/living/events/EventTarget-impl.js:233:9\n ❯ HTMLUnknownElementImpl.dispatchEvent node_modules/jsdom/lib/jsdom/living/events/EventTarget-impl.js:104:17\n ❯ HTMLUnknownElement.dispatchEvent node_modules/jsdom/lib/jsdom/living/generated/EventTarget.js:241:34\n ❯ Object.invokeGuardedCallbackDev node_modules/react-dom/cjs/react-dom.development.js:4213:16\n ❯ invokeGuardedCallback node_modules/react-dom/cjs/react-dom.development.js:4277:31\n\nThis error originated in \"src/tests/Header.test.tsx\" test file. It doesn't mean the error was thrown inside the file itself, but while it was running.\nThe latest test that might've caused the error is \"Renderiza Botão de busca\". It might mean one of the following:\n- The error was thrown, while Vitest was running this test.\n- This was the last recorded test before the error was thrown, if error originated after test finished its execution.\n\n⎯⎯⎯⎯⎯ Uncaught Exception ⎯⎯⎯⎯⎯\nTypeError: setSearchInput is not a function\n ❯ handleChange src/components/Header/index.tsx:22:5\n     20|   // Captura o input digitado e atualiza no estado global SearchProvid…\n     21|   const handleChange = (e:any) => {\n     22|     setSearchInput(e.target.value);\n       |     ^\n     23|   };\n     24| \n ❯ HTMLUnknownElement.callCallback node_modules/react-dom/cjs/react-dom.development.js:4164:14\n ❯ HTMLUnknownElement.callTheUserObjectsOperation node_modules/jsdom/lib/jsdom/living/generated/EventListener.js:26:30\n ❯ innerInvokeEventListeners node_modules/jsdom/lib/jsdom/living/events/EventTarget-impl.js:350:25\n ❯ invokeEventListeners node_modules/jsdom/lib/jsdom/living/events/EventTarget-impl.js:286:3\n ❯ HTMLUnknownElementImpl._dispatch node_modules/jsdom/lib/jsdom/living/events/EventTarget-impl.js:233:9\n ❯ HTMLUnknownElementImpl.dispatchEvent node_modules/jsdom/lib/jsdom/living/events/EventTarget-impl.js:104:17\n ❯ HTMLUnknownElement.dispatchEvent node_modules/jsdom/lib/jsdom/living/generated/EventTarget.js:241:34\n ❯ Object.invokeGuardedCallbackDev node_modules/react-dom/cjs/react-dom.development.js:4213:16\n ❯ invokeGuardedCallback node_modules/react-dom/cjs/react-dom.development.js:4277:31\n\nThis error originated in \"src/tests/Header.test.tsx\" test file. It doesn't mean the error was thrown inside the file itself, but while it was running.\nThe latest test that might've caused the error is \"Renderiza Botão de busca\". It might mean one of the following:\n- The error was thrown, while Vitest was running this test.\n- This was the last recorded test before the error was thrown, if error originated after test finished its execution.\n\n⎯⎯⎯⎯⎯ Uncaught Exception ⎯⎯⎯⎯⎯\nTypeError: setSearchInput is not a function\n ❯ handleChange src/components/Header/index.tsx:22:5\n     20|   // Captura o input digitado e atualiza no estado global SearchProvid…\n     21|   const handleChange = (e:any) => {\n     22|     setSearchInput(e.target.value);\n       |     ^\n     23|   };\n     24| \n ❯ HTMLUnknownElement.callCallback node_modules/react-dom/cjs/react-dom.development.js:4164:14\n ❯ HTMLUnknownElement.callTheUserObjectsOperation node_modules/jsdom/lib/jsdom/living/generated/EventListener.js:26:30\n ❯ innerInvokeEventListeners node_modules/jsdom/lib/jsdom/living/events/EventTarget-impl.js:350:25\n ❯ invokeEventListeners node_modules/jsdom/lib/jsdom/living/events/EventTarget-impl.js:286:3\n ❯ HTMLUnknownElementImpl._dispatch node_modules/jsdom/lib/jsdom/living/events/EventTarget-impl.js:233:9\n ❯ HTMLUnknownElementImpl.dispatchEvent node_modules/jsdom/lib/jsdom/living/events/EventTarget-impl.js:104:17\n ❯ HTMLUnknownElement.dispatchEvent node_modules/jsdom/lib/jsdom/living/generated/EventTarget.js:241:34\n ❯ Object.invokeGuardedCallbackDev node_modules/react-dom/cjs/react-dom.development.js:4213:16\n ❯ invokeGuardedCallback node_modules/react-dom/cjs/react-dom.development.js:4277:31\n\nThis error originated in \"src/tests/Header.test.tsx\" test file. It doesn't mean the error was thrown inside the file itself, but while it was running.\nThe latest test that might've caused the error is \"Renderiza Botão de busca\". It might mean one of the following:\n- The error was thrown, while Vitest was running this test.\n- This was the last recorded test before the error was thrown, if error originated after test finished its execution.\n\n\nhttps://on.cypress.io/api/task",
                "estack": "CypressError: `cy.task('getCoverage')` failed with the following error:\n\n> Command failed: npm run cy-coverage ./src\nstderr | src/tests/Header.test.tsx > Teste renderização do Header > Renderiza Botão de busca\nError: Uncaught [TypeError: setSearchInput is not a function]\n    at reportException (/home/estherfreixo/sd-036-project-recipes-app-ts/node_modules/jsdom/lib/jsdom/living/helpers/runtime-script-errors.js:66:24)\n    at innerInvokeEventListeners (/home/estherfreixo/sd-036-project-recipes-app-ts/node_modules/jsdom/lib/jsdom/living/events/EventTarget-impl.js:353:9)\n    at invokeEventListeners (/home/estherfreixo/sd-036-project-recipes-app-ts/node_modules/jsdom/lib/jsdom/living/events/EventTarget-impl.js:286:3)\n    at HTMLUnknownElementImpl._dispatch (/home/estherfreixo/sd-036-project-recipes-app-ts/node_modules/jsdom/lib/jsdom/living/events/EventTarget-impl.js:233:9)\n    at HTMLUnknownElementImpl.dispatchEvent (/home/estherfreixo/sd-036-project-recipes-app-ts/node_modules/jsdom/lib/jsdom/living/events/EventTarget-impl.js:104:17)\n    at HTMLUnknownElement.dispatchEvent (/home/estherfreixo/sd-036-project-recipes-app-ts/node_modules/jsdom/lib/jsdom/living/generated/EventTarget.js:241:34)\n    at Object.invokeGuardedCallbackDev (/home/estherfreixo/sd-036-project-recipes-app-ts/node_modules/react-dom/cjs/react-dom.development.js:4213:16)\n    at invokeGuardedCallback (/home/estherfreixo/sd-036-project-recipes-app-ts/node_modules/react-dom/cjs/react-dom.development.js:4277:31)\n    at invokeGuardedCallbackAndCatchFirstError (/home/estherfreixo/sd-036-project-recipes-app-ts/node_modules/react-dom/cjs/react-dom.development.js:4291:25)\nat executeDispatch (/home/estherfreixo/sd-036-project-recipes-app-ts/node_modules/react-dom/cjs/react-dom.development.js:9041:3) TypeError: setSearchInput is not a function\nat handleChange (/home/estherfreixo/sd-036-project-recipes-app-ts/src/components/Header/index.tsx:22:5)\nat HTMLUnknownElement.callCallback (/home/estherfreixo/sd-036-project-recipes-app-ts/node_modules/react-dom/cjs/react-dom.development.js:4164:14)\nat HTMLUnknownElement.callTheUserObjectsOperation (/home/estherfreixo/sd-036-project-recipes-app-ts/node_modules/jsdom/lib/jsdom/living/generated/EventListener.js:26:30)\nat innerInvokeEventListeners (/home/estherfreixo/sd-036-project-recipes-app-ts/node_modules/jsdom/lib/jsdom/living/events/EventTarget-impl.js:350:25)\nat invokeEventListeners (/home/estherfreixo/sd-036-project-recipes-app-ts/node_modules/jsdom/lib/jsdom/living/events/EventTarget-impl.js:286:3)\nat HTMLUnknownElementImpl._dispatch (/home/estherfreixo/sd-036-project-recipes-app-ts/node_modules/jsdom/lib/jsdom/living/events/EventTarget-impl.js:233:9)\nat HTMLUnknownElementImpl.dispatchEvent (/home/estherfreixo/sd-036-project-recipes-app-ts/node_modules/jsdom/lib/jsdom/living/events/EventTarget-impl.js:104:17)\nat HTMLUnknownElement.dispatchEvent (/home/estherfreixo/sd-036-project-recipes-app-ts/node_modules/jsdom/lib/jsdom/living/generated/EventTarget.js:241:34)\nat Object.invokeGuardedCallbackDev (/home/estherfreixo/sd-036-project-recipes-app-ts/node_modules/react-dom/cjs/react-dom.development.js:4213:16)\nat invokeGuardedCallback (/home/estherfreixo/sd-036-project-recipes-app-ts/node_modules/react-dom/cjs/react-dom.development.js:4277:31)\nError: Uncaught [TypeError: setSearchInput is not a function]\n    at reportException (/home/estherfreixo/sd-036-project-recipes-app-ts/node_modules/jsdom/lib/jsdom/living/helpers/runtime-script-errors.js:66:24)\n    at innerInvokeEventListeners (/home/estherfreixo/sd-036-project-recipes-app-ts/node_modules/jsdom/lib/jsdom/living/events/EventTarget-impl.js:353:9)\n    at invokeEventListeners (/home/estherfreixo/sd-036-project-recipes-app-ts/node_modules/jsdom/lib/jsdom/living/events/EventTarget-impl.js:286:3)\n    at HTMLInputElementImpl._dispatch (/home/estherfreixo/sd-036-project-recipes-app-ts/node_modules/jsdom/lib/jsdom/living/events/EventTarget-impl.js:233:9)\n    at HTMLInputElementImpl.dispatchEvent (/home/estherfreixo/sd-036-project-recipes-app-ts/node_modules/jsdom/lib/jsdom/living/events/EventTarget-impl.js:104:17)\n    at HTMLInputElement.dispatchEvent (/home/estherfreixo/sd-036-project-recipes-app-ts/node_modules/jsdom/lib/jsdom/living/generated/EventTarget.js:241:34)\n    at <unknown> (file:///home/estherfreixo/sd-036-project-recipes-app-ts/node_modules/@testing-library/user-event/dist/esm/event/dispatchEvent.js:43:33)\n    at <unknown> (/home/estherfreixo/sd-036-project-recipes-app-ts/node_modules/@testing-library/react/dist/pure.js:79:16)\n    at <unknown> (/home/estherfreixo/sd-036-project-recipes-app-ts/node_modules/@testing-library/react/dist/act-compat.js:64:24)\nat act (/home/estherfreixo/sd-036-project-recipes-app-ts/node_modules/react/cjs/react.development.js:2512:16) TypeError: setSearchInput is not a function\nat handleChange (/home/estherfreixo/sd-036-project-recipes-app-ts/src/components/Header/index.tsx:22:5)\nat HTMLUnknownElement.callCallback (/home/estherfreixo/sd-036-project-recipes-app-ts/node_modules/react-dom/cjs/react-dom.development.js:4164:14)\nat HTMLUnknownElement.callTheUserObjectsOperation (/home/estherfreixo/sd-036-project-recipes-app-ts/node_modules/jsdom/lib/jsdom/living/generated/EventListener.js:26:30)\nat innerInvokeEventListeners (/home/estherfreixo/sd-036-project-recipes-app-ts/node_modules/jsdom/lib/jsdom/living/events/EventTarget-impl.js:350:25)\nat invokeEventListeners (/home/estherfreixo/sd-036-project-recipes-app-ts/node_modules/jsdom/lib/jsdom/living/events/EventTarget-impl.js:286:3)\nat HTMLUnknownElementImpl._dispatch (/home/estherfreixo/sd-036-project-recipes-app-ts/node_modules/jsdom/lib/jsdom/living/events/EventTarget-impl.js:233:9)\nat HTMLUnknownElementImpl.dispatchEvent (/home/estherfreixo/sd-036-project-recipes-app-ts/node_modules/jsdom/lib/jsdom/living/events/EventTarget-impl.js:104:17)\nat HTMLUnknownElement.dispatchEvent (/home/estherfreixo/sd-036-project-recipes-app-ts/node_modules/jsdom/lib/jsdom/living/generated/EventTarget.js:241:34)\nat Object.invokeGuardedCallbackDev (/home/estherfreixo/sd-036-project-recipes-app-ts/node_modules/react-dom/cjs/react-dom.development.js:4213:16)\nat invokeGuardedCallback (/home/estherfreixo/sd-036-project-recipes-app-ts/node_modules/react-dom/cjs/react-dom.development.js:4277:31) {\nstackStr: 'TypeError: setSearchInput is not a function\\n' +\n'    at handleChange (/home/estherfreixo/sd-036-project-recipes-app-ts/src/components/Header/index.tsx:22:5)\\n' +\n'    at HTMLUnknownElement.callCallback (/home/estherfreixo/sd-036-project-recipes-app-ts/node_modules/react-dom/cjs/react-dom.development.js:4164:14)\\n' +\n'    at HTMLUnknownElement.callTheUserObjectsOperation (/home/estherfreixo/sd-036-project-recipes-app-ts/node_modules/jsdom/lib/jsdom/living/generated/EventListener.js:26:30)\\n' +\n'    at innerInvokeEventListeners (/home/estherfreixo/sd-036-project-recipes-app-ts/node_modules/jsdom/lib/jsdom/living/events/EventTarget-impl.js:350:25)\\n' +\n'    at invokeEventListeners (/home/estherfreixo/sd-036-project-recipes-app-ts/node_modules/jsdom/lib/jsdom/living/events/EventTarget-impl.js:286:3)\\n' +\n'    at HTMLUnknownElementImpl._dispatch (/home/estherfreixo/sd-036-project-recipes-app-ts/node_modules/jsdom/lib/jsdom/living/events/EventTarget-impl.js:233:9)\\n' +\n'    at HTMLUnknownElementImpl.dispatchEvent (/home/estherfreixo/sd-036-project-recipes-app-ts/node_modules/jsdom/lib/jsdom/living/events/EventTarget-impl.js:104:17)\\n' +\n'    at HTMLUnknownElement.dispatchEvent (/home/estherfreixo/sd-036-project-recipes-app-ts/node_modules/jsdom/lib/jsdom/living/generated/EventTarget.js:241:34)\\n' +\n'    at Object.invokeGuardedCallbackDev (/home/estherfreixo/sd-036-project-recipes-app-ts/node_modules/react-dom/cjs/react-dom.development.js:4213:16)\\n' +\n'    at invokeGuardedCallback (/home/estherfreixo/sd-036-project-recipes-app-ts/node_modules/react-dom/cjs/react-dom.development.js:4277:31)',\nnameStr: 'TypeError',\nexpected: 'undefined',\nactual: 'undefined'\n}\n\nstderr | src/tests/Header.test.tsx > Teste renderização do Header > Renderiza Botão de busca\nError: Uncaught [TypeError: setSearchInput is not a function]\n    at reportException (/home/estherfreixo/sd-036-project-recipes-app-ts/node_modules/jsdom/lib/jsdom/living/helpers/runtime-script-errors.js:66:24)\n    at innerInvokeEventListeners (/home/estherfreixo/sd-036-project-recipes-app-ts/node_modules/jsdom/lib/jsdom/living/events/EventTarget-impl.js:353:9)\n    at invokeEventListeners (/home/estherfreixo/sd-036-project-recipes-app-ts/node_modules/jsdom/lib/jsdom/living/events/EventTarget-impl.js:286:3)\n    at HTMLUnknownElementImpl._dispatch (/home/estherfreixo/sd-036-project-recipes-app-ts/node_modules/jsdom/lib/jsdom/living/events/EventTarget-impl.js:233:9)\n    at HTMLUnknownElementImpl.dispatchEvent (/home/estherfreixo/sd-036-project-recipes-app-ts/node_modules/jsdom/lib/jsdom/living/events/EventTarget-impl.js:104:17)\n    at HTMLUnknownElement.dispatchEvent (/home/estherfreixo/sd-036-project-recipes-app-ts/node_modules/jsdom/lib/jsdom/living/generated/EventTarget.js:241:34)\n    at Object.invokeGuardedCallbackDev (/home/estherfreixo/sd-036-project-recipes-app-ts/node_modules/react-dom/cjs/react-dom.development.js:4213:16)\n    at invokeGuardedCallback (/home/estherfreixo/sd-036-project-recipes-app-ts/node_modules/react-dom/cjs/react-dom.development.js:4277:31)\n    at invokeGuardedCallbackAndCatchFirstError (/home/estherfreixo/sd-036-project-recipes-app-ts/node_modules/react-dom/cjs/react-dom.development.js:4291:25)\nat executeDispatch (/home/estherfreixo/sd-036-project-recipes-app-ts/node_modules/react-dom/cjs/react-dom.development.js:9041:3) TypeError: setSearchInput is not a function\nat handleChange (/home/estherfreixo/sd-036-project-recipes-app-ts/src/components/Header/index.tsx:22:5)\nat HTMLUnknownElement.callCallback (/home/estherfreixo/sd-036-project-recipes-app-ts/node_modules/react-dom/cjs/react-dom.development.js:4164:14)\nat HTMLUnknownElement.callTheUserObjectsOperation (/home/estherfreixo/sd-036-project-recipes-app-ts/node_modules/jsdom/lib/jsdom/living/generated/EventListener.js:26:30)\nat innerInvokeEventListeners (/home/estherfreixo/sd-036-project-recipes-app-ts/node_modules/jsdom/lib/jsdom/living/events/EventTarget-impl.js:350:25)\nat invokeEventListeners (/home/estherfreixo/sd-036-project-recipes-app-ts/node_modules/jsdom/lib/jsdom/living/events/EventTarget-impl.js:286:3)\nat HTMLUnknownElementImpl._dispatch (/home/estherfreixo/sd-036-project-recipes-app-ts/node_modules/jsdom/lib/jsdom/living/events/EventTarget-impl.js:233:9)\nat HTMLUnknownElementImpl.dispatchEvent (/home/estherfreixo/sd-036-project-recipes-app-ts/node_modules/jsdom/lib/jsdom/living/events/EventTarget-impl.js:104:17)\nat HTMLUnknownElement.dispatchEvent (/home/estherfreixo/sd-036-project-recipes-app-ts/node_modules/jsdom/lib/jsdom/living/generated/EventTarget.js:241:34)\nat Object.invokeGuardedCallbackDev (/home/estherfreixo/sd-036-project-recipes-app-ts/node_modules/react-dom/cjs/react-dom.development.js:4213:16)\nat invokeGuardedCallback (/home/estherfreixo/sd-036-project-recipes-app-ts/node_modules/react-dom/cjs/react-dom.development.js:4277:31)\nError: Uncaught [TypeError: setSearchInput is not a function]\n    at reportException (/home/estherfreixo/sd-036-project-recipes-app-ts/node_modules/jsdom/lib/jsdom/living/helpers/runtime-script-errors.js:66:24)\n    at innerInvokeEventListeners (/home/estherfreixo/sd-036-project-recipes-app-ts/node_modules/jsdom/lib/jsdom/living/events/EventTarget-impl.js:353:9)\n    at invokeEventListeners (/home/estherfreixo/sd-036-project-recipes-app-ts/node_modules/jsdom/lib/jsdom/living/events/EventTarget-impl.js:286:3)\n    at HTMLInputElementImpl._dispatch (/home/estherfreixo/sd-036-project-recipes-app-ts/node_modules/jsdom/lib/jsdom/living/events/EventTarget-impl.js:233:9)\n    at HTMLInputElementImpl.dispatchEvent (/home/estherfreixo/sd-036-project-recipes-app-ts/node_modules/jsdom/lib/jsdom/living/events/EventTarget-impl.js:104:17)\n    at HTMLInputElement.dispatchEvent (/home/estherfreixo/sd-036-project-recipes-app-ts/node_modules/jsdom/lib/jsdom/living/generated/EventTarget.js:241:34)\n    at <unknown> (file:///home/estherfreixo/sd-036-project-recipes-app-ts/node_modules/@testing-library/user-event/dist/esm/event/dispatchEvent.js:43:33)\n    at <unknown> (/home/estherfreixo/sd-036-project-recipes-app-ts/node_modules/@testing-library/react/dist/pure.js:79:16)\n    at <unknown> (/home/estherfreixo/sd-036-project-recipes-app-ts/node_modules/@testing-library/react/dist/act-compat.js:64:24)\nat act (/home/estherfreixo/sd-036-project-recipes-app-ts/node_modules/react/cjs/react.development.js:2512:16) TypeError: setSearchInput is not a function\nat handleChange (/home/estherfreixo/sd-036-project-recipes-app-ts/src/components/Header/index.tsx:22:5)\nat HTMLUnknownElement.callCallback (/home/estherfreixo/sd-036-project-recipes-app-ts/node_modules/react-dom/cjs/react-dom.development.js:4164:14)\nat HTMLUnknownElement.callTheUserObjectsOperation (/home/estherfreixo/sd-036-project-recipes-app-ts/node_modules/jsdom/lib/jsdom/living/generated/EventListener.js:26:30)\nat innerInvokeEventListeners (/home/estherfreixo/sd-036-project-recipes-app-ts/node_modules/jsdom/lib/jsdom/living/events/EventTarget-impl.js:350:25)\nat invokeEventListeners (/home/estherfreixo/sd-036-project-recipes-app-ts/node_modules/jsdom/lib/jsdom/living/events/EventTarget-impl.js:286:3)\nat HTMLUnknownElementImpl._dispatch (/home/estherfreixo/sd-036-project-recipes-app-ts/node_modules/jsdom/lib/jsdom/living/events/EventTarget-impl.js:233:9)\nat HTMLUnknownElementImpl.dispatchEvent (/home/estherfreixo/sd-036-project-recipes-app-ts/node_modules/jsdom/lib/jsdom/living/events/EventTarget-impl.js:104:17)\nat HTMLUnknownElement.dispatchEvent (/home/estherfreixo/sd-036-project-recipes-app-ts/node_modules/jsdom/lib/jsdom/living/generated/EventTarget.js:241:34)\nat Object.invokeGuardedCallbackDev (/home/estherfreixo/sd-036-project-recipes-app-ts/node_modules/react-dom/cjs/react-dom.development.js:4213:16)\nat invokeGuardedCallback (/home/estherfreixo/sd-036-project-recipes-app-ts/node_modules/react-dom/cjs/react-dom.development.js:4277:31) {\nstackStr: 'TypeError: setSearchInput is not a function\\n' +\n'    at handleChange (/home/estherfreixo/sd-036-project-recipes-app-ts/src/components/Header/index.tsx:22:5)\\n' +\n'    at HTMLUnknownElement.callCallback (/home/estherfreixo/sd-036-project-recipes-app-ts/node_modules/react-dom/cjs/react-dom.development.js:4164:14)\\n' +\n'    at HTMLUnknownElement.callTheUserObjectsOperation (/home/estherfreixo/sd-036-project-recipes-app-ts/node_modules/jsdom/lib/jsdom/living/generated/EventListener.js:26:30)\\n' +\n'    at innerInvokeEventListeners (/home/estherfreixo/sd-036-project-recipes-app-ts/node_modules/jsdom/lib/jsdom/living/events/EventTarget-impl.js:350:25)\\n' +\n'    at invokeEventListeners (/home/estherfreixo/sd-036-project-recipes-app-ts/node_modules/jsdom/lib/jsdom/living/events/EventTarget-impl.js:286:3)\\n' +\n'    at HTMLUnknownElementImpl._dispatch (/home/estherfreixo/sd-036-project-recipes-app-ts/node_modules/jsdom/lib/jsdom/living/events/EventTarget-impl.js:233:9)\\n' +\n'    at HTMLUnknownElementImpl.dispatchEvent (/home/estherfreixo/sd-036-project-recipes-app-ts/node_modules/jsdom/lib/jsdom/living/events/EventTarget-impl.js:104:17)\\n' +\n'    at HTMLUnknownElement.dispatchEvent (/home/estherfreixo/sd-036-project-recipes-app-ts/node_modules/jsdom/lib/jsdom/living/generated/EventTarget.js:241:34)\\n' +\n'    at Object.invokeGuardedCallbackDev (/home/estherfreixo/sd-036-project-recipes-app-ts/node_modules/react-dom/cjs/react-dom.development.js:4213:16)\\n' +\n'    at invokeGuardedCallback (/home/estherfreixo/sd-036-project-recipes-app-ts/node_modules/react-dom/cjs/react-dom.development.js:4277:31)',\nnameStr: 'TypeError',\nexpected: 'undefined',\nactual: 'undefined'\n}\n\nstderr | src/tests/Header.test.tsx > Teste renderização do Header > Renderiza Botão de busca\nError: Uncaught [TypeError: setSearchInput is not a function]\n    at reportException (/home/estherfreixo/sd-036-project-recipes-app-ts/node_modules/jsdom/lib/jsdom/living/helpers/runtime-script-errors.js:66:24)\n    at innerInvokeEventListeners (/home/estherfreixo/sd-036-project-recipes-app-ts/node_modules/jsdom/lib/jsdom/living/events/EventTarget-impl.js:353:9)\n    at invokeEventListeners (/home/estherfreixo/sd-036-project-recipes-app-ts/node_modules/jsdom/lib/jsdom/living/events/EventTarget-impl.js:286:3)\n    at HTMLUnknownElementImpl._dispatch (/home/estherfreixo/sd-036-project-recipes-app-ts/node_modules/jsdom/lib/jsdom/living/events/EventTarget-impl.js:233:9)\n    at HTMLUnknownElementImpl.dispatchEvent (/home/estherfreixo/sd-036-project-recipes-app-ts/node_modules/jsdom/lib/jsdom/living/events/EventTarget-impl.js:104:17)\n    at HTMLUnknownElement.dispatchEvent (/home/estherfreixo/sd-036-project-recipes-app-ts/node_modules/jsdom/lib/jsdom/living/generated/EventTarget.js:241:34)\n    at Object.invokeGuardedCallbackDev (/home/estherfreixo/sd-036-project-recipes-app-ts/node_modules/react-dom/cjs/react-dom.development.js:4213:16)\n    at invokeGuardedCallback (/home/estherfreixo/sd-036-project-recipes-app-ts/node_modules/react-dom/cjs/react-dom.development.js:4277:31)\n    at invokeGuardedCallbackAndCatchFirstError (/home/estherfreixo/sd-036-project-recipes-app-ts/node_modules/react-dom/cjs/react-dom.development.js:4291:25)\nat executeDispatch (/home/estherfreixo/sd-036-project-recipes-app-ts/node_modules/react-dom/cjs/react-dom.development.js:9041:3) TypeError: setSearchInput is not a function\nat handleChange (/home/estherfreixo/sd-036-project-recipes-app-ts/src/components/Header/index.tsx:22:5)\nat HTMLUnknownElement.callCallback (/home/estherfreixo/sd-036-project-recipes-app-ts/node_modules/react-dom/cjs/react-dom.development.js:4164:14)\nat HTMLUnknownElement.callTheUserObjectsOperation (/home/estherfreixo/sd-036-project-recipes-app-ts/node_modules/jsdom/lib/jsdom/living/generated/EventListener.js:26:30)\nat innerInvokeEventListeners (/home/estherfreixo/sd-036-project-recipes-app-ts/node_modules/jsdom/lib/jsdom/living/events/EventTarget-impl.js:350:25)\nat invokeEventListeners (/home/estherfreixo/sd-036-project-recipes-app-ts/node_modules/jsdom/lib/jsdom/living/events/EventTarget-impl.js:286:3)\nat HTMLUnknownElementImpl._dispatch (/home/estherfreixo/sd-036-project-recipes-app-ts/node_modules/jsdom/lib/jsdom/living/events/EventTarget-impl.js:233:9)\nat HTMLUnknownElementImpl.dispatchEvent (/home/estherfreixo/sd-036-project-recipes-app-ts/node_modules/jsdom/lib/jsdom/living/events/EventTarget-impl.js:104:17)\nat HTMLUnknownElement.dispatchEvent (/home/estherfreixo/sd-036-project-recipes-app-ts/node_modules/jsdom/lib/jsdom/living/generated/EventTarget.js:241:34)\nat Object.invokeGuardedCallbackDev (/home/estherfreixo/sd-036-project-recipes-app-ts/node_modules/react-dom/cjs/react-dom.development.js:4213:16)\nat invokeGuardedCallback (/home/estherfreixo/sd-036-project-recipes-app-ts/node_modules/react-dom/cjs/react-dom.development.js:4277:31)\nError: Uncaught [TypeError: setSearchInput is not a function]\n    at reportException (/home/estherfreixo/sd-036-project-recipes-app-ts/node_modules/jsdom/lib/jsdom/living/helpers/runtime-script-errors.js:66:24)\n    at innerInvokeEventListeners (/home/estherfreixo/sd-036-project-recipes-app-ts/node_modules/jsdom/lib/jsdom/living/events/EventTarget-impl.js:353:9)\n    at invokeEventListeners (/home/estherfreixo/sd-036-project-recipes-app-ts/node_modules/jsdom/lib/jsdom/living/events/EventTarget-impl.js:286:3)\n    at HTMLInputElementImpl._dispatch (/home/estherfreixo/sd-036-project-recipes-app-ts/node_modules/jsdom/lib/jsdom/living/events/EventTarget-impl.js:233:9)\n    at HTMLInputElementImpl.dispatchEvent (/home/estherfreixo/sd-036-project-recipes-app-ts/node_modules/jsdom/lib/jsdom/living/events/EventTarget-impl.js:104:17)\n    at HTMLInputElement.dispatchEvent (/home/estherfreixo/sd-036-project-recipes-app-ts/node_modules/jsdom/lib/jsdom/living/generated/EventTarget.js:241:34)\n    at <unknown> (file:///home/estherfreixo/sd-036-project-recipes-app-ts/node_modules/@testing-library/user-event/dist/esm/event/dispatchEvent.js:43:33)\n    at <unknown> (/home/estherfreixo/sd-036-project-recipes-app-ts/node_modules/@testing-library/react/dist/pure.js:79:16)\n    at <unknown> (/home/estherfreixo/sd-036-project-recipes-app-ts/node_modules/@testing-library/react/dist/act-compat.js:64:24)\nat act (/home/estherfreixo/sd-036-project-recipes-app-ts/node_modules/react/cjs/react.development.js:2512:16) TypeError: setSearchInput is not a function\nat handleChange (/home/estherfreixo/sd-036-project-recipes-app-ts/src/components/Header/index.tsx:22:5)\nat HTMLUnknownElement.callCallback (/home/estherfreixo/sd-036-project-recipes-app-ts/node_modules/react-dom/cjs/react-dom.development.js:4164:14)\nat HTMLUnknownElement.callTheUserObjectsOperation (/home/estherfreixo/sd-036-project-recipes-app-ts/node_modules/jsdom/lib/jsdom/living/generated/EventListener.js:26:30)\nat innerInvokeEventListeners (/home/estherfreixo/sd-036-project-recipes-app-ts/node_modules/jsdom/lib/jsdom/living/events/EventTarget-impl.js:350:25)\nat invokeEventListeners (/home/estherfreixo/sd-036-project-recipes-app-ts/node_modules/jsdom/lib/jsdom/living/events/EventTarget-impl.js:286:3)\nat HTMLUnknownElementImpl._dispatch (/home/estherfreixo/sd-036-project-recipes-app-ts/node_modules/jsdom/lib/jsdom/living/events/EventTarget-impl.js:233:9)\nat HTMLUnknownElementImpl.dispatchEvent (/home/estherfreixo/sd-036-project-recipes-app-ts/node_modules/jsdom/lib/jsdom/living/events/EventTarget-impl.js:104:17)\nat HTMLUnknownElement.dispatchEvent (/home/estherfreixo/sd-036-project-recipes-app-ts/node_modules/jsdom/lib/jsdom/living/generated/EventTarget.js:241:34)\nat Object.invokeGuardedCallbackDev (/home/estherfreixo/sd-036-project-recipes-app-ts/node_modules/react-dom/cjs/react-dom.development.js:4213:16)\nat invokeGuardedCallback (/home/estherfreixo/sd-036-project-recipes-app-ts/node_modules/react-dom/cjs/react-dom.development.js:4277:31) {\nstackStr: 'TypeError: setSearchInput is not a function\\n' +\n'    at handleChange (/home/estherfreixo/sd-036-project-recipes-app-ts/src/components/Header/index.tsx:22:5)\\n' +\n'    at HTMLUnknownElement.callCallback (/home/estherfreixo/sd-036-project-recipes-app-ts/node_modules/react-dom/cjs/react-dom.development.js:4164:14)\\n' +\n'    at HTMLUnknownElement.callTheUserObjectsOperation (/home/estherfreixo/sd-036-project-recipes-app-ts/node_modules/jsdom/lib/jsdom/living/generated/EventListener.js:26:30)\\n' +\n'    at innerInvokeEventListeners (/home/estherfreixo/sd-036-project-recipes-app-ts/node_modules/jsdom/lib/jsdom/living/events/EventTarget-impl.js:350:25)\\n' +\n'    at invokeEventListeners (/home/estherfreixo/sd-036-project-recipes-app-ts/node_modules/jsdom/lib/jsdom/living/events/EventTarget-impl.js:286:3)\\n' +\n'    at HTMLUnknownElementImpl._dispatch (/home/estherfreixo/sd-036-project-recipes-app-ts/node_modules/jsdom/lib/jsdom/living/events/EventTarget-impl.js:233:9)\\n' +\n'    at HTMLUnknownElementImpl.dispatchEvent (/home/estherfreixo/sd-036-project-recipes-app-ts/node_modules/jsdom/lib/jsdom/living/events/EventTarget-impl.js:104:17)\\n' +\n'    at HTMLUnknownElement.dispatchEvent (/home/estherfreixo/sd-036-project-recipes-app-ts/node_modules/jsdom/lib/jsdom/living/generated/EventTarget.js:241:34)\\n' +\n'    at Object.invokeGuardedCallbackDev (/home/estherfreixo/sd-036-project-recipes-app-ts/node_modules/react-dom/cjs/react-dom.development.js:4213:16)\\n' +\n'    at invokeGuardedCallback (/home/estherfreixo/sd-036-project-recipes-app-ts/node_modules/react-dom/cjs/react-dom.development.js:4277:31)',\nnameStr: 'TypeError',\nexpected: 'undefined',\nactual: 'undefined'\n}\n\nstderr | src/tests/Header.test.tsx > Teste renderização do Header > Renderiza Botão de busca\nError: Uncaught [TypeError: setSearchInput is not a function]\n    at reportException (/home/estherfreixo/sd-036-project-recipes-app-ts/node_modules/jsdom/lib/jsdom/living/helpers/runtime-script-errors.js:66:24)\n    at innerInvokeEventListeners (/home/estherfreixo/sd-036-project-recipes-app-ts/node_modules/jsdom/lib/jsdom/living/events/EventTarget-impl.js:353:9)\n    at invokeEventListeners (/home/estherfreixo/sd-036-project-recipes-app-ts/node_modules/jsdom/lib/jsdom/living/events/EventTarget-impl.js:286:3)\n    at HTMLUnknownElementImpl._dispatch (/home/estherfreixo/sd-036-project-recipes-app-ts/node_modules/jsdom/lib/jsdom/living/events/EventTarget-impl.js:233:9)\n    at HTMLUnknownElementImpl.dispatchEvent (/home/estherfreixo/sd-036-project-recipes-app-ts/node_modules/jsdom/lib/jsdom/living/events/EventTarget-impl.js:104:17)\n    at HTMLUnknownElement.dispatchEvent (/home/estherfreixo/sd-036-project-recipes-app-ts/node_modules/jsdom/lib/jsdom/living/generated/EventTarget.js:241:34)\n    at Object.invokeGuardedCallbackDev (/home/estherfreixo/sd-036-project-recipes-app-ts/node_modules/react-dom/cjs/react-dom.development.js:4213:16)\n    at invokeGuardedCallback (/home/estherfreixo/sd-036-project-recipes-app-ts/node_modules/react-dom/cjs/react-dom.development.js:4277:31)\n    at invokeGuardedCallbackAndCatchFirstError (/home/estherfreixo/sd-036-project-recipes-app-ts/node_modules/react-dom/cjs/react-dom.development.js:4291:25)\nat executeDispatch (/home/estherfreixo/sd-036-project-recipes-app-ts/node_modules/react-dom/cjs/react-dom.development.js:9041:3) TypeError: setSearchInput is not a function\nat handleChange (/home/estherfreixo/sd-036-project-recipes-app-ts/src/components/Header/index.tsx:22:5)\nat HTMLUnknownElement.callCallback (/home/estherfreixo/sd-036-project-recipes-app-ts/node_modules/react-dom/cjs/react-dom.development.js:4164:14)\nat HTMLUnknownElement.callTheUserObjectsOperation (/home/estherfreixo/sd-036-project-recipes-app-ts/node_modules/jsdom/lib/jsdom/living/generated/EventListener.js:26:30)\nat innerInvokeEventListeners (/home/estherfreixo/sd-036-project-recipes-app-ts/node_modules/jsdom/lib/jsdom/living/events/EventTarget-impl.js:350:25)\nat invokeEventListeners (/home/estherfreixo/sd-036-project-recipes-app-ts/node_modules/jsdom/lib/jsdom/living/events/EventTarget-impl.js:286:3)\nat HTMLUnknownElementImpl._dispatch (/home/estherfreixo/sd-036-project-recipes-app-ts/node_modules/jsdom/lib/jsdom/living/events/EventTarget-impl.js:233:9)\nat HTMLUnknownElementImpl.dispatchEvent (/home/estherfreixo/sd-036-project-recipes-app-ts/node_modules/jsdom/lib/jsdom/living/events/EventTarget-impl.js:104:17)\nat HTMLUnknownElement.dispatchEvent (/home/estherfreixo/sd-036-project-recipes-app-ts/node_modules/jsdom/lib/jsdom/living/generated/EventTarget.js:241:34)\nat Object.invokeGuardedCallbackDev (/home/estherfreixo/sd-036-project-recipes-app-ts/node_modules/react-dom/cjs/react-dom.development.js:4213:16)\nat invokeGuardedCallback (/home/estherfreixo/sd-036-project-recipes-app-ts/node_modules/react-dom/cjs/react-dom.development.js:4277:31)\nError: Uncaught [TypeError: setSearchInput is not a function]\n    at reportException (/home/estherfreixo/sd-036-project-recipes-app-ts/node_modules/jsdom/lib/jsdom/living/helpers/runtime-script-errors.js:66:24)\n    at innerInvokeEventListeners (/home/estherfreixo/sd-036-project-recipes-app-ts/node_modules/jsdom/lib/jsdom/living/events/EventTarget-impl.js:353:9)\n    at invokeEventListeners (/home/estherfreixo/sd-036-project-recipes-app-ts/node_modules/jsdom/lib/jsdom/living/events/EventTarget-impl.js:286:3)\n    at HTMLInputElementImpl._dispatch (/home/estherfreixo/sd-036-project-recipes-app-ts/node_modules/jsdom/lib/jsdom/living/events/EventTarget-impl.js:233:9)\n    at HTMLInputElementImpl.dispatchEvent (/home/estherfreixo/sd-036-project-recipes-app-ts/node_modules/jsdom/lib/jsdom/living/events/EventTarget-impl.js:104:17)\n    at HTMLInputElement.dispatchEvent (/home/estherfreixo/sd-036-project-recipes-app-ts/node_modules/jsdom/lib/jsdom/living/generated/EventTarget.js:241:34)\n    at <unknown> (file:///home/estherfreixo/sd-036-project-recipes-app-ts/node_modules/@testing-library/user-event/dist/esm/event/dispatchEvent.js:43:33)\n    at <unknown> (/home/estherfreixo/sd-036-project-recipes-app-ts/node_modules/@testing-library/react/dist/pure.js:79:16)\n    at <unknown> (/home/estherfreixo/sd-036-project-recipes-app-ts/node_modules/@testing-library/react/dist/act-compat.js:64:24)\nat act (/home/estherfreixo/sd-036-project-recipes-app-ts/node_modules/react/cjs/react.development.js:2512:16) TypeError: setSearchInput is not a function\nat handleChange (/home/estherfreixo/sd-036-project-recipes-app-ts/src/components/Header/index.tsx:22:5)\nat HTMLUnknownElement.callCallback (/home/estherfreixo/sd-036-project-recipes-app-ts/node_modules/react-dom/cjs/react-dom.development.js:4164:14)\nat HTMLUnknownElement.callTheUserObjectsOperation (/home/estherfreixo/sd-036-project-recipes-app-ts/node_modules/jsdom/lib/jsdom/living/generated/EventListener.js:26:30)\nat innerInvokeEventListeners (/home/estherfreixo/sd-036-project-recipes-app-ts/node_modules/jsdom/lib/jsdom/living/events/EventTarget-impl.js:350:25)\n
[...]
ct-recipes-app-ts/node_modules/react-dom/cjs/react-dom.development.js:4213:16)\nat invokeGuardedCallback (/home/estherfreixo/sd-036-project-recipes-app-ts/node_modules/react-dom/cjs/react-dom.development.js:4277:31) {\nstackStr: 'TypeError: setSearchInput is not a function\\n' +\n'    at handleChange (/home/estherfreixo/sd-036-project-recipes-app-ts/src/components/Header/index.tsx:22:5)\\n' +\n'    at HTMLUnknownElement.callCallback (/home/estherfreixo/sd-036-project-recipes-app-ts/node_modules/react-dom/cjs/react-dom.development.js:4164:14)\\n' +\n'    at HTMLUnknownElement.callTheUserObjectsOperation (/home/estherfreixo/sd-036-project-recipes-app-ts/node_modules/jsdom/lib/jsdom/living/generated/EventListener.js:26:30)\\n' +\n'    at innerInvokeEventListeners (/home/estherfreixo/sd-036-project-recipes-app-ts/node_modules/jsdom/lib/jsdom/living/events/EventTarget-impl.js:350:25)\\n' +\n'    at invokeEventListeners (/home/estherfreixo/sd-036-project-recipes-app-ts/node_modules/jsdom/lib/jsdom/living/events/EventTarget-impl.js:286:3)\\n' +\n'    at HTMLUnknownElementImpl._dispatch (/home/estherfreixo/sd-036-project-recipes-app-ts/node_modules/jsdom/lib/jsdom/living/events/EventTarget-impl.js:233:9)\\n' +\n'    at HTMLUnknownElementImpl.dispatchEvent (/home/estherfreixo/sd-036-project-recipes-app-ts/node_modules/jsdom/lib/jsdom/living/events/EventTarget-impl.js:104:17)\\n' +\n'    at HTMLUnknownElement.dispatchEvent (/home/estherfreixo/sd-036-project-recipes-app-ts/node_modules/jsdom/lib/jsdom/living/generated/EventTarget.js:241:34)\\n' +\n'    at Object.invokeGuardedCallbackDev (/home/estherfreixo/sd-036-project-recipes-app-ts/node_modules/react-dom/cjs/react-dom.development.js:4213:16)\\n' +\n'    at invokeGuardedCallback (/home/estherfreixo/sd-036-project-recipes-app-ts/node_modules/react-dom/cjs/react-dom.development.js:4277:31)',\nnameStr: 'TypeError',\nexpected: 'undefined',\nactual: 'undefined'\n}\n\nstderr | src/tests/Header.test.tsx > Teste renderização do Header > Renderiza Botão de busca\nError: Uncaught [TypeError: setSearchInput is not a function]\n    at reportException (/home/estherfreixo/sd-036-project-recipes-app-ts/node_modules/jsdom/lib/jsdom/living/helpers/runtime-script-errors.js:66:24)\n    at innerInvokeEventListeners (/home/estherfreixo/sd-036-project-recipes-app-ts/node_modules/jsdom/lib/jsdom/living/events/EventTarget-impl.js:353:9)\n    at invokeEventListeners (/home/estherfreixo/sd-036-project-recipes-app-ts/node_modules/jsdom/lib/jsdom/living/events/EventTarget-impl.js:286:3)\n    at HTMLUnknownElementImpl._dispatch (/home/estherfreixo/sd-036-project-recipes-app-ts/node_modules/jsdom/lib/jsdom/living/events/EventTarget-impl.js:233:9)\n    at HTMLUnknownElementImpl.dispatchEvent (/home/estherfreixo/sd-036-project-recipes-app-ts/node_modules/jsdom/lib/jsdom/living/events/EventTarget-impl.js:104:17)\n    at HTMLUnknownElement.dispatchEvent (/home/estherfreixo/sd-036-project-recipes-app-ts/node_modules/jsdom/lib/jsdom/living/generated/EventTarget.js:241:34)\n    at Object.invokeGuardedCallbackDev (/home/estherfreixo/sd-036-project-recipes-app-ts/node_modules/react-dom/cjs/react-dom.development.js:4213:16)\n    at invokeGuardedCallback (/home/estherfreixo/sd-036-project-recipes-app-ts/node_modules/react-dom/cjs/react-dom.development.js:4277:31)\n    at invokeGuardedCallbackAndCatchFirstError (/home/estherfreixo/sd-036-project-recipes-app-ts/node_modules/react-dom/cjs/react-dom.development.js:4291:25)\nat executeDispatch (/home/estherfreixo/sd-036-project-recipes-app-ts/node_modules/react-dom/cjs/react-dom.development.js:9041:3) TypeError: setSearchInput is not a function\nat handleChange (/home/estherfreixo/sd-036-project-recipes-app-ts/src/components/Header/index.tsx:22:5)\nat HTMLUnknownElement.callCallback (/home/estherfreixo/sd-036-project-recipes-app-ts/node_modules/react-dom/cjs/react-dom.development.js:4164:14)\nat HTMLUnknownElement.callTheUserObjectsOperation (/home/estherfreixo/sd-036-project-recipes-app-ts/node_modules/jsdom/lib/jsdom/living/generated/EventListener.js:26:30)\nat innerInvokeEventListeners (/home/estherfreixo/sd-036-project-recipes-app-ts/node_modules/jsdom/lib/jsdom/living/events/EventTarget-impl.js:350:25)\nat invokeEventListeners (/home/estherfreixo/sd-036-project-recipes-app-ts/node_modules/jsdom/lib/jsdom/living/events/EventTarget-impl.js:286:3)\nat HTMLUnknownElementImpl._dispatch (/home/estherfreixo/sd-036-project-recipes-app-ts/node_modules/jsdom/lib/jsdom/living/events/EventTarget-impl.js:233:9)\nat HTMLUnknownElementImpl.dispatchEvent (/home/estherfreixo/sd-036-project-recipes-app-ts/node_modules/jsdom/lib/jsdom/living/events/EventTarget-impl.js:104:17)\nat HTMLUnknownElement.dispatchEvent (/home/estherfreixo/sd-036-project-recipes-app-ts/node_modules/jsdom/lib/jsdom/living/generated/EventTarget.js:241:34)\nat Object.invokeGuardedCallbackDev (/home/estherfreixo/sd-036-project-recipes-app-ts/node_modules/react-dom/cjs/react-dom.development.js:4213:16)\nat invokeGuardedCallback (/home/estherfreixo/sd-036-project-recipes-app-ts/node_modules/react-dom/cjs/react-dom.development.js:4277:31)\nError: Uncaught [TypeError: setSearchInput is not a function]\n    at reportException (/home/estherfreixo/sd-036-project-recipes-app-ts/node_modules/jsdom/lib/jsdom/living/helpers/runtime-script-errors.js:66:24)\n    at innerInvokeEventListeners (/home/estherfreixo/sd-036-project-recipes-app-ts/node_modules/jsdom/lib/jsdom/living/events/EventTarget-impl.js:353:9)\n    at invokeEventListeners (/home/estherfreixo/sd-036-project-recipes-app-ts/node_modules/jsdom/lib/jsdom/living/events/EventTarget-impl.js:286:3)\n    at HTMLInputElementImpl._dispatch (/home/estherfreixo/sd-036-project-recipes-app-ts/node_modules/jsdom/lib/jsdom/living/events/EventTarget-impl.js:233:9)\n    at HTMLInputElementImpl.dispatchEvent (/home/estherfreixo/sd-036-project-recipes-app-ts/node_modules/jsdom/lib/jsdom/living/events/EventTarget-impl.js:104:17)\n    at HTMLInputElement.dispatchEvent (/home/estherfreixo/sd-036-project-recipes-app-ts/node_modules/jsdom/lib/jsdom/living/generated/EventTarget.js:241:34)\n    at <unknown> (file:///home/estherfreixo/sd-036-project-recipes-app-ts/node_modules/@testing-library/user-event/dist/esm/event/dispatchEvent.js:43:33)\n    at <unknown> (/home/estherfreixo/sd-036-project-recipes-app-ts/node_modules/@testing-library/react/dist/pure.js:79:16)\n    at <unknown> (/home/estherfreixo/sd-036-project-recipes-app-ts/node_modules/@testing-library/react/dist/act-compat.js:64:24)\nat act (/home/estherfreixo/sd-036-project-recipes-app-ts/node_modules/react/cjs/react.development.js:2512:16) TypeError: setSearchInput is not a function\nat handleChange (/home/estherfreixo/sd-036-project-recipes-app-ts/src/components/Header/index.tsx:22:5)\nat HTMLUnknownElement.callCallback (/home/estherfreixo/sd-036-project-recipes-app-ts/node_modules/react-dom/cjs/react-dom.development.js:4164:14)\nat HTMLUnknownElement.callTheUserObjectsOperation (/home/estherfreixo/sd-036-project-recipes-app-ts/node_modules/jsdom/lib/jsdom/living/generated/EventListener.js:26:30)\nat innerInvokeEventListeners (/home/estherfreixo/sd-036-project-recipes-app-ts/node_modules/jsdom/lib/jsdom/living/events/EventTarget-impl.js:350:25)\nat invokeEventListeners (/home/estherfreixo/sd-036-project-recipes-app-ts/node_modules/jsdom/lib/jsdom/living/events/EventTarget-impl.js:286:3)\nat HTMLUnknownElementImpl._dispatch (/home/estherfreixo/sd-036-project-recipes-app-ts/node_modules/jsdom/lib/jsdom/living/events/EventTarget-impl.js:233:9)\nat HTMLUnknownElementImpl.dispatchEvent (/home/estherfreixo/sd-036-project-recipes-app-ts/node_modules/jsdom/lib/jsdom/living/events/EventTarget-impl.js:104:17)\nat HTMLUnknownElement.dispatchEvent (/home/estherfreixo/sd-036-project-recipes-app-ts/node_modules/jsdom/lib/jsdom/living/generated/EventTarget.js:241:34)\nat Object.invokeGuardedCallbackDev (/home/estherfreixo/sd-036-project-recipes-app-ts/node_modules/react-dom/cjs/react-dom.development.js:4213:16)\nat invokeGuardedCallback (/home/estherfreixo/sd-036-project-recipes-app-ts/node_modules/react-dom/cjs/react-dom.development.js:4277:31) {\nstackStr: 'TypeError: setSearchInput is not a function\\n' +\n'    at handleChange (/home/estherfreixo/sd-036-project-recipes-app-ts/src/components/Header/index.tsx:22:5)\\n' +\n'    at HTMLUnknownElement.callCallback (/home/estherfreixo/sd-036-project-recipes-app-ts/node_modules/react-dom/cjs/react-dom.development.js:4164:14)\\n' +\n'    at HTMLUnknownElement.callTheUserObjectsOperation (/home/estherfreixo/sd-036-project-recipes-app-ts/node_modules/jsdom/lib/jsdom/living/generated/EventListener.js:26:30)\\n' +\n'    at innerInvokeEventListeners (/home/estherfreixo/sd-036-project-recipes-app-ts/node_modules/jsdom/lib/jsdom/living/events/EventTarget-impl.js:350:25)\\n' +\n'    at invokeEventListeners (/home/estherfreixo/sd-036-project-recipes-app-ts/node_modules/jsdom/lib/jsdom/living/events/EventTarget-impl.js:286:3)\\n' +\n'    at HTMLUnknownElementImpl._dispatch (/home/estherfreixo/sd-036-project-recipes-app-ts/node_modules/jsdom/lib/jsdom/living/events/EventTarget-impl.js:233:9)\\n' +\n'    at HTMLUnknownElementImpl.dispatchEvent (/home/estherfreixo/sd-036-project-recipes-app-ts/node_modules/jsdom/lib/jsdom/living/events/EventTarget-impl.js:104:17)\\n' +\n'    at HTMLUnknownElement.dispatchEvent (/home/estherfreixo/sd-036-project-recipes-app-ts/node_modules/jsdom/lib/jsdom/living/generated/EventTarget.js:241:34)\\n' +\n'    at Object.invokeGuardedCallbackDev (/home/estherfreixo/sd-036-project-recipes-app-ts/node_modules/react-dom/cjs/react-dom.development.js:4213:16)\\n' +\n'    at invokeGuardedCallback (/home/estherfreixo/sd-036-project-recipes-app-ts/node_modules/react-dom/cjs/react-dom.development.js:4277:31)',\nnameStr: 'TypeError',\nexpected: 'undefined',\nactual: 'undefined'\n}\n\n\n⎯⎯⎯⎯⎯ Uncaught Exception ⎯⎯⎯⎯⎯\nTypeError: setSearchInput is not a function\n ❯ handleChange src/components/Header/index.tsx:22:5\n     20|   // Captura o input digitado e atualiza no estado global SearchProvid…\n 21|   const handleChange = (e:any) => {\n 22|     setSearchInput(e.target.value);\n   |     ^\n 23|   };\n 24| \n ❯ HTMLUnknownElement.callCallback node_modules/react-dom/cjs/react-dom.development.js:4164:14\n ❯ HTMLUnknownElement.callTheUserObjectsOperation node_modules/jsdom/lib/jsdom/living/generated/EventListener.js:26:30\n ❯ innerInvokeEventListeners node_modules/jsdom/lib/jsdom/living/events/EventTarget-impl.js:350:25\n ❯ invokeEventListeners node_modules/jsdom/lib/jsdom/living/events/EventTarget-impl.js:286:3\n ❯ HTMLUnknownElementImpl._dispatch node_modules/jsdom/lib/jsdom/living/events/EventTarget-impl.js:233:9\n ❯ HTMLUnknownElementImpl.dispatchEvent node_modules/jsdom/lib/jsdom/living/events/EventTarget-impl.js:104:17\n ❯ HTMLUnknownElement.dispatchEvent node_modules/jsdom/lib/jsdom/living/generated/EventTarget.js:241:34\n ❯ Object.invokeGuardedCallbackDev node_modules/react-dom/cjs/react-dom.development.js:4213:16\n ❯ invokeGuardedCallback node_modules/react-dom/cjs/react-dom.development.js:4277:31\n\nThis error originated in \"src/tests/Header.test.tsx\" test file. It doesn't mean the error was thrown inside the file itself, but while it was running.\nThe latest test that might've caused the error is \"Renderiza Botão de busca\". It might mean one of the following:\n- The error was thrown, while Vitest was running this test.\n- This was the last recorded test before the error was thrown, if error originated after test finished its execution.\n\n⎯⎯⎯⎯⎯ Uncaught Exception ⎯⎯⎯⎯⎯\nTypeError: setSearchInput is not a function\n ❯ handleChange src/components/Header/index.tsx:22:5\n     20|   // Captura o input digitado e atualiza no estado global SearchProvid…\n 21|   const handleChange = (e:any) => {\n 22|     setSearchInput(e.target.value);\n   |     ^\n 23|   };\n 24| \n ❯ HTMLUnknownElement.callCallback node_modules/react-dom/cjs/react-dom.development.js:4164:14\n ❯ HTMLUnknownElement.callTheUserObjectsOperation node_modules/jsdom/lib/jsdom/living/generated/EventListener.js:26:30\n ❯ innerInvokeEventListeners node_modules/jsdom/lib/jsdom/living/events/EventTarget-impl.js:350:25\n ❯ invokeEventListeners node_modules/jsdom/lib/jsdom/living/events/EventTarget-impl.js:286:3\n ❯ HTMLUnknownElementImpl._dispatch node_modules/jsdom/lib/jsdom/living/events/EventTarget-impl.js:233:9\n ❯ HTMLUnknownElementImpl.dispatchEvent node_modules/jsdom/lib/jsdom/living/events/EventTarget-impl.js:104:17\n ❯ HTMLUnknownElement.dispatchEvent node_modules/jsdom/lib/jsdom/living/generated/EventTarget.js:241:34\n ❯ Object.invokeGuardedCallbackDev node_modules/react-dom/cjs/react-dom.development.js:4213:16\n ❯ invokeGuardedCallback node_modules/react-dom/cjs/react-dom.development.js:4277:31\n\nThis error originated in \"src/tests/Header.test.tsx\" test file. It doesn't mean the error was thrown inside the file itself, but while it was running.\nThe latest test that might've caused the error is \"Renderiza Botão de busca\". It might mean one of the following:\n- The error was thrown, while Vitest was running this test.\n- This was the last recorded test before the error was thrown, if error originated after test finished its execution.\n\n⎯⎯⎯⎯⎯ Uncaught Exception ⎯⎯⎯⎯⎯\nTypeError: setSearchInput is not a function\n ❯ handleChange src/components/Header/index.tsx:22:5\n     20|   // Captura o input digitado e atualiza no estado global SearchProvid…\n 21|   const handleChange = (e:any) => {\n 22|     setSearchInput(e.target.value);\n   |     ^\n 23|   };\n 24| \n ❯ HTMLUnknownElement.callCallback node_modules/react-dom/cjs/react-dom.development.js:4164:14\n ❯ HTMLUnknownElement.callTheUserObjectsOperation node_modules/jsdom/lib/jsdom/living/generated/EventListener.js:26:30\n ❯ innerInvokeEventListeners node_modules/jsdom/lib/jsdom/living/events/EventTarget-impl.js:350:25\n ❯ invokeEventListeners node_modules/jsdom/lib/jsdom/living/events/EventTarget-impl.js:286:3\n ❯ HTMLUnknownElementImpl._dispatch node_modules/jsdom/lib/jsdom/living/events/EventTarget-impl.js:233:9\n ❯ HTMLUnknownElementImpl.dispatchEvent node_modules/jsdom/lib/jsdom/living/events/EventTarget-impl.js:104:17\n ❯ HTMLUnknownElement.dispatchEvent node_modules/jsdom/lib/jsdom/living/generated/EventTarget.js:241:34\n ❯ Object.invokeGuardedCallbackDev node_modules/react-dom/cjs/react-dom.development.js:4213:16\n ❯ invokeGuardedCallback node_modules/react-dom/cjs/react-dom.development.js:4277:31\n\nThis error originated in \"src/tests/Header.test.tsx\" test file. It doesn't mean the error was thrown inside the file itself, but while it was running.\nThe latest test that might've caused the error is \"Renderiza Botão de busca\". It might mean one of the following:\n- The error was thrown, while Vitest was running this test.\n- This was the last recorded test before the error was thrown, if error originated after test finished its execution.\n\n⎯⎯⎯⎯⎯ Uncaught Exception ⎯⎯⎯⎯⎯\nTypeError: setSearchInput is not a function\n ❯ handleChange src/components/Header/index.tsx:22:5\n     20|   // Captura o input digitado e atualiza no estado global SearchProvid…\n 21|   const handleChange = (e:any) => {\n 22|     setSearchInput(e.target.value);\n   |     ^\n 23|   };\n 24| \n ❯ HTMLUnknownElement.callCallback node_modules/react-dom/cjs/react-dom.development.js:4164:14\n ❯ HTMLUnknownElement.callTheUserObjectsOperation node_modules/jsdom/lib/jsdom/living/generated/EventListener.js:26:30\n ❯ innerInvokeEventListeners node_modules/jsdom/lib/jsdom/living/events/EventTarget-impl.js:350:25\n ❯ invokeEventListeners node_modules/jsdom/lib/jsdom/living/events/EventTarget-impl.js:286:3\n ❯ HTMLUnknownElementImpl._dispatch node_modules/jsdom/lib/jsdom/living/events/EventTarget-impl.js:233:9\n ❯ HTMLUnknownElementImpl.dispatchEvent node_modules/jsdom/lib/jsdom/living/events/EventTarget-impl.js:104:17\n ❯ HTMLUnknownElement.dispatchEvent node_modules/jsdom/lib/jsdom/living/generated/EventTarget.js:241:34\n ❯ Object.invokeGuardedCallbackDev node_modules/react-dom/cjs/react-dom.development.js:4213:16\n ❯ invokeGuardedCallback node_modules/react-dom/cjs/react-dom.development.js:4277:31\n\nThis error originated in \"src/tests/Header.test.tsx\" test file. It doesn't mean the error was thrown inside the file itself, but while it was running.\nThe latest test that might've caused the error is \"Renderiza Botão de busca\". It might mean one of the following:\n- The error was thrown, while Vitest was running this test.\n- This was the last recorded test before the error was thrown, if error originated after test finished its execution.\n\n⎯⎯⎯⎯⎯ Uncaught Exception ⎯⎯⎯⎯⎯\nTypeError: setSearchInput is not a function\n ❯ handleChange src/components/Header/index.tsx:22:5\n     20|   // Captura o input digitado e atualiza no estado global SearchProvid…\n 21|   const handleChange = (e:any) => {\n 22|     setSearchInput(e.target.value);\n   |     ^\n 23|   };\n 24| \n ❯ HTMLUnknownElement.callCallback node_modules/react-dom/cjs/react-dom.development.js:4164:14\n ❯ HTMLUnknownElement.callTheUserObjectsOperation node_modules/jsdom/lib/jsdom/living/generated/EventListener.js:26:30\n ❯ innerInvokeEventListeners node_modules/jsdom/lib/jsdom/living/events/EventTarget-impl.js:350:25\n ❯ invokeEventListeners node_modules/jsdom/lib/jsdom/living/events/EventTarget-impl.js:286:3\n ❯ HTMLUnknownElementImpl._dispatch node_modules/jsdom/lib/jsdom/living/events/EventTarget-impl.js:233:9\n ❯ HTMLUnknownElementImpl.dispatchEvent node_modules/jsdom/lib/jsdom/living/events/EventTarget-impl.js:104:17\n ❯ HTMLUnknownElement.dispatchEvent node_modules/jsdom/lib/jsdom/living/generated/EventTarget.js:241:34\n ❯ Object.invokeGuardedCallbackDev node_modules/react-dom/cjs/react-dom.development.js:4213:16\n ❯ invokeGuardedCallback node_modules/react-dom/cjs/react-dom.development.js:4277:31\n\nThis error originated in \"src/tests/Header.test.tsx\" test file. It doesn't mean the error was thrown inside the file itself, but while it was running.\nThe latest test that might've caused the error is \"Renderiza Botão de busca\". It might mean one of the following:\n- The error was thrown, while Vitest was running this test.\n- This was the last recorded test before the error was thrown, if error originated after test finished its execution.\n\n    at ChildProcess.exithandler (node:child_process:419:12)\n    at ChildProcess.emit (node:events:514:28)\n    at ChildProcess.emit (node:domain:489:12)\n    at maybeClose (node:internal/child_process:1091:16)\n    at Process.ChildProcess._handle.onexit (node:internal/child_process:302:5)",
                "diff": null
              },
              "uuid": "f86413fd-9dda-4b77-8555-281d20ceceb2",
              "parentUUID": "387d08c7-7054-44fc-b5fc-1bf57870d945",
              "isHook": false,
              "skipped": false
            }
          ],
          "suites": [],
          "passes": [],
          "failures": [
            "f86413fd-9dda-4b77-8555-281d20ceceb2"
          ],
          "pending": [],
          "skipped": [],
          "duration": 4047,
          "root": false,
          "rootEmpty": false,
          "_timeout": 2000
        }
      ],
      "passes": [],
      "failures": [],
      "pending": [],
      "skipped": [],
      "duration": 0,
      "root": true,
      "rootEmpty": true,
      "_timeout": 2000
    }
  ],
  "meta": {
    "mocha": {
      "version": "7.0.1"
    },
    "mochawesome": {
      "options": {
        "quiet": false,
        "reportFilename": "mochawesome",
        "saveHtml": false,
        "saveJson": true,
        "consoleReporter": "spec",
        "useInlineDiffs": false,
        "code": true
      },
      "version": "7.1.3"
    },
    "marge": {
      "options": {
        "id": "default",
        "reportDir": "cypress/reports",
        "overwrite": false,
        "html": false,
        "json": true
      },
      "version": "6.2.0"
    }
  }
}